Log file open, 04/05/18 18:24:54
LogWindows: Failed to load 'aqProf.dll' (GetLastError=126)
LogWindows: File 'aqProf.dll' does not exist
LogWindows: Failed to load 'VSPerf140.dll' (GetLastError=126)
LogWindows: File 'VSPerf140.dll' does not exist
LogWindows: Failed to load 'VtuneApi.dll' (GetLastError=126)
LogWindows: File 'VtuneApi.dll' does not exist
LogWindows: Failed to load 'VtuneApi32e.dll' (GetLastError=126)
LogWindows: File 'VtuneApi32e.dll' does not exist
LogInit: Display: Running engine for game: GameProject
LogPlatformFile: Not using cached read wrapper
LogInit: Display: RandInit(-1388177707) SRandInit(-1388177707).
LogInit: Read version file with build ID '3944462'
LogInit: Overriding engine version to CL 3944462, compatible CL 3944462
LogInit: Registered custom module enumerator with build ID '3944462'
LogTaskGraph: Started task graph with 5 named threads and 11 total threads with 3 sets of task threads.
LogStats: Stats thread started at 39.108776
LogD3D11RHI: Aftermath initialized
LogICUInternationalization: Display: ICU TimeZone Detection - Raw Offset: +3:00, Platform Override: ''
LogModuleManager: Display: Found up-to-date module file ../../../Engine/Plugins/2D/Paper2D/Binaries/Win64/UE4Editor-Paper2D.dll (API version 3944462).
LogModuleManager: Display: Found up-to-date module file ../../../Engine/Plugins/2D/Paper2D/Binaries/Win64/UE4Editor-Paper2DEditor.dll (API version 3944462).
LogModuleManager: Display: Found up-to-date module file ../../../Engine/Plugins/2D/Paper2D/Binaries/Win64/UE4Editor-PaperSpriteSheetImporter.dll (API version 3944462).
LogModuleManager: Display: Found up-to-date module file ../../../Engine/Plugins/2D/Paper2D/Binaries/Win64/UE4Editor-PaperTiledImporter.dll (API version 3944462).
LogModuleManager: Display: Found up-to-date module file ../../../Engine/Plugins/2D/Paper2D/Binaries/Win64/UE4Editor-SmartSnapping.dll (API version 3944462).
LogModuleManager: Display: Found up-to-date module file ../../../Engine/Plugins/Blendables/LightPropagationVolume/Binaries/Win64/UE4Editor-LightPropagationVolumeRuntime.dll (API version 3944462).
LogModuleManager: Display: Found up-to-date module file ../../../Engine/Plugins/Blendables/LightPropagationVolume/Binaries/Win64/UE4Editor-LightPropagationVolumeEditor.dll (API version 3944462).
LogModuleManager: Display: Found up-to-date module file ../../../Engine/Plugins/Developer/CLionSourceCodeAccess/Binaries/Win64/UE4Editor-CLionSourceCodeAccess.dll (API version 3944462).
LogModuleManager: Display: Found up-to-date module file ../../../Engine/Plugins/Developer/GitSourceControl/Binaries/Win64/UE4Editor-GitSourceControl.dll (API version 3944462).
LogModuleManager: Display: Found up-to-date module file ../../../Engine/Plugins/Developer/PerforceSourceControl/Binaries/Win64/UE4Editor-PerforceSourceControl.dll (API version 3944462).
LogModuleManager: Display: Found up-to-date module file ../../../Engine/Plugins/Developer/SubversionSourceControl/Binaries/Win64/UE4Editor-SubversionSourceControl.dll (API version 3944462).
LogModuleManager: Display: Found up-to-date module file ../../../Engine/Plugins/Developer/UObjectPlugin/Binaries/Win64/UE4Editor-UObjectPlugin.dll (API version 3944462).
LogModuleManager: Display: Found up-to-date module file ../../../Engine/Plugins/Developer/VisualStudioCodeSourceCodeAccess/Binaries/Win64/UE4Editor-VisualStudioCodeSourceCodeAccess.dll (API version 3944462).
LogModuleManager: Display: Found up-to-date module file ../../../Engine/Plugins/Developer/VisualStudioSourceCodeAccess/Binaries/Win64/UE4Editor-VisualStudioSourceCodeAccess.dll (API version 3944462).
LogModuleManager: Display: Found up-to-date module file ../../../Engine/Plugins/Editor/AssetManagerEditor/Binaries/Win64/UE4Editor-AssetManagerEditor.dll (API version 3944462).
LogModuleManager: Display: Found up-to-date module file ../../../Engine/Plugins/Editor/CryptoKeys/Binaries/Win64/UE4Editor-CryptoKeys.dll (API version 3944462).
LogModuleManager: Display: Found up-to-date module file ../../../Engine/Plugins/Editor/CryptoKeys/Binaries/Win64/UE4Editor-CryptoKeysOpenSSL.dll (API version 3944462).
LogModuleManager: Display: Found up-to-date module file ../../../Engine/Plugins/Editor/DataValidation/Binaries/Win64/UE4Editor-DataValidation.dll (API version 3944462).
LogModuleManager: Display: Found up-to-date module file ../../../Engine/Plugins/Editor/FacialAnimation/Binaries/Win64/UE4Editor-FacialAnimation.dll (API version 3944462).
LogModuleManager: Display: Found up-to-date module file ../../../Engine/Plugins/Editor/FacialAnimation/Binaries/Win64/UE4Editor-FacialAnimationEditor.dll (API version 3944462).
LogModuleManager: Display: Found up-to-date module file ../../../Engine/Plugins/Editor/GameplayTagsEditor/Binaries/Win64/UE4Editor-GameplayTagsEditor.dll (API version 3944462).
LogModuleManager: Display: Found up-to-date module file ../../../Engine/Plugins/Editor/MobileLauncherProfileWizard/Binaries/Win64/UE4Editor-MobileLauncherProfileWizard.dll (API version 3944462).
LogModuleManager: Display: Found up-to-date module file ../../../Engine/Plugins/Editor/PluginBrowser/Binaries/Win64/UE4Editor-PluginBrowser.dll (API version 3944462).
LogModuleManager: Display: Found up-to-date module file ../../../Engine/Plugins/Editor/SpeedTreeImporter/Binaries/Win64/UE4Editor-SpeedTreeImporter.dll (API version 3944462).
LogModuleManager: Display: Found up-to-date module file ../../../Engine/Plugins/Enterprise/DatasmithContent/Binaries/Win64/UE4Editor-DatasmithContent.dll (API version 3944462).
LogModuleManager: Display: Found up-to-date module file ../../../Engine/Plugins/Experimental/AlembicImporter/Binaries/Win64/UE4Editor-AlembicImporter.dll (API version 3944462).
LogModuleManager: Display: Found up-to-date module file ../../../Engine/Plugins/Experimental/AlembicImporter/Binaries/Win64/UE4Editor-AlembicLibrary.dll (API version 3944462).
LogModuleManager: Display: Found up-to-date module file ../../../Engine/Plugins/Experimental/CharacterAI/Binaries/Win64/UE4Editor-CharacterAI.dll (API version 3944462).
LogModuleManager: Display: Found up-to-date module file ../../../Engine/Plugins/Experimental/HTML5Networking/Binaries/Win64/UE4Editor-HTML5Networking.dll (API version 3944462).
LogModuleManager: Display: Found up-to-date module file ../../../Engine/Plugins/Media/AndroidMedia/Binaries/Win64/UE4Editor-AndroidMediaEditor.dll (API version 3944462).
LogModuleManager: Display: Found up-to-date module file ../../../Engine/Plugins/Media/AndroidMedia/Binaries/Win64/UE4Editor-AndroidMediaFactory.dll (API version 3944462).
LogModuleManager: Display: Found up-to-date module file ../../../Engine/Plugins/Media/AvfMedia/Binaries/Win64/UE4Editor-AvfMediaEditor.dll (API version 3944462).
LogModuleManager: Display: Found up-to-date module file ../../../Engine/Plugins/Media/AvfMedia/Binaries/Win64/UE4Editor-AvfMediaFactory.dll (API version 3944462).
LogModuleManager: Display: Found up-to-date module file ../../../Engine/Plugins/Media/AvfMedia/Binaries/Win64/UE4Editor-AvfMediaFactory.dll (API version 3944462).
LogModuleManager: Display: Found up-to-date module file ../../../Engine/Plugins/Media/ImgMedia/Binaries/Win64/UE4Editor-ImgMedia.dll (API version 3944462).
LogModuleManager: Display: Found up-to-date module file ../../../Engine/Plugins/Media/ImgMedia/Binaries/Win64/UE4Editor-ImgMediaEditor.dll (API version 3944462).
LogModuleManager: Display: Found up-to-date module file ../../../Engine/Plugins/Media/ImgMedia/Binaries/Win64/UE4Editor-ImgMediaFactory.dll (API version 3944462).
LogModuleManager: Display: Found up-to-date module file ../../../Engine/Plugins/Media/ImgMedia/Binaries/Win64/UE4Editor-ImgMediaFactory.dll (API version 3944462).
LogModuleManager: Display: Found up-to-date module file ../../../Engine/Plugins/Media/ImgMedia/Binaries/Win64/UE4Editor-OpenExrWrapper.dll (API version 3944462).
LogModuleManager: Display: Found up-to-date module file ../../../Engine/Plugins/Media/LinearTimecode/Binaries/Win64/UE4Editor-LinearTimecode.dll (API version 3944462).
LogModuleManager: Display: Found up-to-date module file ../../../Engine/Plugins/Media/MediaCompositing/Binaries/Win64/UE4Editor-MediaCompositing.dll (API version 3944462).
LogModuleManager: Display: Found up-to-date module file ../../../Engine/Plugins/Media/MediaCompositing/Binaries/Win64/UE4Editor-MediaCompositingEditor.dll (API version 3944462).
LogModuleManager: Display: Found up-to-date module file ../../../Engine/Plugins/Media/MediaPlayerEditor/Binaries/Win64/UE4Editor-MediaPlayerEditor.dll (API version 3944462).
LogModuleManager: Display: Found up-to-date module file ../../../Engine/Plugins/Media/WmfMedia/Binaries/Win64/UE4Editor-WmfMedia.dll (API version 3944462).
LogModuleManager: Display: Found up-to-date module file ../../../Engine/Plugins/Media/WmfMedia/Binaries/Win64/UE4Editor-WmfMediaEditor.dll (API version 3944462).
LogModuleManager: Display: Found up-to-date module file ../../../Engine/Plugins/Media/WmfMedia/Binaries/Win64/UE4Editor-WmfMediaFactory.dll (API version 3944462).
LogModuleManager: Display: Found up-to-date module file ../../../Engine/Plugins/Media/WmfMedia/Binaries/Win64/UE4Editor-WmfMediaFactory.dll (API version 3944462).
LogModuleManager: Display: Found up-to-date module file ../../../Engine/Plugins/Messaging/TcpMessaging/Binaries/Win64/UE4Editor-TcpMessaging.dll (API version 3944462).
LogModuleManager: Display: Found up-to-date module file ../../../Engine/Plugins/Messaging/UdpMessaging/Binaries/Win64/UE4Editor-UdpMessaging.dll (API version 3944462).
LogModuleManager: Display: Found up-to-date module file ../../../Engine/Plugins/MovieScene/ActorSequence/Binaries/Win64/UE4Editor-ActorSequence.dll (API version 3944462).
LogModuleManager: Display: Found up-to-date module file ../../../Engine/Plugins/MovieScene/LevelSequenceEditor/Binaries/Win64/UE4Editor-LevelSequenceEditor.dll (API version 3944462).
LogModuleManager: Display: Found up-to-date module file ../../../Engine/Plugins/MovieScene/MatineeToLevelSequence/Binaries/Win64/UE4Editor-MatineeToLevelSequence.dll (API version 3944462).
LogModuleManager: Display: Found up-to-date module file ../../../Engine/Plugins/NetcodeUnitTest/NetcodeUnitTest/Binaries/Win64/UE4Editor-NetcodeUnitTest.dll (API version 3944462).
LogModuleManager: Display: Found up-to-date module file ../../../Engine/Plugins/NetcodeUnitTest/NUTUnrealEngine4/Binaries/Win64/UE4Editor-NUTUnrealEngine4.dll (API version 3944462).
LogModuleManager: Display: Found up-to-date module file ../../../Engine/Plugins/Online/OnlineSubsystem/Binaries/Win64/UE4Editor-OnlineSubsystem.dll (API version 3944462).
LogModuleManager: Display: Found up-to-date module file ../../../Engine/Plugins/Runtime/AndroidPermission/Binaries/Win64/UE4Editor-AndroidPermission.dll (API version 3944462).
LogModuleManager: Display: Found up-to-date module file ../../../Engine/Plugins/Online/OnlineSubsystemNull/Binaries/Win64/UE4Editor-OnlineSubsystemNull.dll (API version 3944462).
LogModuleManager: Display: Found up-to-date module file ../../../Engine/Plugins/Online/OnlineSubsystemUtils/Binaries/Win64/UE4Editor-OnlineSubsystemUtils.dll (API version 3944462).
LogModuleManager: Display: Found up-to-date module file ../../../Engine/Plugins/Online/OnlineSubsystemUtils/Binaries/Win64/UE4Editor-OnlineBlueprintSupport.dll (API version 3944462).
LogModuleManager: Display: Found up-to-date module file ../../../Engine/Plugins/Runtime/AndroidDeviceProfileSelector/Binaries/Win64/UE4Editor-AndroidDeviceProfileSelector.dll (API version 3944462).
LogModuleManager: Display: Found up-to-date module file ../../../Engine/Plugins/Runtime/AppleARKit/Binaries/Win64/UE4Editor-AppleARKit.dll (API version 3944462).
LogModuleManager: Display: Found up-to-date module file ../../../Engine/Plugins/Runtime/ProceduralMeshComponent/Binaries/Win64/UE4Editor-ProceduralMeshComponent.dll (API version 3944462).
LogModuleManager: Display: Found up-to-date module file ../../../Engine/Plugins/Runtime/ProceduralMeshComponent/Binaries/Win64/UE4Editor-ProceduralMeshComponentEditor.dll (API version 3944462).
LogModuleManager: Display: Found up-to-date module file ../../../Engine/Plugins/Animation/LiveLink/Binaries/Win64/UE4Editor-LiveLink.dll (API version 3944462).
LogModuleManager: Display: Found up-to-date module file ../../../Engine/Plugins/Animation/LiveLink/Binaries/Win64/UE4Editor-LiveLinkEditor.dll (API version 3944462).
LogModuleManager: Display: Found up-to-date module file ../../../Engine/Plugins/Runtime/ArchVisCharacter/Binaries/Win64/UE4Editor-ArchVisCharacter.dll (API version 3944462).
LogModuleManager: Display: Found up-to-date module file ../../../Engine/Plugins/Runtime/AudioCapture/Binaries/Win64/UE4Editor-AudioCapture.dll (API version 3944462).
LogModuleManager: Display: Found up-to-date module file ../../../Engine/Plugins/Runtime/AudioCapture/Binaries/Win64/UE4Editor-AudioCaptureEditor.dll (API version 3944462).
LogModuleManager: Display: Found up-to-date module file ../../../Engine/Plugins/Runtime/CableComponent/Binaries/Win64/UE4Editor-CableComponent.dll (API version 3944462).
LogModuleManager: Display: Found up-to-date module file ../../../Engine/Plugins/Runtime/CustomMeshComponent/Binaries/Win64/UE4Editor-CustomMeshComponent.dll (API version 3944462).
LogModuleManager: Display: Found up-to-date module file ../../../Engine/Plugins/Runtime/ExampleDeviceProfileSelector/Binaries/Win64/UE4Editor-ExampleDeviceProfileSelector.dll (API version 3944462).
LogModuleManager: Display: Found up-to-date module file ../../../Engine/Plugins/Runtime/ImmediatePhysics/Binaries/Win64/UE4Editor-ImmediatePhysics.dll (API version 3944462).
LogModuleManager: Display: Found up-to-date module file ../../../Engine/Plugins/Runtime/ImmediatePhysics/Binaries/Win64/UE4Editor-ImmediatePhysicsEditor.dll (API version 3944462).
LogModuleManager: Display: Found up-to-date module file ../../../Engine/Plugins/Runtime/LocationServicesBPLibrary/Binaries/Win64/UE4Editor-LocationServicesBPLibrary.dll (API version 3944462).
LogModuleManager: Display: Found up-to-date module file ../../../Engine/Plugins/Runtime/MobilePatchingUtils/Binaries/Win64/UE4Editor-MobilePatchingUtils.dll (API version 3944462).
LogModuleManager: Display: Found up-to-date module file ../../../Engine/Plugins/Runtime/Oculus/OculusVR/Binaries/Win64/UE4Editor-OculusHMD.dll (API version 3944462).
LogModuleManager: Display: Found up-to-date module file ../../../Engine/Plugins/Runtime/Oculus/OculusVR/Binaries/Win64/UE4Editor-OculusInput.dll (API version 3944462).
LogModuleManager: Display: Found up-to-date module file ../../../Engine/Plugins/Runtime/Oculus/OculusVR/Binaries/Win64/UE4Editor-OculusEditor.dll (API version 3944462).
LogModuleManager: Display: Found up-to-date module file ../../../Engine/Plugins/Runtime/PhysXVehicles/Binaries/Win64/UE4Editor-PhysXVehicles.dll (API version 3944462).
LogModuleManager: Display: Found up-to-date module file ../../../Engine/Plugins/Runtime/PhysXVehicles/Binaries/Win64/UE4Editor-PhysXVehiclesEditor.dll (API version 3944462).
LogModuleManager: Display: Found up-to-date module file ../../../Engine/Plugins/Runtime/RuntimePhysXCooking/Binaries/Win64/UE4Editor-RuntimePhysXCooking.dll (API version 3944462).
LogModuleManager: Display: Found up-to-date module file ../../../Engine/Plugins/Runtime/Steam/SteamVR/Binaries/Win64/UE4Editor-SteamVR.dll (API version 3944462).
LogModuleManager: Display: Found up-to-date module file ../../../Engine/Plugins/Runtime/Steam/SteamVR/Binaries/Win64/UE4Editor-SteamVRController.dll (API version 3944462).
LogModuleManager: Display: Found up-to-date module file ../../../Engine/Plugins/Runtime/WindowsMoviePlayer/Binaries/Win64/UE4Editor-WindowsMoviePlayer.dll (API version 3944462).
LogPluginManager: Mounting plugin Paper2D
LogPluginManager: Mounting plugin LiveLink
LogPluginManager: Mounting plugin LightPropagationVolume
LogPluginManager: Mounting plugin CLionSourceCodeAccess
LogPluginManager: Mounting plugin CodeLiteSourceCodeAccess
LogPluginManager: Mounting plugin GitSourceControl
LogPluginManager: Mounting plugin KDevelopSourceCodeAccess
LogPluginManager: Mounting plugin NullSourceCodeAccess
LogPluginManager: Mounting plugin PerforceSourceControl
LogPluginManager: Mounting plugin SubversionSourceControl
LogPluginManager: Mounting plugin UObjectPlugin
LogPluginManager: Mounting plugin VisualStudioCodeSourceCodeAccess
LogPluginManager: Mounting plugin VisualStudioSourceCodeAccess
LogPluginManager: Mounting plugin XCodeSourceCodeAccess
LogPluginManager: Mounting plugin AssetManagerEditor
LogPluginManager: Mounting plugin CryptoKeys
LogPluginManager: Mounting plugin DataValidation
LogPluginManager: Mounting plugin FacialAnimation
LogPluginManager: Mounting plugin GameplayTagsEditor
LogPluginManager: Mounting plugin MobileLauncherProfileWizard
LogPluginManager: Mounting plugin PluginBrowser
LogPluginManager: Mounting plugin SpeedTreeImporter
LogPluginManager: Mounting plugin DatasmithContent
LogPluginManager: Mounting plugin AlembicImporter
LogPluginManager: Mounting plugin CharacterAI
LogPluginManager: Mounting plugin HTML5Networking
LogPluginManager: Mounting plugin AndroidMedia
LogPluginManager: Mounting plugin AvfMedia
LogPluginManager: Mounting plugin ImgMedia
LogPluginManager: Mounting plugin LinearTimecode
LogPluginManager: Mounting plugin MediaCompositing
LogPluginManager: Mounting plugin MediaPlayerEditor
LogPluginManager: Mounting plugin WmfMedia
LogPluginManager: Mounting plugin TcpMessaging
LogPluginManager: Mounting plugin UdpMessaging
LogPluginManager: Mounting plugin ActorSequence
LogPluginManager: Mounting plugin LevelSequenceEditor
LogPluginManager: Mounting plugin MatineeToLevelSequence
LogPluginManager: Mounting plugin NetcodeUnitTest
LogPluginManager: Mounting plugin NUTUnrealEngine4
LogPluginManager: Mounting plugin OnlineSubsystemGooglePlay
LogPluginManager: Mounting plugin OnlineSubsystemIOS
LogPluginManager: Mounting plugin OnlineSubsystem
LogPluginManager: Mounting plugin OnlineSubsystemNull
LogPluginManager: Mounting plugin OnlineSubsystemUtils
LogPluginManager: Mounting plugin AndroidDeviceProfileSelector
LogPluginManager: Mounting plugin AndroidMoviePlayer
LogPluginManager: Mounting plugin AndroidPermission
LogPluginManager: Mounting plugin AppleARKit
LogPluginManager: Mounting plugin AppleMoviePlayer
LogPluginManager: Mounting plugin ArchVisCharacter
LogPluginManager: Mounting plugin AudioCapture
LogPluginManager: Mounting plugin CableComponent
LogPluginManager: Mounting plugin CustomMeshComponent
LogPluginManager: Mounting plugin ExampleDeviceProfileSelector
LogPluginManager: Mounting plugin GoogleCloudMessaging
LogPluginManager: Mounting plugin ImmediatePhysics
LogPluginManager: Mounting plugin IOSDeviceProfileSelector
LogPluginManager: Mounting plugin LinuxDeviceProfileSelector
LogPluginManager: Mounting plugin LocationServicesBPLibrary
LogPluginManager: Mounting plugin MobilePatchingUtils
LogPluginManager: Mounting plugin OculusVR
LogPluginManager: Plugin shader directory ../../../Engine/Plugins/Runtime/Oculus/OculusVR/Shaders found
LogPluginManager: Mapping shader source directory ../../../Engine/Plugins/Runtime/Oculus/OculusVR/Shaders to virtual directory /Plugin/OculusVR
LogPluginManager: Mounting plugin PhysXVehicles
LogPluginManager: Mounting plugin ProceduralMeshComponent
LogPluginManager: Mounting plugin RuntimePhysXCooking
LogPluginManager: Mounting plugin SteamVR
LogPluginManager: Mounting plugin WindowsMoviePlayer
LogStreaming: Display: Took 33.288s to configure plugins.
LogInit: Using libcurl 7.47.1
LogInit:  - built for x86_64-pc-win32
LogInit:  - supports SSL with OpenSSL/1.0.2g
LogInit:  - supports HTTP deflate (compression) using libz 1.2.8
LogInit:  - other features:
LogInit:      CURL_VERSION_SSL
LogInit:      CURL_VERSION_LIBZ
LogInit:      CURL_VERSION_IPV6
LogInit:      CURL_VERSION_ASYNCHDNS
LogInit:      CURL_VERSION_LARGEFILE
LogInit:      CURL_VERSION_IDN
LogInit:  CurlRequestOptions (configurable via config and command line):
LogInit:  - bVerifyPeer = false  - Libcurl will NOT verify peer certificate
LogInit:  - bUseHttpProxy = false  - Libcurl will NOT use HTTP proxy
LogInit:  - bDontReuseConnections = false  - Libcurl will reuse connections
LogInit:  - CertBundlePath = nullptr  - Libcurl will use whatever was configured at build time.
LogInit:  - MaxHostConnections = 16  - Libcurl will limit the number of connections to a host
LogInit:  - LocalHostAddr = Default
LogInit: WinSock: version 1.1 (2.2), MaxSocks=32767, MaxUdp=65467
LogInit: WinSock: I am DESKTOP-JM63DLP (192.168.43.226:0)
LogInit: Build: ++UE4+Release-4.19-CL-3944462
LogInit: Engine Version: 4.19.0-3944462+++UE4+Release-4.19
LogInit: Compatible Engine Version: 4.19.0-3944462+++UE4+Release-4.19
LogInit: Net CL: 3944462
LogDevObjectVersion: Number of dev versions registered: 18
LogDevObjectVersion:   Dev-Blueprints (B0D832E4-1F89-4F0D-ACCF-7EB736FD4AA2): 10
LogDevObjectVersion:   Dev-Build (E1C64328-A22C-4D53-A36C-8E866417BD8C): 0
LogDevObjectVersion:   Dev-Core (375EC13C-06E4-48FB-B500-84F0262A717E): 2
LogDevObjectVersion:   Dev-Editor (E4B068ED-F494-42E9-A231-DA0B2E46BB41): 23
LogDevObjectVersion:   Dev-Framework (CFFC743F-43B0-4480-9391-14DF171D2073): 33
LogDevObjectVersion:   Dev-Mobile (B02B49B5-BB20-44E9-A304-32B752E40360): 2
LogDevObjectVersion:   Dev-Networking (A4E4105C-59A1-49B5-A7C5-40C4547EDFEE): 0
LogDevObjectVersion:   Dev-Online (39C831C9-5AE6-47DC-9A44-9C173E1C8E7C): 0
LogDevObjectVersion:   Dev-Physics (78F01B33-EBEA-4F98-B9B4-84EACCB95AA2): 0
LogDevObjectVersion:   Dev-Platform (6631380F-2D4D-43E0-8009-CF276956A95A): 0
LogDevObjectVersion:   Dev-Rendering (12F88B9F-8875-4AFC-A67C-D90C383ABD29): 25
LogDevObjectVersion:   Dev-Sequencer (7B5AE74C-D270-4C10-A958-57980B212A5A): 6
LogDevObjectVersion:   Dev-VR (D7296918-1DD6-4BDD-9DE2-64A83CC13884): 1
LogDevObjectVersion:   Dev-LoadTimes (C2A15278-BFE7-4AFE-6C17-90FF531DF755): 1
LogDevObjectVersion:   Private-Geometry (6EACA3D4-40EC-4CC1-B786-8BED09428FC5): 2
LogDevObjectVersion:   Dev-AnimPhys (29E575DD-E0A3-4627-9D10-D276232CDCEA): 16
LogDevObjectVersion:   Dev-ReflectionCapture (6B266CEC-1EC7-4B8F-A30B-E4D90942FC07): 1
LogDevObjectVersion:   Dev-Automation (0DF73D61-A23F-47EA-B727-89E90C41499A): 1
LogInit: Compiled (64-bit): Mar 13 2018 23:12:32
LogInit: Compiled with Visual C++: 19.00.24215.01
LogInit: Build Configuration: Development
LogInit: Branch Name: ++UE4+Release-4.19
LogInit: Command Line: -EpicPortal 
LogInit: Base Directory: C:/Program Files/Epic Games/UE_4.19/Engine/Binaries/Win64/
LogInit: Installed Engine Build: 1
LogStreaming: Display: Took  0.395s to delete old logs.
LogInit: Presizing for max 8388607 objects, including 0 objects not considered by GC, pre-allocating 0 bytes for permanent pool.
LogInit: Object subsystem initialized
[2018.04.05-15.28.21:891][  0]LogInit: Selected Device Profile: [Windows]
[2018.04.05-15.28.21:982][  0]LogInit: Applying CVar settings loaded from the selected device profile: [Windows]
[2018.04.05-15.28.24:251][  0]LogInit: Computer: DESKTOP-JM63DLP
[2018.04.05-15.28.24:251][  0]LogInit: User: DELL
[2018.04.05-15.28.24:251][  0]LogInit: CPU Page size=4096, Cores=2
[2018.04.05-15.28.24:253][  0]LogInit: High frequency timer resolution =2.343748 MHz
[2018.04.05-15.28.24:253][  0]LogMemory: Memory total: Physical=3.9GB (4GB approx)
[2018.04.05-15.28.24:266][  0]LogMemory: Platform Memory Stats for Windows
[2018.04.05-15.28.24:266][  0]LogMemory: Process Physical Memory: 223.39 MB used, 223.39 MB peak
[2018.04.05-15.28.24:266][  0]LogMemory: Process Virtual Memory: 264.07 MB used, 264.07 MB peak
[2018.04.05-15.28.24:266][  0]LogMemory: Physical Memory: 3273.07 MB used,  720.48 MB free, 3993.55 MB total
[2018.04.05-15.28.24:266][  0]LogMemory: Virtual Memory: 674.47 MB used,  720.48 MB free, 134217728.00 MB total
[2018.04.05-15.28.42:460][  0]LogInit: Using OS detected language (ru-RU).
[2018.04.05-15.28.52:461][  0]LogInit: Using OS detected locale (ru-RU).
[2018.04.05-15.29.17:481][  0]LogTextLocalizationManager: No localization for 'ru-RU' exists, so 'en' will be used for the language.
[2018.04.05-15.29.34:865][  0]LogStreaming: Display: Took 52.355s to EndInitTextLocalization.
[2018.04.05-15.29.45:053][  0]LogInit: Setting process to per monitor DPI aware
[2018.04.05-15.29.59:258][  0]LogSlate: New Slate User Created.  User Index 0, Is Virtual User: 0
[2018.04.05-15.29.59:258][  0]LogSlate: Slate User Registered.  User Index 0, Is Virtual User: 0
[2018.04.05-15.30.08:132][  0]LogD3D11RHI: D3D11 adapters:
[2018.04.05-15.30.15:720][  0]LogD3D11RHI:    0. 'NVIDIA GeForce 940MX' (Feature Level 11_0)
[2018.04.05-15.30.15:730][  0]LogD3D11RHI:       2020/0/1996 MB DedicatedVideo/DedicatedSystem/SharedSystem, Outputs:1, VendorId:0x10de
[2018.04.05-15.30.18:888][  0]LogD3D11RHI:    1. 'Intel(R) HD Graphics 620' (Feature Level 11_0)
[2018.04.05-15.30.18:888][  0]LogD3D11RHI:       128/0/1996 MB DedicatedVideo/DedicatedSystem/SharedSystem, Outputs:0, VendorId:0x8086
[2018.04.05-15.30.19:807][  0]LogD3D11RHI:    2. 'Microsoft Basic Render Driver' (Feature Level 11_0)
[2018.04.05-15.30.19:807][  0]LogD3D11RHI:       0/0/1996 MB DedicatedVideo/DedicatedSystem/SharedSystem, Outputs:0, VendorId:0x1414
[2018.04.05-15.30.19:807][  0]LogD3D11RHI: Chosen D3D11 Adapter: 0
[2018.04.05-15.30.19:887][  0]LogD3D11RHI: Creating new Direct3DDevice
[2018.04.05-15.30.19:887][  0]LogD3D11RHI:     GPU DeviceId: 0x134d (for the marketing name, search the web for "GPU Device Id")
[2018.04.05-15.30.19:887][  0]LogWindows: EnumDisplayDevices:
[2018.04.05-15.30.19:931][  0]LogWindows:    0. 'Intel(R) HD Graphics 620' (P:1 D:1)
[2018.04.05-15.30.19:957][  0]LogWindows:    1. 'Intel(R) HD Graphics 620' (P:0 D:0)
[2018.04.05-15.30.19:957][  0]LogWindows:    2. 'Intel(R) HD Graphics 620' (P:0 D:0)
[2018.04.05-15.30.19:957][  0]LogWindows: DebugString: GetVideoDriverDetailsInvalid PrimaryIsNotTheChoosenAdapter GetVideoDriverDetailsInvalid PrimaryIsNotTheChoosenAdapter GetVideoDriverDetailsInvalid PrimaryIsNotTheChoosenAdapter FoundDriverCount:0 
[2018.04.05-15.30.19:957][  0]LogD3D11RHI:     Adapter Name: NVIDIA GeForce 940MX
[2018.04.05-15.30.19:957][  0]LogD3D11RHI:   Driver Version: Unknown (internal:Unknown, unified:Unknown)
[2018.04.05-15.30.19:957][  0]LogD3D11RHI:      Driver Date: Unknown
[2018.04.05-15.30.19:959][  0]LogRHI: Texture pool is 1414 MB (70% of 2020 MB)
[2018.04.05-15.30.20:315][  0]LogD3D11RHI: [Aftermath] Aftermath enabled but failed to initialize
[2018.04.05-15.30.20:317][  0]LogD3D11RHI: Async texture creation enabled
[2018.04.05-15.30.23:736][  0]LogD3D11RHI: GPU Timing Frequency: 1000.000000 (Debug: 2 5)
[2018.04.05-15.30.24:472][  0]LogShaderCompilers: Guid format shader working directory is -38 characters bigger than the processId version (../../../../../../Users/DELL/Documents/Unreal Projects/CourseGame/CourseGameProject/Intermediate/Shaders/WorkingDirectory/8508/).
[2018.04.05-15.30.24:691][  0]LogShaderCompilers: Cleaned the shader compiler working directory 'C:/Users/DELL/AppData/Local/Temp/UnrealShaderWorkingDir/CA2BCD264CFA6DCE82BC05BEBAC9885D/'.
[2018.04.05-15.31.00:463][  0]LogTemp: Display: Loaded TP AllDesktopTargetPlatform
[2018.04.05-15.31.00:500][  0]LogTemp: Display: Loaded TP MacClientTargetPlatform
[2018.04.05-15.31.00:687][  0]LogTemp: Display: Loaded TP MacNoEditorTargetPlatform
[2018.04.05-15.31.00:783][  0]LogTemp: Display: Loaded TP MacServerTargetPlatform
[2018.04.05-15.31.00:925][  0]LogTemp: Display: Loaded TP MacTargetPlatform
[2018.04.05-15.31.00:972][  0]LogTemp: Display: Loaded TP WindowsClientTargetPlatform
[2018.04.05-15.31.01:058][  0]LogTemp: Display: Loaded TP WindowsNoEditorTargetPlatform
[2018.04.05-15.31.01:235][  0]LogTemp: Display: Loaded TP WindowsServerTargetPlatform
[2018.04.05-15.31.01:292][  0]LogTemp: Display: Loaded TP WindowsTargetPlatform
[2018.04.05-15.31.01:435][  0]LogTemp: Display: Loaded TP Android_ASTCTargetPlatform
[2018.04.05-15.31.01:519][  0]LogTemp: Display: Loaded TP Android_ATCTargetPlatform
[2018.04.05-15.31.01:589][  0]LogTemp: Display: Loaded TP Android_DXTTargetPlatform
[2018.04.05-15.31.01:632][  0]LogTemp: Display: Loaded TP Android_ETC1aTargetPlatform
[2018.04.05-15.31.01:687][  0]LogTemp: Display: Loaded TP Android_ETC1TargetPlatform
[2018.04.05-15.31.01:879][  0]LogTemp: Display: Loaded TP Android_ETC2TargetPlatform
[2018.04.05-15.31.01:992][  0]LogTemp: Display: Loaded TP Android_MultiTargetPlatform
[2018.04.05-15.31.01:992][  0]LogTemp: Display: Loaded TP Android_PVRTCTargetPlatform
[2018.04.05-15.31.02:027][  0]LogTemp: Display: Loaded TP AndroidTargetPlatform
[2018.04.05-15.31.02:031][  0]LogTemp: Display: Loaded TP HTML5TargetPlatform
[2018.04.05-15.31.02:297][  0]LogTemp: Display: Loaded TP IOSTargetPlatform
[2018.04.05-15.31.02:329][  0]LogTemp: Display: Loaded TP TVOSTargetPlatform
[2018.04.05-15.31.02:380][  0]LogTemp: Display: Loaded TP LinuxClientTargetPlatform
[2018.04.05-15.31.02:536][  0]LogTemp: Display: Loaded TP LinuxNoEditorTargetPlatform
[2018.04.05-15.31.02:732][  0]LogTemp: Display: Loaded TP LinuxServerTargetPlatform
[2018.04.05-15.31.02:973][  0]LogTemp: Display: Loaded TP LinuxTargetPlatform
[2018.04.05-15.31.02:973][  0]LogTargetPlatformManager: Display: Building Assets For Windows
[2018.04.05-15.31.08:739][  0]LogXGEController: Cannot use XGE Controller as Incredibuild is not installed on this machine.
[2018.04.05-15.31.08:782][  0]LogShaderCompilers: Cannot use XGE Shader Compiler as Incredibuild is not installed on this machine.
[2018.04.05-15.31.08:782][  0]LogShaderCompilers: Display: Using Local Shader Compiler.
[2018.04.05-15.31.33:745][  0]LogDerivedDataCache: Display: Max Cache Size: 512 MB
[2018.04.05-15.31.58:142][  0]LogDerivedDataCache: Loaded boot cache 24.37s 74MB C:/Users/DELL/AppData/Local/UnrealEngine/4.19/DerivedDataCache/Boot.ddc.
[2018.04.05-15.31.58:142][  0]LogDerivedDataCache: Display: Loaded Boot cache: C:/Users/DELL/AppData/Local/UnrealEngine/4.19/DerivedDataCache/Boot.ddc
[2018.04.05-15.31.58:143][  0]LogDerivedDataCache: FDerivedDataBackendGraph:  Pak pak cache file ../../../../../../Users/DELL/Documents/Unreal Projects/CourseGame/CourseGameProject/DerivedDataCache/DDC.ddp not found, will not use a pak cache.
[2018.04.05-15.31.58:143][  0]LogDerivedDataCache: Unable to find inner node Pak for hierarchical cache Hierarchy.
[2018.04.05-15.31.58:143][  0]LogDerivedDataCache: FDerivedDataBackendGraph:  CompressedPak pak cache file ../../../../../../Users/DELL/Documents/Unreal Projects/CourseGame/CourseGameProject/DerivedDataCache/Compressed.ddp not found, will not use a pak cache.
[2018.04.05-15.31.58:143][  0]LogDerivedDataCache: Unable to find inner node CompressedPak for hierarchical cache Hierarchy.
[2018.04.05-15.31.58:443][  0]LogDerivedDataCache: Display: Pak cache opened for reading ../../../Engine/DerivedDataCache/Compressed.ddp.
[2018.04.05-15.31.59:172][  0]LogDerivedDataCache: Using Local data cache path C:/Users/DELL/AppData/Local/UnrealEngine/Common/DerivedDataCache: Writable
[2018.04.05-15.31.59:694][  0]LogMaterial: Verifying Global Shaders for PCD3D_SM5
[2018.04.05-15.32.00:561][  0]LogSlate: Using Freetype 2.6.0
[2018.04.05-15.32.01:224][  0]LogSlate: SlateFontCache - WITH_FREETYPE: 1, WITH_HARFBUZZ: 1
[2018.04.05-15.32.01:225][  0]LogSlate: SlateFontCache - WITH_FREETYPE: 1, WITH_HARFBUZZ: 1
[2018.04.05-15.32.55:679][  0]LogAssetRegistry: FAssetRegistry took 0.0518 seconds to start up
[2018.04.05-15.33.16:700][  0]LogInit: Selected Device Profile: [Windows]
[2018.04.05-15.33.39:095][  0]LogSimplygon: Simplygon DLL not present - disabling.
[2018.04.05-15.33.39:407][  0]LogMeshReduction: Using SimplygonSwarm for distributed automatic mesh merging
[2018.04.05-15.33.39:451][  0]LogMeshReduction: Using QuadricMeshReduction for automatic static mesh reduction
[2018.04.05-15.33.39:451][  0]LogMeshReduction: No automatic skeletal mesh reduction module available
[2018.04.05-15.33.39:451][  0]LogMeshReduction: No automatic mesh merging module available
[2018.04.05-15.33.39:451][  0]LogMeshMerging: No automatic mesh merging module available
[2018.04.05-15.33.46:992][  0]LogNetVersion: GameProject , NetCL: 3944462, EngineNetVer: 2, GameNetVer: 0 (Checksum: 1782027929)
[2018.04.05-15.34.28:144][  0]LogPackageLocalizationCache: Processed 9 localized package path(s) for 1 prioritized culture(s) in 0.860712 seconds
[2018.04.05-15.34.28:693][  0]LogUObjectArray: 36728 objects as part of root set at end of initial load.
[2018.04.05-15.34.28:693][  0]LogUObjectAllocator: 7314304 out of 0 bytes used by permanent object pool.
[2018.04.05-15.34.28:694][  0]LogUObjectArray: CloseDisregardForGC: 0/0 objects in disregard for GC pool
[2018.04.05-15.36.10:625][  0]LogTcpMessaging: Initializing TcpMessaging bridge
[2018.04.05-15.36.10:771][  0]LogUdpMessaging: Initializing bridge on interface 0.0.0.0:0 to multicast group 230.0.0.1:6666.
[2018.04.05-15.36.14:188][  0]SourceControl: Source control is disabled
[2018.04.05-15.36.14:188][  0]SourceControl: Source control is disabled
[2018.04.05-15.36.14:508][  0]SourceControl: Source control is disabled
[2018.04.05-15.36.14:660][  0]SourceControl: Source control is disabled
[2018.04.05-15.36.19:600][  0]LogAndroidPermission: UAndroidPermissionCallbackProxy::GetInstance
[2018.04.05-15.36.23:125][  0]LogOcInput: OculusInput pre-init called
[2018.04.05-15.36.26:987][  0]LogEngine: Initializing Engine...
[2018.04.05-15.36.27:202][  0]LogHMD: Failed to initialize OpenVR with code 110
[2018.04.05-15.36.27:281][  0]LogStats: UGameplayTagsManager::ConstructGameplayTagTree: Construct from data asset -  0.000 s
[2018.04.05-15.36.27:282][  0]LogStats: UGameplayTagsManager::ConstructGameplayTagTree: GameplayTagTreeChangedEvent.Broadcast -  0.000 s
[2018.04.05-15.36.29:630][  0]LogAIModule: Creating AISystem for world Untitled
[2018.04.05-15.36.30:119][  0]LogInit: XAudio2 using 'Динамики / головные телефоны (Realtek Audio)' : 2 channels at 48 kHz using 32 bits per sample (channel mask 0x3)
[2018.04.05-15.36.37:245][  0]LogInit: FAudioDevice initialized.
[2018.04.05-15.36.38:518][  0]LogDerivedDataCache: Saved boot cache 1.17s 74MB C:/Users/DELL/AppData/Local/UnrealEngine/4.19/DerivedDataCache/Boot.ddc.
[2018.04.05-15.36.38:541][  0]LogInit: Texture streaming: Enabled
[2018.04.05-15.36.40:616][  0]LogEngineSessionManager: EngineSessionManager initialized
[2018.04.05-15.36.41:411][  0]LogInit: Transaction tracking system initialized
[2018.04.05-15.36.44:012][  0]BlueprintLog: New page: Editor Load
[2018.04.05-15.36.51:132][  0]LocalizationService: Localization service is disabled
[2018.04.05-15.36.55:141][  0]LogConsoleResponse: Display: 
[2018.04.05-15.37.00:416][  0]LogFileCache: Scanning file cache for directory 'C:/Users/DELL/Documents/Unreal Projects/CourseGame/CourseGameProject/Content/' took 0.20s
[2018.04.05-15.37.00:483][  0]LogCook: Display: Max memory allowance for cook 16384mb min free memory 0mb
[2018.04.05-15.37.00:485][  0]LogCook: Display: Mobile HDR setting 1
[2018.04.05-15.37.00:528][  0]LogGameplayTags: Display: UGameplayTagsManager::DoneAddingNativeTags. DelegateIsBound: 0
[2018.04.05-15.37.00:530][  0]LogStats: UGameplayTagsManager::ConstructGameplayTagTree: Construct from data asset -  0.000 s
[2018.04.05-15.37.00:530][  0]LogStats: UGameplayTagsManager::ConstructGameplayTagTree: GameplayTagTreeChangedEvent.Broadcast -  0.000 s
[2018.04.05-15.37.08:276][  0]SourceControl: Source control is disabled
[2018.04.05-15.37.08:415][  0]Cmd: MAP LOAD FILE="../../../../../../Users/DELL/Documents/Unreal Projects/CourseGame/CourseGameProject/Content/ThirdPersonBP/Maps/ThirdPersonExampleMap.umap" TEMPLATE=0 SHOWPROGRESS=1 FEATURELEVEL=3
[2018.04.05-15.37.08:422][  0]LightingResults: New page: Lighting Build
[2018.04.05-15.37.09:387][  0]MapCheck: New page: Map Check
[2018.04.05-15.37.09:387][  0]LightingResults: New page: Lighting Build
[2018.04.05-15.37.22:452][  0]LogTexture: Display: Building textures: Texture2D_1 (BGRA8, 64X64)
[2018.04.05-15.37.22:452][  0]LogTexture: Display: Building textures: Texture2D_0 (BGRA8, 512X512)
[2018.04.05-15.37.22:452][  0]LogTexture: Display: Building textures: Texture2D_11 (BGRA8, 64X64)
[2018.04.05-15.37.22:452][  0]LogTexture: Display: Building textures: Texture2D_12 (BGRA8, 64X64)
[2018.04.05-15.37.22:452][  0]LogTexture: Display: Building textures: Texture2D_13 (BGRA8, 64X64)
[2018.04.05-15.37.22:452][  0]LogTexture: Display: Building textures: Texture2D_14 (BGRA8, 64X64)
[2018.04.05-15.37.22:452][  0]LogTexture: Display: Building textures: Texture2D_2 (BGRA8, 64X64)
[2018.04.05-15.37.22:452][  0]LogTexture: Display: Building textures: Texture2D_3 (BGRA8, 64X64)
[2018.04.05-15.37.22:452][  0]LogTexture: Display: Building textures: Texture2D_4 (BGRA8, 64X64)
[2018.04.05-15.37.22:452][  0]LogTexture: Display: Building textures: Texture2D_5 (BGRA8, 64X64)
[2018.04.05-15.37.22:452][  0]LogTexture: Display: Building textures: Texture2D_6 (BGRA8, 64X64)
[2018.04.05-15.37.22:452][  0]LogTexture: Display: Building textures: Texture2D_7 (BGRA8, 64X64)
[2018.04.05-15.37.22:453][  0]LogTexture: Display: Building textures: Texture2D_8 (BGRA8, 64X64)
[2018.04.05-15.37.22:453][  0]LogTexture: Display: Building textures: Texture2D_9 (BGRA8, 64X64)
[2018.04.05-15.37.22:453][  0]LogTexture: Display: Building textures: Texture2D_10 (BGRA8, 64X64)
[2018.04.05-15.37.22:453][  0]LogTexture: Display: Building textures: T_Grass_A (AutoDXT, 2048X2048)
[2018.04.05-15.37.22:453][  0]LogTexture: Display: Building textures: HQ_Lightmap0_1 (AutoDXT, 1024X1024)
[2018.04.05-15.37.26:317][  0]LogTexture: Display: Building textures: HQ_Lightmap0_2 (AutoDXT, 512X512)
[2018.04.05-15.37.26:317][  0]LogTexture: Display: Building textures: HQ_Lightmap0_22 (AutoDXT, 128X128)
[2018.04.05-15.37.26:318][  0]LogTexture: Display: Building textures: HQ_Lightmap0_3 (AutoDXT, 256X256)
[2018.04.05-15.37.26:318][  0]LogTexture: Display: Building textures: HQ_Lightmap1_10 (AutoDXT, 256X256)
[2018.04.05-15.37.26:318][  0]LogTexture: Display: Building textures: HQ_Lightmap1_11 (AutoDXT, 256X256)
[2018.04.05-15.37.26:318][  0]LogTexture: Display: Building textures: HQ_Lightmap1_12 (AutoDXT, 128X128)
[2018.04.05-15.37.26:318][  0]LogTexture: Display: Building textures: HQ_Lightmap1_13 (AutoDXT, 256X256)
[2018.04.05-15.37.26:318][  0]LogTexture: Display: Building textures: HQ_Lightmap1_14 (AutoDXT, 256X256)
[2018.04.05-15.37.26:318][  0]LogTexture: Display: Building textures: HQ_Lightmap1_15 (AutoDXT, 256X256)
[2018.04.05-15.37.26:318][  0]LogTexture: Display: Building textures: HQ_Lightmap1_16 (AutoDXT, 256X256)
[2018.04.05-15.37.26:318][  0]LogTexture: Display: Building textures: HQ_Lightmap1_18 (AutoDXT, 256X256)
[2018.04.05-15.37.26:318][  0]LogTexture: Display: Building textures: HQ_Lightmap1_19 (AutoDXT, 256X256)
[2018.04.05-15.37.26:318][  0]LogTexture: Display: Building textures: HQ_Lightmap1_20 (AutoDXT, 256X256)
[2018.04.05-15.37.26:318][  0]LogTexture: Display: Building textures: HQ_Lightmap1_21 (AutoDXT, 256X256)
[2018.04.05-15.37.26:318][  0]LogTexture: Display: Building textures: HQ_Lightmap1_23 (AutoDXT, 64X64)
[2018.04.05-15.37.26:318][  0]LogTexture: Display: Building textures: HQ_Lightmap1_4 (AutoDXT, 256X256)
[2018.04.05-15.37.26:318][  0]LogTexture: Display: Building textures: HQ_Lightmap1_5 (AutoDXT, 256X256)
[2018.04.05-15.37.26:318][  0]LogTexture: Display: Building textures: HQ_Lightmap1_17 (AutoDXT, 256X256)
[2018.04.05-15.37.26:318][  0]LogTexture: Display: Building textures: HQ_Lightmap1_6 (AutoDXT, 256X256)
[2018.04.05-15.37.26:318][  0]LogTexture: Display: Building textures: HQ_Lightmap1_7 (AutoDXT, 256X256)
[2018.04.05-15.37.26:319][  0]LogTexture: Display: Building textures: HQ_Lightmap1_8 (AutoDXT, 256X256)
[2018.04.05-15.37.26:319][  0]LogTexture: Display: Building textures: HQ_Lightmap1_9 (AutoDXT, 256X256)
[2018.04.05-15.37.26:319][  0]LogTexture: Display: Building textures: LQ_Lightmap_0_2 (DXT1, 512X512)
[2018.04.05-15.37.26:319][  0]LogTexture: Display: Building textures: LQ_Lightmap_0_22 (DXT1, 128X128)
[2018.04.05-15.37.26:319][  0]LogTexture: Display: Building textures: LQ_Lightmap_0_3 (DXT1, 256X256)
[2018.04.05-15.37.26:319][  0]LogTexture: Display: Building textures: LQ_Lightmap_1_10 (DXT1, 256X256)
[2018.04.05-15.37.26:319][  0]LogTexture: Display: Building textures: LQ_Lightmap_1_11 (DXT1, 256X256)
[2018.04.05-15.37.26:319][  0]LogTexture: Display: Building textures: LQ_Lightmap_0_1 (DXT1, 1024X1024)
[2018.04.05-15.37.26:319][  0]LogTexture: Display: Building textures: LQ_Lightmap_1_12 (DXT1, 128X128)
[2018.04.05-15.37.26:319][  0]LogTexture: Display: Building textures: LQ_Lightmap_1_13 (DXT1, 256X256)
[2018.04.05-15.37.26:319][  0]LogTexture: Display: Building textures: LQ_Lightmap_1_14 (DXT1, 256X256)
[2018.04.05-15.37.26:319][  0]LogTexture: Display: Building textures: LQ_Lightmap_1_15 (DXT1, 256X256)
[2018.04.05-15.37.26:528][  0]LogTexture: Display: Building textures: LQ_Lightmap_1_16 (DXT1, 256X256)
[2018.04.05-15.37.26:528][  0]LogStaticMesh: Building static mesh SM_Grass_02...
[2018.04.05-15.37.26:770][  0]LogTexture: Display: Building textures: LQ_Lightmap_1_17 (DXT1, 256X256)
[2018.04.05-15.37.26:770][  0]LogStaticMesh: Built static mesh [0.24s] /Game/LandScape/SM_Grass_02.SM_Grass_02
[2018.04.05-15.37.27:608][  0]LogTexture: Display: Building textures: LQ_Lightmap_1_18 (DXT1, 256X256)
[2018.04.05-15.37.27:608][  0]LogTexture: Display: Building textures: LQ_Lightmap_1_19 (DXT1, 256X256)
[2018.04.05-15.37.27:608][  0]LogTexture: Display: Building textures: LQ_Lightmap_1_20 (DXT1, 256X256)
[2018.04.05-15.37.27:608][  0]LogTexture: Display: Building textures: LQ_Lightmap_1_21 (DXT1, 256X256)
[2018.04.05-15.37.27:608][  0]LogTexture: Display: Building textures: LQ_Lightmap_1_23 (DXT1, 64X64)
[2018.04.05-15.37.27:608][  0]LogTexture: Display: Building textures: LQ_Lightmap_1_4 (DXT1, 256X256)
[2018.04.05-15.37.27:608][  0]LogTexture: Display: Building textures: LQ_Lightmap_1_5 (DXT1, 256X256)
[2018.04.05-15.37.27:608][  0]LogTexture: Display: Building textures: LQ_Lightmap_1_6 (DXT1, 256X256)
[2018.04.05-15.37.27:608][  0]LogTexture: Display: Building textures: LQ_Lightmap_1_7 (DXT1, 256X256)
[2018.04.05-15.37.27:608][  0]LogTexture: Display: Building textures: LQ_Lightmap_1_8 (DXT1, 256X256)
[2018.04.05-15.37.27:608][  0]LogTexture: Display: Building textures: LQ_Lightmap_1_9 (DXT1, 256X256)
[2018.04.05-15.37.28:649][  0]LogTexture: Display: Building textures: SkyOcclusion0_2 (AutoDXT, 512X256)
[2018.04.05-15.37.28:649][  0]LogTexture: Display: Building textures: SkyOcclusion0_1 (AutoDXT, 1024X512)
[2018.04.05-15.37.28:649][  0]LogTexture: Display: Building textures: SkyOcclusion0_22 (AutoDXT, 128X64)
[2018.04.05-15.37.28:649][  0]LogTexture: Display: Building textures: SkyOcclusion0_3 (AutoDXT, 256X128)
[2018.04.05-15.37.28:649][  0]LogTexture: Display: Building textures: SkyOcclusion1_10 (AutoDXT, 256X128)
[2018.04.05-15.37.28:649][  0]LogTexture: Display: Building textures: SkyOcclusion1_11 (AutoDXT, 256X128)
[2018.04.05-15.37.28:649][  0]LogTexture: Display: Building textures: SkyOcclusion1_12 (AutoDXT, 128X64)
[2018.04.05-15.37.28:649][  0]LogTexture: Display: Building textures: SkyOcclusion1_13 (AutoDXT, 256X128)
[2018.04.05-15.37.28:649][  0]LogTexture: Display: Building textures: SkyOcclusion1_14 (AutoDXT, 256X128)
[2018.04.05-15.37.28:649][  0]LogMaterial: Missing cached shader map for material M_Ground_Grass, compiling. 
[2018.04.05-15.37.30:628][  0]LogTexture: Display: Building textures: SkyOcclusion1_15 (AutoDXT, 256X128)
[2018.04.05-15.37.30:628][  0]LogTexture: Display: Building textures: SkyOcclusion1_16 (AutoDXT, 256X128)
[2018.04.05-15.37.30:628][  0]LogTexture: Display: Building textures: SkyOcclusion1_17 (AutoDXT, 256X128)
[2018.04.05-15.37.30:628][  0]LogTexture: Display: Building textures: SkyOcclusion1_18 (AutoDXT, 256X128)
[2018.04.05-15.37.30:628][  0]LogTexture: Display: Building textures: SkyOcclusion1_19 (AutoDXT, 256X128)
[2018.04.05-15.37.30:628][  0]LogTexture: Display: Building textures: SkyOcclusion1_20 (AutoDXT, 256X128)
[2018.04.05-15.37.30:628][  0]LogTexture: Display: Building textures: SkyOcclusion1_21 (AutoDXT, 256X128)
[2018.04.05-15.37.30:628][  0]LogTexture: Display: Building textures: SkyOcclusion1_23 (AutoDXT, 64X32)
[2018.04.05-15.37.30:628][  0]LogTexture: Display: Building textures: SkyOcclusion1_4 (AutoDXT, 256X128)
[2018.04.05-15.37.30:628][  0]LogTexture: Display: Building textures: SkyOcclusion1_5 (AutoDXT, 256X128)
[2018.04.05-15.37.30:628][  0]LogTexture: Display: Building textures: SkyOcclusion1_6 (AutoDXT, 256X128)
[2018.04.05-15.37.30:628][  0]LogTexture: Display: Building textures: SkyOcclusion1_7 (AutoDXT, 256X128)
[2018.04.05-15.37.30:628][  0]LogTexture: Display: Building textures: SkyOcclusion1_8 (AutoDXT, 256X128)
[2018.04.05-15.37.30:628][  0]LogTexture: Display: Building textures: SkyOcclusion1_9 (AutoDXT, 256X128)
[2018.04.05-15.37.30:628][  0]LogTexture: Display: Building textures: ShadowMapTexture2D_48 (G8, 1024X1024)
[2018.04.05-15.37.30:628][  0]LogTexture: Display: Building textures: ShadowMapTexture2D_49 (G8, 512X128)
[2018.04.05-15.37.30:628][  0]LogTexture: Display: Building textures: ShadowMapTexture2D_50 (G8, 32X32)
[2018.04.05-15.37.30:628][  0]LogTexture: Display: Building textures: T_Mushroom_A (AutoDXT, 512X512)
[2018.04.05-15.37.31:004][  0]LogShaderCompilers: Display: Shaders left to compile 60
[2018.04.05-15.37.31:004][  0]LogShaderCompilers: Display: Shaders left to compile 50
[2018.04.05-15.37.31:004][  0]LogShaderCompilers: Display: Shaders left to compile 40
[2018.04.05-15.37.32:238][  0]LogStaticMesh: Building static mesh SM_Mushroom_A...
[2018.04.05-15.37.32:276][  0]LogStaticMesh: Built static mesh [0.04s] /Game/LandScape/SM_Mushroom_A.SM_Mushroom_A
[2018.04.05-15.37.33:591][  0]LogMaterial: Missing cached shader map for material M_Grass_Masked, compiling. 
[2018.04.05-15.37.34:021][  0]LogMaterial: Missing cached shader map for material M_Mushroom_A, compiling. 
[2018.04.05-15.37.37:097][  0]LogSkeletalMesh: Skeletal Mesh found in DDC [809.842590ms] /Game/Mannequin/Character/Mesh/SK_Mannequin.SK_Mannequin
[2018.04.05-15.37.38:062][  0]LogAIModule: Creating AISystem for world ThirdPersonExampleMap
[2018.04.05-15.37.47:329][  0]LogEditorServer: Finished looking for orphan Actors (0.000 secs)
[2018.04.05-15.37.49:703][  0]Cmd: MAP CHECKDEP NOCLEARLOG
[2018.04.05-15.37.49:835][  0]MapCheck: Map check complete: 0 Error(s), 0 Warning(s), took 129,191ms to complete.
[2018.04.05-15.37.49:835][  0]LogFileHelpers: Loading map 'ThirdPersonExampleMap' took 41.464
[2018.04.05-15.39.06:941][  0]LogCollectionManager: Loaded 0 collections in 0.002797 seconds
[2018.04.05-15.39.08:532][  0]LogFileCache: Scanning file cache for directory 'C:/Users/DELL/Documents/Unreal Projects/CourseGame/CourseGameProject/Saved/Collections/' took 0.01s
[2018.04.05-15.39.08:532][  0]LogFileCache: Scanning file cache for directory 'C:/Users/DELL/Documents/Unreal Projects/CourseGame/CourseGameProject/Content/Developers/DELL/Collections/' took 0.01s
[2018.04.05-15.39.08:532][  0]LogFileCache: Scanning file cache for directory 'C:/Users/DELL/Documents/Unreal Projects/CourseGame/CourseGameProject/Content/Collections/' took 0.01s
[2018.04.05-15.39.08:532][  0]LogCollectionManager: Rebuilt the GUID cache for 0 collections in 0.000001 seconds
[2018.04.05-15.39.08:553][  0]LogContentBrowser: Native class hierarchy populated in 0.0174 seconds. Added 2453 classes and 560 folders.
[2018.04.05-15.39.09:942][  0]LogContentBrowser: Native class hierarchy updated for 'WidgetCarousel' in 0.0004 seconds. Added 0 classes and 0 folders.
[2018.04.05-15.39.32:063][  0]LogContentBrowser: Native class hierarchy updated for 'AddContentDialog' in 0.0007 seconds. Added 0 classes and 0 folders.
[2018.04.05-15.40.01:177][  0]LogSlate: Took 0.243231 seconds to synchronously load lazily loaded font '../../../Engine/Content/Slate/Fonts/Roboto-Regular.ttf' (155K)
[2018.04.05-15.40.02:129][  0]LogSlate: Took 0.335011 seconds to synchronously load lazily loaded font '../../../Engine/Content/Slate/Fonts/Roboto-Bold.ttf' (160K)
[2018.04.05-15.40.04:373][  0]LogSlate: Took 0.120837 seconds to synchronously load lazily loaded font '../../../Engine/Content/Editor/Slate/Fonts/FontAwesome.ttf' (139K)
