Log file open, 04/16/18 07:27:08
LogWindows: Failed to load 'aqProf.dll' (GetLastError=126)
LogWindows: File 'aqProf.dll' does not exist
LogWindows: Failed to load 'VtuneApi.dll' (GetLastError=126)
LogWindows: File 'VtuneApi.dll' does not exist
LogWindows: Failed to load 'VtuneApi32e.dll' (GetLastError=126)
LogWindows: File 'VtuneApi32e.dll' does not exist
LogInit: Display: Running engine for game: GameProject
LogPlatformFile: Not using cached read wrapper
LogInit: Display: RandInit(1260811124) SRandInit(1260811124).
LogInit: Read version file with build ID '3944462'
LogInit: Overriding engine version to CL 3989454, compatible CL 3944462
LogInit: Registered custom module enumerator with build ID '3944462'
LogTaskGraph: Started task graph with 5 named threads and 11 total threads with 3 sets of task threads.
LogStats: Stats thread started at 0.290981
LogD3D11RHI: Aftermath initialized
LogICUInternationalization: Display: ICU TimeZone Detection - Raw Offset: +3:00, Platform Override: ''
LogModuleManager: Display: Found up-to-date module file ../../../Engine/Plugins/2D/Paper2D/Binaries/Win64/UE4Editor-Paper2D.dll (API version 3944462).
LogModuleManager: Display: Found up-to-date module file ../../../Engine/Plugins/2D/Paper2D/Binaries/Win64/UE4Editor-Paper2DEditor.dll (API version 3944462).
LogModuleManager: Display: Found up-to-date module file ../../../Engine/Plugins/2D/Paper2D/Binaries/Win64/UE4Editor-PaperSpriteSheetImporter.dll (API version 3944462).
LogModuleManager: Display: Found up-to-date module file ../../../Engine/Plugins/2D/Paper2D/Binaries/Win64/UE4Editor-PaperTiledImporter.dll (API version 3944462).
LogModuleManager: Display: Found up-to-date module file ../../../Engine/Plugins/2D/Paper2D/Binaries/Win64/UE4Editor-SmartSnapping.dll (API version 3944462).
LogModuleManager: Display: Found up-to-date module file ../../../Engine/Plugins/Blendables/LightPropagationVolume/Binaries/Win64/UE4Editor-LightPropagationVolumeRuntime.dll (API version 3944462).
LogModuleManager: Display: Found up-to-date module file ../../../Engine/Plugins/Blendables/LightPropagationVolume/Binaries/Win64/UE4Editor-LightPropagationVolumeEditor.dll (API version 3944462).
LogModuleManager: Display: Found up-to-date module file ../../../Engine/Plugins/Developer/CLionSourceCodeAccess/Binaries/Win64/UE4Editor-CLionSourceCodeAccess.dll (API version 3944462).
LogModuleManager: Display: Found up-to-date module file ../../../Engine/Plugins/Developer/GitSourceControl/Binaries/Win64/UE4Editor-GitSourceControl.dll (API version 3944462).
LogModuleManager: Display: Found up-to-date module file ../../../Engine/Plugins/Developer/PerforceSourceControl/Binaries/Win64/UE4Editor-PerforceSourceControl.dll (API version 3944462).
LogModuleManager: Display: Found up-to-date module file ../../../Engine/Plugins/Developer/SubversionSourceControl/Binaries/Win64/UE4Editor-SubversionSourceControl.dll (API version 3944462).
LogModuleManager: Display: Found up-to-date module file ../../../Engine/Plugins/Developer/UObjectPlugin/Binaries/Win64/UE4Editor-UObjectPlugin.dll (API version 3944462).
LogModuleManager: Display: Found up-to-date module file ../../../Engine/Plugins/Developer/VisualStudioCodeSourceCodeAccess/Binaries/Win64/UE4Editor-VisualStudioCodeSourceCodeAccess.dll (API version 3944462).
LogModuleManager: Display: Found up-to-date module file ../../../Engine/Plugins/Developer/VisualStudioSourceCodeAccess/Binaries/Win64/UE4Editor-VisualStudioSourceCodeAccess.dll (API version 3944462).
LogModuleManager: Display: Found up-to-date module file ../../../Engine/Plugins/Editor/AssetManagerEditor/Binaries/Win64/UE4Editor-AssetManagerEditor.dll (API version 3944462).
LogModuleManager: Display: Found up-to-date module file ../../../Engine/Plugins/Editor/CryptoKeys/Binaries/Win64/UE4Editor-CryptoKeys.dll (API version 3944462).
LogModuleManager: Display: Found up-to-date module file ../../../Engine/Plugins/Editor/CryptoKeys/Binaries/Win64/UE4Editor-CryptoKeysOpenSSL.dll (API version 3944462).
LogModuleManager: Display: Found up-to-date module file ../../../Engine/Plugins/Editor/DataValidation/Binaries/Win64/UE4Editor-DataValidation.dll (API version 3944462).
LogModuleManager: Display: Found up-to-date module file ../../../Engine/Plugins/Editor/FacialAnimation/Binaries/Win64/UE4Editor-FacialAnimation.dll (API version 3944462).
LogModuleManager: Display: Found up-to-date module file ../../../Engine/Plugins/Editor/FacialAnimation/Binaries/Win64/UE4Editor-FacialAnimationEditor.dll (API version 3944462).
LogModuleManager: Display: Found up-to-date module file ../../../Engine/Plugins/Editor/GameplayTagsEditor/Binaries/Win64/UE4Editor-GameplayTagsEditor.dll (API version 3944462).
LogModuleManager: Display: Found up-to-date module file ../../../Engine/Plugins/Editor/MobileLauncherProfileWizard/Binaries/Win64/UE4Editor-MobileLauncherProfileWizard.dll (API version 3944462).
LogModuleManager: Display: Found up-to-date module file ../../../Engine/Plugins/Editor/PluginBrowser/Binaries/Win64/UE4Editor-PluginBrowser.dll (API version 3944462).
LogModuleManager: Display: Found up-to-date module file ../../../Engine/Plugins/Editor/SpeedTreeImporter/Binaries/Win64/UE4Editor-SpeedTreeImporter.dll (API version 3944462).
LogModuleManager: Display: Found up-to-date module file ../../../Engine/Plugins/Enterprise/DatasmithContent/Binaries/Win64/UE4Editor-DatasmithContent.dll (API version 3944462).
LogModuleManager: Display: Found up-to-date module file ../../../Engine/Plugins/Experimental/AlembicImporter/Binaries/Win64/UE4Editor-AlembicImporter.dll (API version 3944462).
LogModuleManager: Display: Found up-to-date module file ../../../Engine/Plugins/Experimental/AlembicImporter/Binaries/Win64/UE4Editor-AlembicLibrary.dll (API version 3944462).
LogModuleManager: Display: Found up-to-date module file ../../../Engine/Plugins/Experimental/CharacterAI/Binaries/Win64/UE4Editor-CharacterAI.dll (API version 3944462).
LogModuleManager: Display: Found up-to-date module file ../../../Engine/Plugins/Experimental/HTML5Networking/Binaries/Win64/UE4Editor-HTML5Networking.dll (API version 3944462).
LogModuleManager: Display: Found up-to-date module file ../../../Engine/Plugins/Media/AndroidMedia/Binaries/Win64/UE4Editor-AndroidMediaEditor.dll (API version 3944462).
LogModuleManager: Display: Found up-to-date module file ../../../Engine/Plugins/Media/AndroidMedia/Binaries/Win64/UE4Editor-AndroidMediaFactory.dll (API version 3944462).
LogModuleManager: Display: Found up-to-date module file ../../../Engine/Plugins/Media/AvfMedia/Binaries/Win64/UE4Editor-AvfMediaEditor.dll (API version 3944462).
LogModuleManager: Display: Found up-to-date module file ../../../Engine/Plugins/Media/AvfMedia/Binaries/Win64/UE4Editor-AvfMediaFactory.dll (API version 3944462).
LogModuleManager: Display: Found up-to-date module file ../../../Engine/Plugins/Media/AvfMedia/Binaries/Win64/UE4Editor-AvfMediaFactory.dll (API version 3944462).
LogModuleManager: Display: Found up-to-date module file ../../../Engine/Plugins/Media/ImgMedia/Binaries/Win64/UE4Editor-ImgMedia.dll (API version 3944462).
LogModuleManager: Display: Found up-to-date module file ../../../Engine/Plugins/Media/ImgMedia/Binaries/Win64/UE4Editor-ImgMediaEditor.dll (API version 3944462).
LogModuleManager: Display: Found up-to-date module file ../../../Engine/Plugins/Media/ImgMedia/Binaries/Win64/UE4Editor-ImgMediaFactory.dll (API version 3944462).
LogModuleManager: Display: Found up-to-date module file ../../../Engine/Plugins/Media/ImgMedia/Binaries/Win64/UE4Editor-ImgMediaFactory.dll (API version 3944462).
LogModuleManager: Display: Found up-to-date module file ../../../Engine/Plugins/Media/ImgMedia/Binaries/Win64/UE4Editor-OpenExrWrapper.dll (API version 3944462).
LogModuleManager: Display: Found up-to-date module file ../../../Engine/Plugins/Media/LinearTimecode/Binaries/Win64/UE4Editor-LinearTimecode.dll (API version 3944462).
LogModuleManager: Display: Found up-to-date module file ../../../Engine/Plugins/Media/MediaCompositing/Binaries/Win64/UE4Editor-MediaCompositing.dll (API version 3944462).
LogModuleManager: Display: Found up-to-date module file ../../../Engine/Plugins/Media/MediaCompositing/Binaries/Win64/UE4Editor-MediaCompositingEditor.dll (API version 3944462).
LogModuleManager: Display: Found up-to-date module file ../../../Engine/Plugins/Media/MediaPlayerEditor/Binaries/Win64/UE4Editor-MediaPlayerEditor.dll (API version 3944462).
LogModuleManager: Display: Found up-to-date module file ../../../Engine/Plugins/Media/WmfMedia/Binaries/Win64/UE4Editor-WmfMedia.dll (API version 3944462).
LogModuleManager: Display: Found up-to-date module file ../../../Engine/Plugins/Media/WmfMedia/Binaries/Win64/UE4Editor-WmfMediaEditor.dll (API version 3944462).
LogModuleManager: Display: Found up-to-date module file ../../../Engine/Plugins/Media/WmfMedia/Binaries/Win64/UE4Editor-WmfMediaFactory.dll (API version 3944462).
LogModuleManager: Display: Found up-to-date module file ../../../Engine/Plugins/Media/WmfMedia/Binaries/Win64/UE4Editor-WmfMediaFactory.dll (API version 3944462).
LogModuleManager: Display: Found up-to-date module file ../../../Engine/Plugins/Messaging/TcpMessaging/Binaries/Win64/UE4Editor-TcpMessaging.dll (API version 3944462).
LogModuleManager: Display: Found up-to-date module file ../../../Engine/Plugins/Messaging/UdpMessaging/Binaries/Win64/UE4Editor-UdpMessaging.dll (API version 3944462).
LogModuleManager: Display: Found up-to-date module file ../../../Engine/Plugins/MovieScene/ActorSequence/Binaries/Win64/UE4Editor-ActorSequence.dll (API version 3944462).
LogModuleManager: Display: Found up-to-date module file ../../../Engine/Plugins/MovieScene/LevelSequenceEditor/Binaries/Win64/UE4Editor-LevelSequenceEditor.dll (API version 3944462).
LogModuleManager: Display: Found up-to-date module file ../../../Engine/Plugins/MovieScene/MatineeToLevelSequence/Binaries/Win64/UE4Editor-MatineeToLevelSequence.dll (API version 3944462).
LogModuleManager: Display: Found up-to-date module file ../../../Engine/Plugins/NetcodeUnitTest/NetcodeUnitTest/Binaries/Win64/UE4Editor-NetcodeUnitTest.dll (API version 3944462).
LogModuleManager: Display: Found up-to-date module file ../../../Engine/Plugins/NetcodeUnitTest/NUTUnrealEngine4/Binaries/Win64/UE4Editor-NUTUnrealEngine4.dll (API version 3944462).
LogModuleManager: Display: Found up-to-date module file ../../../Engine/Plugins/Online/OnlineSubsystem/Binaries/Win64/UE4Editor-OnlineSubsystem.dll (API version 3944462).
LogModuleManager: Display: Found up-to-date module file ../../../Engine/Plugins/Runtime/AndroidPermission/Binaries/Win64/UE4Editor-AndroidPermission.dll (API version 3944462).
LogModuleManager: Display: Found up-to-date module file ../../../Engine/Plugins/Online/OnlineSubsystemNull/Binaries/Win64/UE4Editor-OnlineSubsystemNull.dll (API version 3944462).
LogModuleManager: Display: Found up-to-date module file ../../../Engine/Plugins/Online/OnlineSubsystemUtils/Binaries/Win64/UE4Editor-OnlineSubsystemUtils.dll (API version 3944462).
LogModuleManager: Display: Found up-to-date module file ../../../Engine/Plugins/Online/OnlineSubsystemUtils/Binaries/Win64/UE4Editor-OnlineBlueprintSupport.dll (API version 3944462).
LogModuleManager: Display: Found up-to-date module file ../../../Engine/Plugins/Runtime/AndroidDeviceProfileSelector/Binaries/Win64/UE4Editor-AndroidDeviceProfileSelector.dll (API version 3944462).
LogModuleManager: Display: Found up-to-date module file ../../../Engine/Plugins/Runtime/AppleARKit/Binaries/Win64/UE4Editor-AppleARKit.dll (API version 3944462).
LogModuleManager: Display: Found up-to-date module file ../../../Engine/Plugins/Runtime/ProceduralMeshComponent/Binaries/Win64/UE4Editor-ProceduralMeshComponent.dll (API version 3944462).
LogModuleManager: Display: Found up-to-date module file ../../../Engine/Plugins/Runtime/ProceduralMeshComponent/Binaries/Win64/UE4Editor-ProceduralMeshComponentEditor.dll (API version 3944462).
LogModuleManager: Display: Found up-to-date module file ../../../Engine/Plugins/Animation/LiveLink/Binaries/Win64/UE4Editor-LiveLink.dll (API version 3944462).
LogModuleManager: Display: Found up-to-date module file ../../../Engine/Plugins/Animation/LiveLink/Binaries/Win64/UE4Editor-LiveLinkEditor.dll (API version 3944462).
LogModuleManager: Display: Found up-to-date module file ../../../Engine/Plugins/Runtime/ArchVisCharacter/Binaries/Win64/UE4Editor-ArchVisCharacter.dll (API version 3944462).
LogModuleManager: Display: Found up-to-date module file ../../../Engine/Plugins/Runtime/AudioCapture/Binaries/Win64/UE4Editor-AudioCapture.dll (API version 3944462).
LogModuleManager: Display: Found up-to-date module file ../../../Engine/Plugins/Runtime/AudioCapture/Binaries/Win64/UE4Editor-AudioCaptureEditor.dll (API version 3944462).
LogModuleManager: Display: Found up-to-date module file ../../../Engine/Plugins/Runtime/CableComponent/Binaries/Win64/UE4Editor-CableComponent.dll (API version 3944462).
LogModuleManager: Display: Found up-to-date module file ../../../Engine/Plugins/Runtime/CustomMeshComponent/Binaries/Win64/UE4Editor-CustomMeshComponent.dll (API version 3944462).
LogModuleManager: Display: Found up-to-date module file ../../../Engine/Plugins/Runtime/ExampleDeviceProfileSelector/Binaries/Win64/UE4Editor-ExampleDeviceProfileSelector.dll (API version 3944462).
LogModuleManager: Display: Found up-to-date module file ../../../Engine/Plugins/Runtime/ImmediatePhysics/Binaries/Win64/UE4Editor-ImmediatePhysics.dll (API version 3944462).
LogModuleManager: Display: Found up-to-date module file ../../../Engine/Plugins/Runtime/ImmediatePhysics/Binaries/Win64/UE4Editor-ImmediatePhysicsEditor.dll (API version 3944462).
LogModuleManager: Display: Found up-to-date module file ../../../Engine/Plugins/Runtime/LocationServicesBPLibrary/Binaries/Win64/UE4Editor-LocationServicesBPLibrary.dll (API version 3944462).
LogModuleManager: Display: Found up-to-date module file ../../../Engine/Plugins/Runtime/MobilePatchingUtils/Binaries/Win64/UE4Editor-MobilePatchingUtils.dll (API version 3944462).
LogModuleManager: Display: Found up-to-date module file ../../../Engine/Plugins/Runtime/Oculus/OculusVR/Binaries/Win64/UE4Editor-OculusHMD.dll (API version 3944462).
LogModuleManager: Display: Found up-to-date module file ../../../Engine/Plugins/Runtime/Oculus/OculusVR/Binaries/Win64/UE4Editor-OculusInput.dll (API version 3944462).
LogModuleManager: Display: Found up-to-date module file ../../../Engine/Plugins/Runtime/Oculus/OculusVR/Binaries/Win64/UE4Editor-OculusEditor.dll (API version 3944462).
LogModuleManager: Display: Found up-to-date module file ../../../Engine/Plugins/Runtime/PhysXVehicles/Binaries/Win64/UE4Editor-PhysXVehicles.dll (API version 3944462).
LogModuleManager: Display: Found up-to-date module file ../../../Engine/Plugins/Runtime/PhysXVehicles/Binaries/Win64/UE4Editor-PhysXVehiclesEditor.dll (API version 3944462).
LogModuleManager: Display: Found up-to-date module file ../../../Engine/Plugins/Runtime/RuntimePhysXCooking/Binaries/Win64/UE4Editor-RuntimePhysXCooking.dll (API version 3944462).
LogModuleManager: Display: Found up-to-date module file ../../../Engine/Plugins/Runtime/Steam/SteamVR/Binaries/Win64/UE4Editor-SteamVR.dll (API version 3944462).
LogModuleManager: Display: Found up-to-date module file ../../../Engine/Plugins/Runtime/Steam/SteamVR/Binaries/Win64/UE4Editor-SteamVRController.dll (API version 3944462).
LogModuleManager: Display: Found up-to-date module file ../../../Engine/Plugins/Runtime/WindowsMoviePlayer/Binaries/Win64/UE4Editor-WindowsMoviePlayer.dll (API version 3944462).
LogPluginManager: Mounting plugin Paper2D
LogPluginManager: Mounting plugin LiveLink
LogPluginManager: Mounting plugin LightPropagationVolume
LogPluginManager: Mounting plugin CLionSourceCodeAccess
LogPluginManager: Mounting plugin CodeLiteSourceCodeAccess
LogPluginManager: Mounting plugin GitSourceControl
LogPluginManager: Mounting plugin KDevelopSourceCodeAccess
LogPluginManager: Mounting plugin NullSourceCodeAccess
LogPluginManager: Mounting plugin PerforceSourceControl
LogPluginManager: Mounting plugin SubversionSourceControl
LogPluginManager: Mounting plugin UObjectPlugin
LogPluginManager: Mounting plugin VisualStudioCodeSourceCodeAccess
LogPluginManager: Mounting plugin VisualStudioSourceCodeAccess
LogPluginManager: Mounting plugin XCodeSourceCodeAccess
LogPluginManager: Mounting plugin AssetManagerEditor
LogPluginManager: Mounting plugin CryptoKeys
LogPluginManager: Mounting plugin DataValidation
LogPluginManager: Mounting plugin FacialAnimation
LogPluginManager: Mounting plugin GameplayTagsEditor
LogPluginManager: Mounting plugin MobileLauncherProfileWizard
LogPluginManager: Mounting plugin PluginBrowser
LogPluginManager: Mounting plugin SpeedTreeImporter
LogPluginManager: Mounting plugin DatasmithContent
LogPluginManager: Mounting plugin AlembicImporter
LogPluginManager: Mounting plugin CharacterAI
LogPluginManager: Mounting plugin HTML5Networking
LogPluginManager: Mounting plugin AndroidMedia
LogPluginManager: Mounting plugin AvfMedia
LogPluginManager: Mounting plugin ImgMedia
LogPluginManager: Mounting plugin LinearTimecode
LogPluginManager: Mounting plugin MediaCompositing
LogPluginManager: Mounting plugin MediaPlayerEditor
LogPluginManager: Mounting plugin WmfMedia
LogPluginManager: Mounting plugin TcpMessaging
LogPluginManager: Mounting plugin UdpMessaging
LogPluginManager: Mounting plugin ActorSequence
LogPluginManager: Mounting plugin LevelSequenceEditor
LogPluginManager: Mounting plugin MatineeToLevelSequence
LogPluginManager: Mounting plugin NetcodeUnitTest
LogPluginManager: Mounting plugin NUTUnrealEngine4
LogPluginManager: Mounting plugin OnlineSubsystemGooglePlay
LogPluginManager: Mounting plugin OnlineSubsystemIOS
LogPluginManager: Mounting plugin OnlineSubsystem
LogPluginManager: Mounting plugin OnlineSubsystemNull
LogPluginManager: Mounting plugin OnlineSubsystemUtils
LogPluginManager: Mounting plugin AndroidDeviceProfileSelector
LogPluginManager: Mounting plugin AndroidMoviePlayer
LogPluginManager: Mounting plugin AndroidPermission
LogPluginManager: Mounting plugin AppleARKit
LogPluginManager: Mounting plugin AppleMoviePlayer
LogPluginManager: Mounting plugin ArchVisCharacter
LogPluginManager: Mounting plugin AudioCapture
LogPluginManager: Mounting plugin CableComponent
LogPluginManager: Mounting plugin CustomMeshComponent
LogPluginManager: Mounting plugin ExampleDeviceProfileSelector
LogPluginManager: Mounting plugin GoogleCloudMessaging
LogPluginManager: Mounting plugin ImmediatePhysics
LogPluginManager: Mounting plugin IOSDeviceProfileSelector
LogPluginManager: Mounting plugin LinuxDeviceProfileSelector
LogPluginManager: Mounting plugin LocationServicesBPLibrary
LogPluginManager: Mounting plugin MobilePatchingUtils
LogPluginManager: Mounting plugin OculusVR
LogPluginManager: Plugin shader directory ../../../Engine/Plugins/Runtime/Oculus/OculusVR/Shaders found
LogPluginManager: Mapping shader source directory ../../../Engine/Plugins/Runtime/Oculus/OculusVR/Shaders to virtual directory /Plugin/OculusVR
LogPluginManager: Mounting plugin PhysXVehicles
LogPluginManager: Mounting plugin ProceduralMeshComponent
LogPluginManager: Mounting plugin RuntimePhysXCooking
LogPluginManager: Mounting plugin SteamVR
LogPluginManager: Mounting plugin WindowsMoviePlayer
LogStreaming: Display: Took 24.829s to configure plugins.
LogInit: Using libcurl 7.47.1
LogInit:  - built for x86_64-pc-win32
LogInit:  - supports SSL with OpenSSL/1.0.2g
LogInit:  - supports HTTP deflate (compression) using libz 1.2.8
LogInit:  - other features:
LogInit:      CURL_VERSION_SSL
LogInit:      CURL_VERSION_LIBZ
LogInit:      CURL_VERSION_IPV6
LogInit:      CURL_VERSION_ASYNCHDNS
LogInit:      CURL_VERSION_LARGEFILE
LogInit:      CURL_VERSION_IDN
LogInit:  CurlRequestOptions (configurable via config and command line):
LogInit:  - bVerifyPeer = false  - Libcurl will NOT verify peer certificate
LogInit:  - bUseHttpProxy = false  - Libcurl will NOT use HTTP proxy
LogInit:  - bDontReuseConnections = false  - Libcurl will reuse connections
LogInit:  - CertBundlePath = nullptr  - Libcurl will use whatever was configured at build time.
LogInit:  - MaxHostConnections = 16  - Libcurl will limit the number of connections to a host
LogInit:  - LocalHostAddr = Default
LogInit: WinSock: version 1.1 (2.2), MaxSocks=32767, MaxUdp=65467
LogInit: WinSock: I am DESKTOP-JM63DLP (192.168.43.226:0)
LogInit: Build: ++UE4+Release-4.19-CL-3989454
LogInit: Engine Version: 4.19.1-3989454+++UE4+Release-4.19
LogInit: Compatible Engine Version: 4.19.0-3944462+++UE4+Release-4.19
LogInit: Net CL: 3944462
LogDevObjectVersion: Number of dev versions registered: 18
LogDevObjectVersion:   Dev-Blueprints (B0D832E4-1F89-4F0D-ACCF-7EB736FD4AA2): 10
LogDevObjectVersion:   Dev-Build (E1C64328-A22C-4D53-A36C-8E866417BD8C): 0
LogDevObjectVersion:   Dev-Core (375EC13C-06E4-48FB-B500-84F0262A717E): 2
LogDevObjectVersion:   Dev-Editor (E4B068ED-F494-42E9-A231-DA0B2E46BB41): 23
LogDevObjectVersion:   Dev-Framework (CFFC743F-43B0-4480-9391-14DF171D2073): 33
LogDevObjectVersion:   Dev-Mobile (B02B49B5-BB20-44E9-A304-32B752E40360): 2
LogDevObjectVersion:   Dev-Networking (A4E4105C-59A1-49B5-A7C5-40C4547EDFEE): 0
LogDevObjectVersion:   Dev-Online (39C831C9-5AE6-47DC-9A44-9C173E1C8E7C): 0
LogDevObjectVersion:   Dev-Physics (78F01B33-EBEA-4F98-B9B4-84EACCB95AA2): 0
LogDevObjectVersion:   Dev-Platform (6631380F-2D4D-43E0-8009-CF276956A95A): 0
LogDevObjectVersion:   Dev-Rendering (12F88B9F-8875-4AFC-A67C-D90C383ABD29): 25
LogDevObjectVersion:   Dev-Sequencer (7B5AE74C-D270-4C10-A958-57980B212A5A): 6
LogDevObjectVersion:   Dev-VR (D7296918-1DD6-4BDD-9DE2-64A83CC13884): 1
LogDevObjectVersion:   Dev-LoadTimes (C2A15278-BFE7-4AFE-6C17-90FF531DF755): 1
LogDevObjectVersion:   Private-Geometry (6EACA3D4-40EC-4CC1-B786-8BED09428FC5): 2
LogDevObjectVersion:   Dev-AnimPhys (29E575DD-E0A3-4627-9D10-D276232CDCEA): 16
LogDevObjectVersion:   Dev-ReflectionCapture (6B266CEC-1EC7-4B8F-A30B-E4D90942FC07): 1
LogDevObjectVersion:   Dev-Automation (0DF73D61-A23F-47EA-B727-89E90C41499A): 1
LogInit: Compiled (64-bit): Apr  6 2018 12:26:04
LogInit: Compiled with Visual C++: 19.00.24215.01
LogInit: Build Configuration: Development
LogInit: Branch Name: ++UE4+Release-4.19
LogInit: Command Line:  
LogInit: Base Directory: C:/Program Files/Epic Games/UE_4.19/Engine/Binaries/Win64/
LogInit: Installed Engine Build: 1
LogStreaming: Display: Took  0.095s to delete old logs.
LogInit: Presizing for max 8388607 objects, including 0 objects not considered by GC, pre-allocating 0 bytes for permanent pool.
LogInit: Object subsystem initialized
[2018.04.16-04.27.36:807][  0]LogInit: Selected Device Profile: [Windows]
[2018.04.16-04.27.36:807][  0]LogInit: Applying CVar settings loaded from the selected device profile: [Windows]
[2018.04.16-04.27.37:015][  0]LogInit: Computer: DESKTOP-JM63DLP
[2018.04.16-04.27.37:015][  0]LogInit: User: DELL
[2018.04.16-04.27.37:015][  0]LogInit: CPU Page size=4096, Cores=2
[2018.04.16-04.27.37:015][  0]LogInit: High frequency timer resolution =2.343754 MHz
[2018.04.16-04.27.37:017][  0]LogMemory: Memory total: Physical=3.9GB (4GB approx)
[2018.04.16-04.27.37:017][  0]LogMemory: Platform Memory Stats for Windows
[2018.04.16-04.27.37:017][  0]LogMemory: Process Physical Memory: 276.77 MB used, 276.77 MB peak
[2018.04.16-04.27.37:018][  0]LogMemory: Process Virtual Memory: 263.96 MB used, 263.96 MB peak
[2018.04.16-04.27.37:018][  0]LogMemory: Physical Memory: 3194.15 MB used,  799.40 MB free, 3993.55 MB total
[2018.04.16-04.27.37:018][  0]LogMemory: Virtual Memory: 669.64 MB used,  799.40 MB free, 134217728.00 MB total
[2018.04.16-04.27.37:619][  0]LogInit: Using OS detected language (ru-RU).
[2018.04.16-04.27.37:619][  0]LogInit: Using OS detected locale (ru-RU).
[2018.04.16-04.27.37:783][  0]LogTextLocalizationManager: No localization for 'ru-RU' exists, so 'en' will be used for the language.
[2018.04.16-04.27.42:826][  0]LogStreaming: Display: Took  5.207s to EndInitTextLocalization.
[2018.04.16-04.27.42:827][  0]LogInit: Setting process to per monitor DPI aware
[2018.04.16-04.27.43:139][  0]LogSlate: New Slate User Created.  User Index 0, Is Virtual User: 0
[2018.04.16-04.27.43:140][  0]LogSlate: Slate User Registered.  User Index 0, Is Virtual User: 0
[2018.04.16-04.27.46:507][  0]LogD3D11RHI: D3D11 adapters:
[2018.04.16-04.27.47:141][  0]LogD3D11RHI:    0. 'NVIDIA GeForce 940MX' (Feature Level 11_0)
[2018.04.16-04.27.47:141][  0]LogD3D11RHI:       2020/0/1996 MB DedicatedVideo/DedicatedSystem/SharedSystem, Outputs:1, VendorId:0x10de
[2018.04.16-04.27.47:225][  0]LogD3D11RHI:    1. 'Intel(R) HD Graphics 620' (Feature Level 11_0)
[2018.04.16-04.27.47:225][  0]LogD3D11RHI:       128/0/1996 MB DedicatedVideo/DedicatedSystem/SharedSystem, Outputs:0, VendorId:0x8086
[2018.04.16-04.27.47:247][  0]LogD3D11RHI:    2. 'Microsoft Basic Render Driver' (Feature Level 11_0)
[2018.04.16-04.27.47:247][  0]LogD3D11RHI:       0/0/1996 MB DedicatedVideo/DedicatedSystem/SharedSystem, Outputs:0, VendorId:0x1414
[2018.04.16-04.27.47:247][  0]LogD3D11RHI: Chosen D3D11 Adapter: 0
[2018.04.16-04.27.47:305][  0]LogD3D11RHI: Creating new Direct3DDevice
[2018.04.16-04.27.47:306][  0]LogD3D11RHI:     GPU DeviceId: 0x134d (for the marketing name, search the web for "GPU Device Id")
[2018.04.16-04.27.47:306][  0]LogWindows: EnumDisplayDevices:
[2018.04.16-04.27.47:307][  0]LogWindows:    0. 'Intel(R) HD Graphics 620' (P:1 D:1)
[2018.04.16-04.27.47:308][  0]LogWindows:    1. 'Intel(R) HD Graphics 620' (P:0 D:0)
[2018.04.16-04.27.47:311][  0]LogWindows:    2. 'Intel(R) HD Graphics 620' (P:0 D:0)
[2018.04.16-04.27.47:312][  0]LogWindows: DebugString: GetVideoDriverDetailsInvalid PrimaryIsNotTheChoosenAdapter GetVideoDriverDetailsInvalid PrimaryIsNotTheChoosenAdapter GetVideoDriverDetailsInvalid PrimaryIsNotTheChoosenAdapter FoundDriverCount:0 
[2018.04.16-04.27.47:313][  0]LogD3D11RHI:     Adapter Name: NVIDIA GeForce 940MX
[2018.04.16-04.27.47:313][  0]LogD3D11RHI:   Driver Version: Unknown (internal:Unknown, unified:Unknown)
[2018.04.16-04.27.47:313][  0]LogD3D11RHI:      Driver Date: Unknown
[2018.04.16-04.27.47:313][  0]LogRHI: Texture pool is 1414 MB (70% of 2020 MB)
[2018.04.16-04.27.47:694][  0]LogD3D11RHI: [Aftermath] Aftermath enabled but failed to initialize
[2018.04.16-04.27.47:696][  0]LogD3D11RHI: [Aftermath] Aftermath enabled and primed
[2018.04.16-04.27.47:696][  0]LogD3D11RHI: Async texture creation enabled
[2018.04.16-04.27.47:858][  0]LogD3D11RHI: GPU Timing Frequency: 1000.000000 (Debug: 2 4)
[2018.04.16-04.27.47:867][  0]LogShaderCompilers: Guid format shader working directory is -38 characters bigger than the processId version (../../../../../../Users/DELL/Documents/Unreal Projects/CourseGame/CourseGameProject/Intermediate/Shaders/WorkingDirectory/9492/).
[2018.04.16-04.27.47:868][  0]LogShaderCompilers: Cleaned the shader compiler working directory 'C:/Users/DELL/AppData/Local/Temp/UnrealShaderWorkingDir/2830006D41E8291AFDEB7AB47719F8B0/'.
[2018.04.16-04.27.53:407][  0]LogTemp: Display: Loaded TP AllDesktopTargetPlatform
[2018.04.16-04.27.53:630][  0]LogTemp: Display: Loaded TP MacClientTargetPlatform
[2018.04.16-04.27.53:865][  0]LogTemp: Display: Loaded TP MacNoEditorTargetPlatform
[2018.04.16-04.27.54:029][  0]LogTemp: Display: Loaded TP MacServerTargetPlatform
[2018.04.16-04.27.54:191][  0]LogTemp: Display: Loaded TP MacTargetPlatform
[2018.04.16-04.27.54:400][  0]LogTemp: Display: Loaded TP WindowsClientTargetPlatform
[2018.04.16-04.27.54:555][  0]LogTemp: Display: Loaded TP WindowsNoEditorTargetPlatform
[2018.04.16-04.27.54:692][  0]LogTemp: Display: Loaded TP WindowsServerTargetPlatform
[2018.04.16-04.27.54:757][  0]LogTemp: Display: Loaded TP WindowsTargetPlatform
[2018.04.16-04.27.54:908][  0]LogTemp: Display: Loaded TP Android_ASTCTargetPlatform
[2018.04.16-04.27.55:046][  0]LogTemp: Display: Loaded TP Android_ATCTargetPlatform
[2018.04.16-04.27.55:167][  0]LogTemp: Display: Loaded TP Android_DXTTargetPlatform
[2018.04.16-04.27.55:286][  0]LogTemp: Display: Loaded TP Android_ETC1aTargetPlatform
[2018.04.16-04.27.55:445][  0]LogTemp: Display: Loaded TP Android_ETC1TargetPlatform
[2018.04.16-04.27.55:654][  0]LogTemp: Display: Loaded TP Android_ETC2TargetPlatform
[2018.04.16-04.27.56:146][  0]LogTemp: Display: Loaded TP Android_MultiTargetPlatform
[2018.04.16-04.27.56:147][  0]LogTemp: Display: Loaded TP Android_PVRTCTargetPlatform
[2018.04.16-04.27.56:453][  0]LogTemp: Display: Loaded TP AndroidTargetPlatform
[2018.04.16-04.27.56:678][  0]LogTemp: Display: Loaded TP HTML5TargetPlatform
[2018.04.16-04.27.57:373][  0]LogTemp: Display: Loaded TP IOSTargetPlatform
[2018.04.16-04.27.57:488][  0]LogTemp: Display: Loaded TP TVOSTargetPlatform
[2018.04.16-04.27.57:715][  0]LogTemp: Display: Loaded TP LinuxClientTargetPlatform
[2018.04.16-04.27.57:887][  0]LogTemp: Display: Loaded TP LinuxNoEditorTargetPlatform
[2018.04.16-04.27.58:011][  0]LogTemp: Display: Loaded TP LinuxServerTargetPlatform
[2018.04.16-04.27.58:180][  0]LogTemp: Display: Loaded TP LinuxTargetPlatform
[2018.04.16-04.27.58:180][  0]LogTargetPlatformManager: Display: Building Assets For Windows
[2018.04.16-04.28.00:033][  0]LogXGEController: Cannot use XGE Controller as Incredibuild is not installed on this machine.
[2018.04.16-04.28.00:034][  0]LogShaderCompilers: Cannot use XGE Shader Compiler as Incredibuild is not installed on this machine.
[2018.04.16-04.28.00:034][  0]LogShaderCompilers: Display: Using Local Shader Compiler.
[2018.04.16-04.28.04:194][  0]LogDerivedDataCache: Display: Max Cache Size: 512 MB
[2018.04.16-04.28.10:913][  0]LogDerivedDataCache: Loaded boot cache 6.72s 74MB C:/Users/DELL/AppData/Local/UnrealEngine/4.19/DerivedDataCache/Boot.ddc.
[2018.04.16-04.28.10:913][  0]LogDerivedDataCache: Display: Loaded Boot cache: C:/Users/DELL/AppData/Local/UnrealEngine/4.19/DerivedDataCache/Boot.ddc
[2018.04.16-04.28.10:913][  0]LogDerivedDataCache: FDerivedDataBackendGraph:  Pak pak cache file ../../../../../../Users/DELL/Documents/Unreal Projects/CourseGame/CourseGameProject/DerivedDataCache/DDC.ddp not found, will not use a pak cache.
[2018.04.16-04.28.10:913][  0]LogDerivedDataCache: Unable to find inner node Pak for hierarchical cache Hierarchy.
[2018.04.16-04.28.10:913][  0]LogDerivedDataCache: FDerivedDataBackendGraph:  CompressedPak pak cache file ../../../../../../Users/DELL/Documents/Unreal Projects/CourseGame/CourseGameProject/DerivedDataCache/Compressed.ddp not found, will not use a pak cache.
[2018.04.16-04.28.10:913][  0]LogDerivedDataCache: Unable to find inner node CompressedPak for hierarchical cache Hierarchy.
[2018.04.16-04.28.11:043][  0]LogDerivedDataCache: Display: Pak cache opened for reading ../../../Engine/DerivedDataCache/Compressed.ddp.
[2018.04.16-04.28.11:057][  0]LogDerivedDataCache: Using Local data cache path C:/Users/DELL/AppData/Local/UnrealEngine/Common/DerivedDataCache: Writable
[2018.04.16-04.28.11:082][  0]LogMaterial: Verifying Global Shaders for PCD3D_SM5
[2018.04.16-04.28.11:083][  0]LogSlate: Using Freetype 2.6.0
[2018.04.16-04.28.11:143][  0]LogSlate: SlateFontCache - WITH_FREETYPE: 1, WITH_HARFBUZZ: 1
[2018.04.16-04.28.11:143][  0]LogSlate: SlateFontCache - WITH_FREETYPE: 1, WITH_HARFBUZZ: 1
[2018.04.16-04.28.22:596][  0]LogAssetRegistry: FAssetRegistry took 0.0297 seconds to start up
[2018.04.16-04.28.29:158][  0]LogInit: Selected Device Profile: [Windows]
[2018.04.16-04.28.32:570][  0]LogSimplygon: Simplygon DLL not present - disabling.
[2018.04.16-04.28.32:870][  0]LogMeshReduction: Using SimplygonSwarm for distributed automatic mesh merging
[2018.04.16-04.28.32:871][  0]LogMeshReduction: Using QuadricMeshReduction for automatic static mesh reduction
[2018.04.16-04.28.32:871][  0]LogMeshReduction: No automatic skeletal mesh reduction module available
[2018.04.16-04.28.32:871][  0]LogMeshReduction: No automatic mesh merging module available
[2018.04.16-04.28.32:871][  0]LogMeshMerging: No automatic mesh merging module available
[2018.04.16-04.28.33:379][  0]LogNetVersion: GameProject , NetCL: 3944462, EngineNetVer: 2, GameNetVer: 0 (Checksum: 1782027929)
[2018.04.16-04.28.37:514][  0]LogPackageLocalizationCache: Processed 9 localized package path(s) for 1 prioritized culture(s) in 0.263438 seconds
[2018.04.16-04.28.37:522][  0]LogUObjectArray: 36728 objects as part of root set at end of initial load.
[2018.04.16-04.28.37:522][  0]LogUObjectAllocator: 7314312 out of 0 bytes used by permanent object pool.
[2018.04.16-04.28.37:522][  0]LogUObjectArray: CloseDisregardForGC: 0/0 objects in disregard for GC pool
[2018.04.16-04.29.34:497][  0]LogTcpMessaging: Initializing TcpMessaging bridge
[2018.04.16-04.29.34:668][  0]LogUdpMessaging: Initializing bridge on interface 0.0.0.0:0 to multicast group 230.0.0.1:6666.
[2018.04.16-04.29.37:691][  0]SourceControl: Source control is disabled
[2018.04.16-04.29.37:691][  0]SourceControl: Source control is disabled
[2018.04.16-04.29.38:016][  0]SourceControl: Source control is disabled
[2018.04.16-04.29.38:070][  0]SourceControl: Source control is disabled
[2018.04.16-04.29.41:501][  0]LogAndroidPermission: UAndroidPermissionCallbackProxy::GetInstance
[2018.04.16-04.29.43:483][  0]LogOcInput: OculusInput pre-init called
[2018.04.16-04.29.50:451][  0]LogAutomationTest: Warning: Smoke tests took > 2s to run: 2.61s
[2018.04.16-04.29.50:587][  0]LogEngine: Initializing Engine...
[2018.04.16-04.29.50:891][  0]LogHMD: Failed to initialize OpenVR with code 110
[2018.04.16-04.29.50:990][  0]LogStats: UGameplayTagsManager::ConstructGameplayTagTree: Construct from data asset -  0.000 s
[2018.04.16-04.29.51:023][  0]LogStats: UGameplayTagsManager::ConstructGameplayTagTree: GameplayTagTreeChangedEvent.Broadcast -  0.002 s
[2018.04.16-04.29.57:472][  0]LogAIModule: Creating AISystem for world Untitled
[2018.04.16-04.29.57:558][  0]LogInit: XAudio2 using 'Динамики / головные телефоны (Realtek Audio)' : 2 channels at 48 kHz using 32 bits per sample (channel mask 0x3)
[2018.04.16-04.29.58:018][  0]LogInit: FAudioDevice initialized.
[2018.04.16-04.29.59:005][  0]LogDerivedDataCache: Saved boot cache 0.99s 74MB C:/Users/DELL/AppData/Local/UnrealEngine/4.19/DerivedDataCache/Boot.ddc.
[2018.04.16-04.29.59:041][  0]LogInit: Texture streaming: Enabled
[2018.04.16-04.29.59:449][  0]LogEngineSessionManager: EngineSessionManager initialized
[2018.04.16-04.30.04:902][  0]LogInit: Transaction tracking system initialized
[2018.04.16-04.30.10:580][  0]BlueprintLog: New page: Editor Load
[2018.04.16-04.30.16:352][  0]LocalizationService: Localization service is disabled
[2018.04.16-04.30.21:678][  0]LogConsoleResponse: Display: 
[2018.04.16-04.30.27:759][  0]LogCook: Display: Max memory allowance for cook 16384mb min free memory 0mb
[2018.04.16-04.30.27:761][  0]LogCook: Display: Mobile HDR setting 1
[2018.04.16-04.30.27:805][  0]LogGameplayTags: Display: UGameplayTagsManager::DoneAddingNativeTags. DelegateIsBound: 0
[2018.04.16-04.30.27:809][  0]LogStats: UGameplayTagsManager::ConstructGameplayTagTree: Construct from data asset -  0.000 s
[2018.04.16-04.30.27:809][  0]LogStats: UGameplayTagsManager::ConstructGameplayTagTree: GameplayTagTreeChangedEvent.Broadcast -  0.000 s
[2018.04.16-04.30.30:684][  0]LogFileCache: Scanning file cache for directory 'C:/Users/DELL/Documents/Unreal Projects/CourseGame/CourseGameProject/Content/' took 1.76s
[2018.04.16-04.30.37:630][  0]SourceControl: Source control is disabled
[2018.04.16-04.30.37:817][  0]Cmd: MAP LOAD FILE="../../../../../../Users/DELL/Documents/Unreal Projects/CourseGame/CourseGameProject/Content/ThirdPersonBP/Maps/ThirdPersonExampleMap.umap" TEMPLATE=0 SHOWPROGRESS=1 FEATURELEVEL=3
[2018.04.16-04.30.38:423][  0]LightingResults: New page: Lighting Build
[2018.04.16-04.30.40:650][  0]MapCheck: New page: Map Check
[2018.04.16-04.30.40:650][  0]LightingResults: New page: Lighting Build
[2018.04.16-04.31.04:762][  0]LogSkeletalMesh: Skeletal Mesh found in DDC [133.325424ms] /Game/Mannequin/Character/Mesh/SK_Mannequin.SK_Mannequin
[2018.04.16-04.31.12:074][  0]LogAIModule: Creating AISystem for world ThirdPersonExampleMap
[2018.04.16-04.31.17:601][  0]LogEditorServer: Finished looking for orphan Actors (0.000 secs)
[2018.04.16-04.31.17:937][  0]Cmd: MAP CHECKDEP NOCLEARLOG
[2018.04.16-04.31.18:923][  0]MapCheck: Map check complete: 0 Error(s), 0 Warning(s), took 985,903ms to complete.
[2018.04.16-04.31.18:945][  0]LogFileHelpers: Loading map 'ThirdPersonExampleMap' took 41.185
[2018.04.16-04.31.25:810][  0]LogCollectionManager: Loaded 0 collections in 0.005285 seconds
[2018.04.16-04.31.26:154][  0]LogFileCache: Scanning file cache for directory 'C:/Users/DELL/Documents/Unreal Projects/CourseGame/CourseGameProject/Saved/Collections/' took 0.01s
[2018.04.16-04.31.26:154][  0]LogFileCache: Scanning file cache for directory 'C:/Users/DELL/Documents/Unreal Projects/CourseGame/CourseGameProject/Content/Developers/DELL/Collections/' took 0.02s
[2018.04.16-04.31.26:154][  0]LogFileCache: Scanning file cache for directory 'C:/Users/DELL/Documents/Unreal Projects/CourseGame/CourseGameProject/Content/Collections/' took 0.03s
[2018.04.16-04.31.26:154][  0]LogCollectionManager: Rebuilt the GUID cache for 0 collections in 0.000001 seconds
[2018.04.16-04.31.26:208][  0]LogContentBrowser: Native class hierarchy populated in 0.0280 seconds. Added 2453 classes and 560 folders.
[2018.04.16-04.31.26:446][  0]LogContentBrowser: Native class hierarchy updated for 'WidgetCarousel' in 0.0004 seconds. Added 0 classes and 0 folders.
[2018.04.16-04.31.28:255][  0]LogContentBrowser: Native class hierarchy updated for 'AddContentDialog' in 0.0006 seconds. Added 0 classes and 0 folders.
[2018.04.16-04.31.28:764][  0]LogSlate: Took 0.138340 seconds to synchronously load lazily loaded font '../../../Engine/Content/Slate/Fonts/Roboto-Regular.ttf' (155K)
[2018.04.16-04.31.28:837][  0]LogSlate: Took 0.048084 seconds to synchronously load lazily loaded font '../../../Engine/Content/Slate/Fonts/Roboto-Bold.ttf' (160K)
[2018.04.16-04.31.28:921][  0]LogSlate: Took 0.039917 seconds to synchronously load lazily loaded font '../../../Engine/Content/Editor/Slate/Fonts/FontAwesome.ttf' (139K)
[2018.04.16-04.31.29:844][  0]LogRenderer: Reallocating scene render targets to support 856x612 Format 10 NumSamples 1 (Frame:1).
[2018.04.16-04.31.30:738][  0]LogSlate: Took 0.023449 seconds to synchronously load lazily loaded font '../../../Engine/Content/Slate/Fonts/Roboto-Light.ttf' (167K)
[2018.04.16-04.31.31:398][  0]LogContentBrowser: Native class hierarchy updated for 'HierarchicalLODOutliner' in 0.0004 seconds. Added 0 classes and 0 folders.
[2018.04.16-04.31.31:398][  0]LogLoad: (Engine Initialization) Total time: 273.06 seconds
[2018.04.16-04.31.31:398][  0]LogLoad: (Engine Initialization) Total Blueprint compile time: 0.00 seconds
[2018.04.16-04.31.32:620][  0]LogContentStreaming: Texture pool size now 1000 MB
[2018.04.16-04.31.33:819][  1]LogFileCache: Retrieving MD5 hashes for directory 'C:/Users/DELL/Documents/Unreal Projects/CourseGame/CourseGameProject/Content/' took 1.88s
[2018.04.16-04.31.34:879][  4]LogAssetRegistry: Asset discovery search completed in 192.3061 seconds
[2018.04.16-04.31.34:925][  4]LogCollectionManager: Rebuilt the object cache for 0 collections in 0.000001 seconds (found 0 objects)
[2018.04.16-04.31.34:925][  4]LogCollectionManager: Fixed up redirectors for 0 collections in 0.011018 seconds (updated 0 objects)
[2018.04.16-04.37.43:067][ 41]LogHttp: Warning: 000001EACFCE5000: request failed, libcurl error: 6 (Couldn't resolve host name)
[2018.04.16-04.37.43:266][ 41]LogHttp: Warning: 000001EACFCE5000: libcurl info message cache 0 (Connection 1 seems to be dead!)
[2018.04.16-04.37.43:266][ 41]LogHttp: Warning: 000001EACFCE5000: libcurl info message cache 1 (Closing connection 1)
[2018.04.16-04.37.43:266][ 41]LogHttp: Warning: 000001EACFCE5000: libcurl info message cache 2 (TLSv1.2 (OUT), TLS alert, Client hello (1):)
[2018.04.16-04.37.43:266][ 41]LogHttp: Warning: 000001EACFCE5000: libcurl info message cache 3 (Could not resolve host: datarouter.ol.epicgames.com)
[2018.04.16-04.37.43:266][ 41]LogHttp: Warning: 000001EACFCE5000: libcurl info message cache 4 (Closing connection 2)
[2018.04.16-04.40.11:781][484]LogHttp: Warning: 000001EACFCE5000: request failed, libcurl error: 35 (SSL connect error)
[2018.04.16-04.40.11:781][484]LogHttp: Warning: 000001EACFCE5000: libcurl info message cache 0 (  Trying 54.81.184.43...)
[2018.04.16-04.40.11:781][484]LogHttp: Warning: 000001EACFCE5000: libcurl info message cache 1 (Connected to datarouter.ol.epicgames.com (54.81.184.43) port 443 (#3))
[2018.04.16-04.40.11:781][484]LogHttp: Warning: 000001EACFCE5000: libcurl info message cache 2 (ALPN, offering http/1.1)
[2018.04.16-04.40.11:781][484]LogHttp: Warning: 000001EACFCE5000: libcurl info message cache 3 (Cipher selection: ALL:!EXPORT:!EXPORT40:!EXPORT56:!aNULL:!LOW:!RC4:@STRENGTH)
[2018.04.16-04.40.11:781][484]LogHttp: Warning: 000001EACFCE5000: libcurl info message cache 4 (SSL re-using session ID)
[2018.04.16-04.40.11:781][484]LogHttp: Warning: 000001EACFCE5000: libcurl info message cache 5 (TLSv1.2 (OUT), TLS handshake, Client hello (1):)
[2018.04.16-04.40.11:781][484]LogHttp: Warning: 000001EACFCE5000: libcurl info message cache 6 (Unknown SSL protocol error in connection to datarouter.ol.epicgames.com:443 )
[2018.04.16-04.40.11:781][484]LogHttp: Warning: 000001EACFCE5000: libcurl info message cache 7 (Closing connection 3)
[2018.04.16-04.42.28:578][893]LogHttp: Warning: 000001EACFCE6800: request failed, libcurl error: 35 (SSL connect error)
[2018.04.16-04.42.28:590][893]LogHttp: Warning: 000001EACFCE6800: libcurl info message cache 0 (Hostname in DNS cache was stale, zapped)
[2018.04.16-04.42.28:590][893]LogHttp: Warning: 000001EACFCE6800: libcurl info message cache 1 (  Trying 52.205.213.9...)
[2018.04.16-04.42.28:590][893]LogHttp: Warning: 000001EACFCE6800: libcurl info message cache 2 (Connected to datarouter.ol.epicgames.com (52.205.213.9) port 443 (#4))
[2018.04.16-04.42.28:590][893]LogHttp: Warning: 000001EACFCE6800: libcurl info message cache 3 (ALPN, offering http/1.1)
[2018.04.16-04.42.28:590][893]LogHttp: Warning: 000001EACFCE6800: libcurl info message cache 4 (Cipher selection: ALL:!EXPORT:!EXPORT40:!EXPORT56:!aNULL:!LOW:!RC4:@STRENGTH)
[2018.04.16-04.42.28:590][893]LogHttp: Warning: 000001EACFCE6800: libcurl info message cache 5 (SSL re-using session ID)
[2018.04.16-04.42.28:590][893]LogHttp: Warning: 000001EACFCE6800: libcurl info message cache 6 (TLSv1.2 (OUT), TLS handshake, Client hello (1):)
[2018.04.16-04.42.28:590][893]LogHttp: Warning: 000001EACFCE6800: libcurl info message cache 7 (Unknown SSL protocol error in connection to datarouter.ol.epicgames.com:443 )
[2018.04.16-04.42.28:590][893]LogHttp: Warning: 000001EACFCE6800: libcurl info message cache 8 (Closing connection 4)
[2018.04.16-04.44.29:292][254]LogHttp: Warning: 000001EACFCE5600: request failed, libcurl error: 6 (Couldn't resolve host name)
[2018.04.16-04.44.29:292][254]LogHttp: Warning: 000001EACFCE5600: libcurl info message cache 0 (Hostname in DNS cache was stale, zapped)
[2018.04.16-04.44.29:292][254]LogHttp: Warning: 000001EACFCE5600: libcurl info message cache 1 (Could not resolve host: datarouter.ol.epicgames.com)
[2018.04.16-04.44.29:292][254]LogHttp: Warning: 000001EACFCE5600: libcurl info message cache 2 (Closing connection 5)
[2018.04.16-04.49.08:122][ 32]LogEditorViewport: Clicking on Actor (context menu): Landscape (Landscape)
[2018.04.16-04.49.20:770][ 32]LogSlate: FSceneViewport::OnFocusLost() reason 2
[2018.04.16-04.49.21:050][ 32]LogEditorViewport: Clicking on Actor (context menu): Landscape (Landscape)
[2018.04.16-04.49.21:244][ 32]LogSlate: FSceneViewport::OnFocusLost() reason 2
[2018.04.16-04.49.22:968][ 32]LogEditorViewport: Clicking on Actor (context menu): Landscape (Landscape)
[2018.04.16-04.49.23:171][ 32]LogSlate: FSceneViewport::OnFocusLost() reason 2
[2018.04.16-04.49.23:805][ 32]LogEditorViewport: Clicking on Actor (LMB): Landscape (Landscape)
[2018.04.16-04.49.27:815][ 56]LogSlate: FSceneViewport::OnFocusLost() reason 0
[2018.04.16-04.49.48:288][ 62]LogSlate: Window 'GameProject - Unreal Editor' being destroyed
[2018.04.16-04.49.48:499][ 62]LogWindowsTextInputMethodSystem: Display: IME system now deactivated.
[2018.04.16-04.49.53:204][ 62]LogWindowsTextInputMethodSystem: Display: IME system now deactivated.
[2018.04.16-04.49.53:446][ 63]Cmd: QUIT_EDITOR
[2018.04.16-04.49.56:455][ 63]LogSlate: Slate User Destroyed.  User Index 0, Is Virtual User: 0
[2018.04.16-04.49.56:614][ 63]LogExit: Preparing to exit.
[2018.04.16-04.50.09:964][ 63]LogDirectoryWatcher: A directory notification for 'C:/Users/DELL/Documents/Unreal Projects/CourseGame/CourseGameProject/Content/' was aborted.
[2018.04.16-04.50.19:012][ 63]LogExit: Editor shut down
[2018.04.16-04.50.19:586][ 63]LogExit: Transaction tracking system shut down
[2018.04.16-04.50.22:059][ 63]LogDirectoryWatcher: A directory notification for '../../../Engine/Content/' was aborted.
[2018.04.16-04.50.22:059][ 63]LogDirectoryWatcher: A directory notification for '../../../../../../Users/DELL/Documents/Unreal Projects/CourseGame/CourseGameProject/Content/' was aborted.
[2018.04.16-04.50.22:060][ 63]LogDirectoryWatcher: A directory notification for '../../Plugins/2D/Paper2D/Content/' was aborted.
[2018.04.16-04.50.22:060][ 63]LogDirectoryWatcher: A directory notification for '../../Plugins/Enterprise/DatasmithContent/Content/' was aborted.
[2018.04.16-04.50.22:060][ 63]LogDirectoryWatcher: A directory notification for '../../Plugins/Media/MediaCompositing/Content/' was aborted.
[2018.04.16-04.50.22:061][ 63]LogDirectoryWatcher: A directory notification for '../../Plugins/Runtime/AppleARKit/Content/' was aborted.
[2018.04.16-04.50.22:061][ 63]LogDirectoryWatcher: A directory notification for '../../Plugins/Runtime/Oculus/OculusVR/Content/' was aborted.
[2018.04.16-04.50.22:061][ 63]LogDirectoryWatcher: A directory notification for '../../Plugins/Runtime/Steam/SteamVR/Content/' was aborted.
[2018.04.16-04.50.31:560][ 63]LogExit: Object subsystem successfully closed.
[2018.04.16-04.50.33:073][ 63]LogShaderCompilers: Display: Shaders left to compile 0
[2018.04.16-04.50.33:279][ 63]LogD3D11RHI: Shutdown
[2018.04.16-04.50.33:289][ 63]LogD3D11RHI: CleanupD3DDevice
[2018.04.16-04.50.34:185][ 63]LogD3D11RHI: ~FD3D11DynamicRHI
[2018.04.16-04.50.42:312][ 63]LogModuleManager: Shutting down and abandoning module HierarchicalLODOutliner (574)
[2018.04.16-04.50.42:315][ 63]LogModuleManager: Shutting down and abandoning module AddContentDialog (572)
[2018.04.16-04.50.42:438][ 63]LogDirectoryWatcher: A directory notification for 'C:/Program Files/Epic Games/UE_4.19/FeaturePacks/' was aborted.
[2018.04.16-04.50.42:809][ 63]LogModuleManager: Shutting down and abandoning module WidgetCarousel (571)
[2018.04.16-04.50.42:809][ 63]LogModuleManager: Shutting down and abandoning module EditorWidgets (568)
[2018.04.16-04.50.42:809][ 63]LogModuleManager: Shutting down and abandoning module CollectionManager (566)
[2018.04.16-04.50.42:810][ 63]LogDirectoryWatcher: A directory notification for 'C:/Users/DELL/Documents/Unreal Projects/CourseGame/CourseGameProject/Content/Collections/' was aborted.
[2018.04.16-04.50.42:811][ 63]LogDirectoryWatcher: A directory notification for 'C:/Users/DELL/Documents/Unreal Projects/CourseGame/CourseGameProject/Content/Developers/DELL/Collections/' was aborted.
[2018.04.16-04.50.42:811][ 63]LogDirectoryWatcher: A directory notification for 'C:/Users/DELL/Documents/Unreal Projects/CourseGame/CourseGameProject/Saved/Collections/' was aborted.
[2018.04.16-04.50.42:842][ 63]LogModuleManager: Shutting down and abandoning module SceneOutliner (564)
[2018.04.16-04.50.42:865][ 63]LogModuleManager: Shutting down and abandoning module StatsViewer (562)
[2018.04.16-04.50.42:868][ 63]LogModuleManager: Shutting down and abandoning module FoliageEdit (560)
[2018.04.16-04.50.42:868][ 63]LogModuleManager: Shutting down and abandoning module LandscapeEditor (558)
[2018.04.16-04.50.42:947][ 63]LogModuleManager: Shutting down and abandoning module MeshPaintMode (556)
[2018.04.16-04.50.42:963][ 63]LogModuleManager: Shutting down and abandoning module SceneDepthPickerMode (554)
[2018.04.16-04.50.42:963][ 63]LogModuleManager: Shutting down and abandoning module ActorPickerMode (552)
[2018.04.16-04.50.42:963][ 63]LogModuleManager: Shutting down and abandoning module GeometryMode (550)
[2018.04.16-04.50.42:963][ 63]LogModuleManager: Shutting down and abandoning module TextureAlignMode (548)
[2018.04.16-04.50.42:963][ 63]LogModuleManager: Shutting down and abandoning module BspMode (546)
[2018.04.16-04.50.42:976][ 63]LogModuleManager: Shutting down and abandoning module PIEPreviewDeviceProfileSelector (544)
[2018.04.16-04.50.43:005][ 63]LogModuleManager: Shutting down and abandoning module HardwareSurvey (542)
[2018.04.16-04.50.43:055][ 63]LogModuleManager: Shutting down and abandoning module SequenceRecorderSections (540)
[2018.04.16-04.50.43:055][ 63]LogModuleManager: Shutting down and abandoning module AutomationWorker (538)
[2018.04.16-04.50.43:088][ 63]LogModuleManager: Shutting down and abandoning module AudioCaptureEditor (536)
[2018.04.16-04.50.43:098][ 63]LogModuleManager: Shutting down and abandoning module SequenceRecorder (535)
[2018.04.16-04.50.43:109][ 63]LogModuleManager: Shutting down and abandoning module MatineeToLevelSequence (532)
[2018.04.16-04.50.43:157][ 63]LogModuleManager: Shutting down and abandoning module LevelSequenceEditor (530)
[2018.04.16-04.50.43:271][ 63]LogModuleManager: Shutting down and abandoning module PlacementMode (529)
[2018.04.16-04.50.43:271][ 63]LogModuleManager: Shutting down and abandoning module MaterialEditor (528)
[2018.04.16-04.50.43:326][ 63]LogModuleManager: Shutting down and abandoning module WmfMediaFactory (524)
[2018.04.16-04.50.43:326][ 63]LogModuleManager: Shutting down and abandoning module WmfMediaEditor (522)
[2018.04.16-04.50.43:326][ 63]LogModuleManager: Shutting down and abandoning module MediaPlayerEditor (520)
[2018.04.16-04.50.43:361][ 63]LogModuleManager: Shutting down and abandoning module OpenExrWrapper (518)
[2018.04.16-04.50.43:361][ 63]LogModuleManager: Shutting down and abandoning module ImgMediaFactory (516)
[2018.04.16-04.50.43:361][ 63]LogModuleManager: Shutting down and abandoning module ImgMediaEditor (514)
[2018.04.16-04.50.43:367][ 63]LogModuleManager: Shutting down and abandoning module AvfMediaFactory (512)
[2018.04.16-04.50.43:367][ 63]LogModuleManager: Shutting down and abandoning module AvfMediaEditor (510)
[2018.04.16-04.50.43:367][ 63]LogModuleManager: Shutting down and abandoning module AndroidMediaFactory (508)
[2018.04.16-04.50.43:367][ 63]LogModuleManager: Shutting down and abandoning module AndroidMediaEditor (506)
[2018.04.16-04.50.43:367][ 63]LogModuleManager: Shutting down and abandoning module CharacterAI (504)
[2018.04.16-04.50.43:374][ 63]LogModuleManager: Shutting down and abandoning module SmartSnapping (502)
[2018.04.16-04.50.43:389][ 63]LogModuleManager: Shutting down and abandoning module SessionServices (500)
[2018.04.16-04.50.43:399][ 63]LogModuleManager: Shutting down and abandoning module ViewportSnapping (498)
[2018.04.16-04.50.43:399][ 63]LogModuleManager: Shutting down and abandoning module ViewportInteraction (496)
[2018.04.16-04.50.43:414][ 63]LogModuleManager: Shutting down and abandoning module ClothPainter (494)
[2018.04.16-04.50.43:478][ 63]LogModuleManager: Shutting down and abandoning module SkeletalMeshEditor (493)
[2018.04.16-04.50.43:488][ 63]LogModuleManager: Shutting down and abandoning module LogVisualizer (490)
[2018.04.16-04.50.43:571][ 63]LogModuleManager: Shutting down and abandoning module IntroTutorials (488)
[2018.04.16-04.50.43:650][ 63]LogModuleManager: Shutting down and abandoning module GameProjectGeneration (487)
[2018.04.16-04.50.43:713][ 63]LogModuleManager: Shutting down and abandoning module IOSPlatformEditor (484)
[2018.04.16-04.50.43:732][ 63]LogModuleManager: Shutting down and abandoning module HTML5PlatformEditor (482)
[2018.04.16-04.50.43:732][ 63]LogModuleManager: Shutting down and abandoning module AndroidPlatformEditor (480)
[2018.04.16-04.50.43:746][ 63]LogModuleManager: Shutting down and abandoning module AndroidDeviceDetection (479)
[2018.04.16-04.50.44:748][ 63]LogModuleManager: Shutting down and abandoning module WindowsPlatformEditor (476)
[2018.04.16-04.50.44:759][ 63]LogModuleManager: Shutting down and abandoning module IOSRuntimeSettings (474)
[2018.04.16-04.50.44:759][ 63]LogModuleManager: Shutting down and abandoning module AndroidRuntimeSettings (472)
[2018.04.16-04.50.44:759][ 63]LogModuleManager: Shutting down and abandoning module InputBindingEditor (470)
[2018.04.16-04.50.44:804][ 63]LogModuleManager: Shutting down and abandoning module MergeActors (468)
[2018.04.16-04.50.44:841][ 63]LogModuleManager: Shutting down and abandoning module LocalizationDashboard (466)
[2018.04.16-04.50.44:895][ 63]LogModuleManager: Shutting down and abandoning module LocalizationService (465)
[2018.04.16-04.50.44:916][ 63]LogModuleManager: Shutting down and abandoning module HardwareTargeting (462)
[2018.04.16-04.50.44:916][ 63]LogModuleManager: Shutting down and abandoning module DeviceProfileEditor (460)
[2018.04.16-04.50.44:968][ 63]LogModuleManager: Shutting down and abandoning module UndoHistory (458)
[2018.04.16-04.50.44:985][ 63]LogModuleManager: Shutting down and abandoning module XmlParser (456)
[2018.04.16-04.50.45:001][ 63]LogModuleManager: Shutting down and abandoning module Blutility (454)
[2018.04.16-04.50.45:011][ 63]LogModuleManager: Shutting down and abandoning module ProjectSettingsViewer (452)
[2018.04.16-04.50.45:019][ 63]LogModuleManager: Shutting down and abandoning module ProjectTargetPlatformEditor (451)
[2018.04.16-04.50.45:031][ 63]LogModuleManager: Shutting down and abandoning module EditorSettingsViewer (448)
[2018.04.16-04.50.45:031][ 63]LogModuleManager: Shutting down and abandoning module SettingsEditor (446)
[2018.04.16-04.50.45:124][ 63]LogModuleManager: Shutting down and abandoning module ProjectLauncher (444)
[2018.04.16-04.50.45:147][ 63]LogModuleManager: Shutting down and abandoning module SessionFrontend (442)
[2018.04.16-04.50.45:164][ 63]LogModuleManager: Shutting down and abandoning module ProfilerClient (440)
[2018.04.16-04.50.45:176][ 63]LogModuleManager: Shutting down and abandoning module DeviceManager (438)
[2018.04.16-04.50.45:186][ 63]LogModuleManager: Shutting down and abandoning module TargetDeviceServices (437)
[2018.04.16-04.50.45:417][ 63]LogModuleManager: Shutting down and abandoning module AutomationController (434)
[2018.04.16-04.50.45:438][ 63]LogModuleManager: Shutting down and abandoning module AutomationWindow (432)
[2018.04.16-04.50.45:521][ 63]LogModuleManager: Shutting down and abandoning module Layers (430)
[2018.04.16-04.50.45:551][ 63]LogModuleManager: Shutting down and abandoning module ComponentVisualizers (428)
[2018.04.16-04.50.45:551][ 63]LogModuleManager: Shutting down and abandoning module DetailCustomizations (426)
[2018.04.16-04.50.45:603][ 63]LogModuleManager: Shutting down and abandoning module PackagesDialog (424)
[2018.04.16-04.50.45:624][ 63]LogModuleManager: Shutting down and abandoning module Persona (422)
[2018.04.16-04.50.45:677][ 63]LogModuleManager: Shutting down and abandoning module AdvancedPreviewScene (421)
[2018.04.16-04.50.45:677][ 63]LogModuleManager: Shutting down and abandoning module AnimGraph (419)
[2018.04.16-04.50.45:686][ 63]LogModuleManager: Shutting down and abandoning module Kismet (416)
[2018.04.16-04.50.45:745][ 63]LogModuleManager: Shutting down and abandoning module GraphEditor (414)
[2018.04.16-04.50.45:793][ 63]LogModuleManager: Shutting down and abandoning module ClassViewer (412)
[2018.04.16-04.50.45:820][ 63]LogModuleManager: Shutting down and abandoning module Toolbox (410)
[2018.04.16-04.50.45:820][ 63]LogModuleManager: Shutting down and abandoning module ModuleUI (408)
[2018.04.16-04.50.45:831][ 63]LogModuleManager: Shutting down and abandoning module MovieSceneTools (406)
[2018.04.16-04.50.45:916][ 63]LogModuleManager: Shutting down and abandoning module OutputLog (404)
[2018.04.16-04.50.45:944][ 63]LogModuleManager: Shutting down and abandoning module GammaUI (402)
[2018.04.16-04.50.45:952][ 63]LogModuleManager: Shutting down and abandoning module Documentation (400)
[2018.04.16-04.50.45:991][ 63]LogModuleManager: Shutting down and abandoning module MovieSceneTracks (398)
[2018.04.16-04.50.46:008][ 63]LogModuleManager: Shutting down and abandoning module MovieScene (396)
[2018.04.16-04.50.46:018][ 63]LogModuleManager: Shutting down and abandoning module StreamingPauseRendering (394)
[2018.04.16-04.50.46:018][ 63]LogModuleManager: Shutting down and abandoning module LauncherPlatform (392)
[2018.04.16-04.50.46:018][ 63]LogModuleManager: Shutting down and abandoning module AnalyticsET (390)
[2018.04.16-04.50.46:018][ 63]LogModuleManager: Shutting down and abandoning module PortalServices (388)
[2018.04.16-04.50.46:018][ 63]LogModuleManager: Shutting down and abandoning module PortalRpc (386)
[2018.04.16-04.50.46:018][ 63]LogModuleManager: Shutting down and abandoning module MessagingRpc (384)
[2018.04.16-04.50.46:018][ 63]LogModuleManager: Shutting down and abandoning module AIModule (382)
[2018.04.16-04.50.46:076][ 63]LogModuleManager: Shutting down and abandoning module GameplayDebugger (381)
[2018.04.16-04.50.46:078][ 63]LogModuleManager: Shutting down and abandoning module AITestSuite (379)
[2018.04.16-04.50.46:087][ 63]LogModuleManager: Shutting down and abandoning module DesktopPlatform (376)
[2018.04.16-04.50.46:096][ 63]LogModuleManager: Shutting down and abandoning module ProfilerService (374)
[2018.04.16-04.50.46:144][ 63]LogModuleManager: Shutting down and abandoning module TaskGraph (372)
[2018.04.16-04.50.46:206][ 63]LogModuleManager: Shutting down and abandoning module SteamVRController (370)
[2018.04.16-04.50.46:207][ 63]LogModuleManager: Shutting down and abandoning module ProceduralMeshComponentEditor (368)
[2018.04.16-04.50.46:207][ 63]LogModuleManager: Shutting down and abandoning module ProceduralMeshComponent (366)
[2018.04.16-04.50.46:207][ 63]LogModuleManager: Shutting down and abandoning module OculusInput (364)
[2018.04.16-04.50.46:207][ 63]LogModuleManager: Shutting down and abandoning module MobilePatchingUtils (362)
[2018.04.16-04.50.46:207][ 63]LogModuleManager: Shutting down and abandoning module CustomMeshComponent (360)
[2018.04.16-04.50.46:207][ 63]LogModuleManager: Shutting down and abandoning module CableComponent (358)
[2018.04.16-04.50.46:207][ 63]LogModuleManager: Shutting down and abandoning module AudioCapture (356)
[2018.04.16-04.50.46:207][ 63]LogModuleManager: Shutting down and abandoning module ArchVisCharacter (354)
[2018.04.16-04.50.46:207][ 63]LogModuleManager: Shutting down and abandoning module AndroidPermission (352)
[2018.04.16-04.50.46:207][ 63]LogModuleManager: Shutting down and abandoning module NUTUnrealEngine4 (348)
[2018.04.16-04.50.46:207][ 63]LogModuleManager: Shutting down and abandoning module NetcodeUnitTest (346)
[2018.04.16-04.50.46:249][ 63]LogModuleManager: Shutting down and abandoning module MediaCompositingEditor (344)
[2018.04.16-04.50.46:261][ 63]LogModuleManager: Shutting down and abandoning module MediaCompositing (342)
[2018.04.16-04.50.46:261][ 63]LogModuleManager: Shutting down and abandoning module LinearTimecode (340)
[2018.04.16-04.50.46:261][ 63]LogModuleManager: Shutting down and abandoning module ImgMedia (338)
[2018.04.16-04.50.46:281][ 63]LogModuleManager: Shutting down and abandoning module HTML5Networking (336)
[2018.04.16-04.50.46:281][ 63]LogModuleManager: Shutting down and abandoning module AlembicImporter (334)
[2018.04.16-04.50.46:292][ 63]LogModuleManager: Shutting down and abandoning module AlembicLibrary (333)
[2018.04.16-04.50.46:323][ 63]LogModuleManager: Shutting down and abandoning module GeometryCache (332)
[2018.04.16-04.50.46:323][ 63]LogModuleManager: Shutting down and abandoning module GeometryCacheEd (331)
[2018.04.16-04.50.46:323][ 63]LogModuleManager: Shutting down and abandoning module DatasmithContent (326)
[2018.04.16-04.50.46:323][ 63]LogModuleManager: Shutting down and abandoning module SpeedTreeImporter (324)
[2018.04.16-04.50.46:323][ 63]LogModuleManager: Shutting down and abandoning module PluginBrowser (322)
[2018.04.16-04.50.46:371][ 63]LogModuleManager: Shutting down and abandoning module MobileLauncherProfileWizard (320)
[2018.04.16-04.50.46:387][ 63]LogModuleManager: Shutting down and abandoning module CryptoKeysOpenSSL (318)
[2018.04.16-04.50.46:391][ 63]LogModuleManager: Shutting down and abandoning module CryptoKeys (316)
[2018.04.16-04.50.46:391][ 63]LogModuleManager: Shutting down and abandoning module VisualStudioSourceCodeAccess (314)
[2018.04.16-04.50.46:411][ 63]LogModuleManager: Shutting down and abandoning module VisualStudioCodeSourceCodeAccess (312)
[2018.04.16-04.50.46:411][ 63]LogModuleManager: Shutting down and abandoning module UObjectPlugin (310)
[2018.04.16-04.50.46:411][ 63]LogModuleManager: Shutting down and abandoning module SubversionSourceControl (308)
[2018.04.16-04.50.46:434][ 63]LogModuleManager: Shutting down and abandoning module PerforceSourceControl (306)
[2018.04.16-04.50.46:470][ 63]LogModuleManager: Shutting down and abandoning module GitSourceControl (304)
[2018.04.16-04.50.46:484][ 63]LogModuleManager: Shutting down and abandoning module SourceControl (303)
[2018.04.16-04.50.46:493][ 63]LogModuleManager: Shutting down and abandoning module CLionSourceCodeAccess (300)
[2018.04.16-04.50.46:509][ 63]LogModuleManager: Shutting down and abandoning module LightPropagationVolumeEditor (298)
[2018.04.16-04.50.46:509][ 63]LogModuleManager: Shutting down and abandoning module PaperTiledImporter (296)
[2018.04.16-04.50.46:509][ 63]LogModuleManager: Shutting down and abandoning module PaperSpriteSheetImporter (294)
[2018.04.16-04.50.46:509][ 63]LogModuleManager: Shutting down and abandoning module Paper2DEditor (292)
[2018.04.16-04.50.46:706][ 63]LogModuleManager: Shutting down and abandoning module MeshPaint (291)
[2018.04.16-04.50.46:769][ 63]LogModuleManager: Shutting down and abandoning module RuntimePhysXCooking (288)
[2018.04.16-04.50.46:777][ 63]LogModuleManager: Shutting down and abandoning module PhysXVehiclesEditor (286)
[2018.04.16-04.50.46:788][ 63]LogModuleManager: Shutting down and abandoning module PhysXVehicles (284)
[2018.04.16-04.50.46:789][ 63]LogModuleManager: Shutting down and abandoning module OculusEditor (282)
[2018.04.16-04.50.46:856][ 63]LogModuleManager: Shutting down and abandoning module LocationServicesBPLibrary (280)
[2018.04.16-04.50.46:856][ 63]LogModuleManager: Shutting down and abandoning module ImmediatePhysicsEditor (278)
[2018.04.16-04.50.46:856][ 63]LogModuleManager: Shutting down and abandoning module ImmediatePhysics (276)
[2018.04.16-04.50.46:875][ 63]LogModuleManager: Shutting down and abandoning module ActorSequence (274)
[2018.04.16-04.50.46:875][ 63]LogModuleManager: Shutting down and abandoning module UdpMessaging (272)
[2018.04.16-04.50.47:009][ 63]LogModuleManager: Shutting down and abandoning module TcpMessaging (270)
[2018.04.16-04.50.47:222][ 63]LogModuleManager: Shutting down and abandoning module GameplayTagsEditor (268)
[2018.04.16-04.50.47:249][ 63]LogModuleManager: Shutting down and abandoning module FacialAnimationEditor (266)
[2018.04.16-04.50.47:286][ 63]LogModuleManager: Shutting down and abandoning module FacialAnimation (264)
[2018.04.16-04.50.47:286][ 63]LogModuleManager: Shutting down and abandoning module DataValidation (262)
[2018.04.16-04.50.47:308][ 63]LogModuleManager: Shutting down and abandoning module AssetManagerEditor (260)
[2018.04.16-04.50.47:326][ 63]LogModuleManager: Shutting down and abandoning module LevelEditor (259)
[2018.04.16-04.50.47:509][ 63]LogModuleManager: Shutting down and abandoning module PixelInspectorModule (258)
[2018.04.16-04.50.47:529][ 63]LogModuleManager: Shutting down and abandoning module CommonMenuExtensions (256)
[2018.04.16-04.50.47:553][ 63]LogModuleManager: Shutting down and abandoning module MainFrame (254)
[2018.04.16-04.50.47:639][ 63]LogModuleManager: Shutting down and abandoning module HotReload (253)
[2018.04.16-04.50.47:713][ 63]LogModuleManager: Shutting down and abandoning module ContentBrowser (249)
[2018.04.16-04.50.47:769][ 63]LogModuleManager: Shutting down and abandoning module TreeMap (247)
[2018.04.16-04.50.47:791][ 63]LogModuleManager: Shutting down and abandoning module LightPropagationVolumeRuntime (244)
[2018.04.16-04.50.47:791][ 63]LogModuleManager: Shutting down and abandoning module LiveLinkEditor (242)
[2018.04.16-04.50.47:816][ 63]LogModuleManager: Shutting down and abandoning module LiveLink (240)
[2018.04.16-04.50.48:770][ 63]LogModuleManager: Shutting down and abandoning module Paper2D (238)
[2018.04.16-04.50.48:788][ 63]LogModuleManager: Shutting down and abandoning module WindowsMoviePlayer (236)
[2018.04.16-04.50.48:798][ 63]LogModuleManager: Shutting down and abandoning module WmfMedia (234)
[2018.04.16-04.50.48:844][ 63]LogModuleManager: Shutting down and abandoning module Media (233)
[2018.04.16-04.50.48:862][ 63]LogModuleManager: Shutting down and abandoning module PacketHandler (230)
[2018.04.16-04.50.48:862][ 63]LogModuleManager: Shutting down and abandoning module ClothingSystemEditor (228)
[2018.04.16-04.50.48:863][ 63]LogModuleManager: Shutting down and abandoning module ClothingSystemRuntime (226)
[2018.04.16-04.50.48:912][ 63]LogModuleManager: Shutting down and abandoning module MediaAssets (224)
[2018.04.16-04.50.48:912][ 63]LogModuleManager: Shutting down and abandoning module Overlay (222)
[2018.04.16-04.50.48:912][ 63]LogModuleManager: Shutting down and abandoning module OverlayEditor (221)
[2018.04.16-04.50.48:912][ 63]LogModuleManager: Shutting down and abandoning module VREditor (218)
[2018.04.16-04.50.48:951][ 63]LogModuleManager: Shutting down and abandoning module StringTableEditor (216)
[2018.04.16-04.50.48:956][ 63]LogModuleManager: Shutting down and abandoning module GameplayTasksEditor (214)
[2018.04.16-04.50.48:956][ 63]LogModuleManager: Shutting down and abandoning module BehaviorTreeEditor (212)
[2018.04.16-04.50.48:998][ 63]LogModuleManager: Shutting down and abandoning module FunctionalTesting (210)
[2018.04.16-04.50.49:018][ 63]LogModuleManager: Shutting down and abandoning module CollisionAnalyzer (208)
[2018.04.16-04.50.49:060][ 63]LogModuleManager: Shutting down and abandoning module WorkspaceMenuStructure (207)
[2018.04.16-04.50.49:133][ 63]LogModuleManager: Shutting down and abandoning module UMG (204)
[2018.04.16-04.50.49:167][ 63]LogModuleManager: Shutting down and abandoning module UMGEditor (203)
[2018.04.16-04.50.49:212][ 63]LogModuleManager: Shutting down and abandoning module Sequencer (202)
[2018.04.16-04.50.49:256][ 63]LogModuleManager: Shutting down and abandoning module MessageLog (199)
[2018.04.16-04.50.49:266][ 63]LogModuleManager: Shutting down and abandoning module SlateReflector (194)
[2018.04.16-04.50.49:400][ 63]LogModuleManager: Shutting down and abandoning module Slate (192)
[2018.04.16-04.50.49:400][ 63]LogModuleManager: Shutting down and abandoning module EditorStyle (190)
[2018.04.16-04.50.49:616][ 63]LogModuleManager: Shutting down and abandoning module MRMesh (188)
[2018.04.16-04.50.49:616][ 63]LogModuleManager: Shutting down and abandoning module SourceCodeAccess (186)
[2018.04.16-04.50.49:625][ 63]LogModuleManager: Shutting down and abandoning module HeadMountedDisplay (184)
[2018.04.16-04.50.49:643][ 63]LogModuleManager: Shutting down and abandoning module XAudio2 (182)
[2018.04.16-04.50.49:643][ 63]LogModuleManager: Shutting down and abandoning module Networking (180)
[2018.04.16-04.50.49:681][ 63]LogModuleManager: Shutting down and abandoning module Core (178)
[2018.04.16-04.50.49:681][ 63]LogModuleManager: Shutting down and abandoning module LevelSequence (176)
[2018.04.16-04.50.49:681][ 63]LogModuleManager: Shutting down and abandoning module KismetCompiler (174)
[2018.04.16-04.50.49:695][ 63]LogModuleManager: Shutting down and abandoning module MeshUtilities (172)
[2018.04.16-04.50.49:746][ 63]LogModuleManager: Shutting down and abandoning module MeshMergeUtilities (171)
[2018.04.16-04.50.49:755][ 63]LogModuleManager: Shutting down and abandoning module MeshReductionInterface (170)
[2018.04.16-04.50.49:755][ 63]LogModuleManager: Shutting down and abandoning module SimplygonSwarm (169)
[2018.04.16-04.50.49:810][ 63]LogModuleManager: Shutting down and abandoning module SimplygonMeshReduction (167)
[2018.04.16-04.50.49:823][ 63]LogModuleManager: Shutting down and abandoning module QuadricMeshReduction (165)
[2018.04.16-04.50.49:837][ 63]LogModuleManager: Shutting down and abandoning module MaterialBaking (161)
[2018.04.16-04.50.49:847][ 63]LogModuleManager: Shutting down and abandoning module DirectoryWatcher (157)
[2018.04.16-04.50.49:897][ 63]LogModuleManager: Shutting down and abandoning module DerivedDataCache (154)
[2018.04.16-04.50.49:989][ 63]LogDerivedDataCache: Shutdown
[2018.04.16-04.50.49:989][ 63]LogModuleManager: Shutting down and abandoning module XGEController (152)
[2018.04.16-04.50.50:056][ 63]LogModuleManager: Shutting down and abandoning module TargetPlatform (150)
[2018.04.16-04.50.50:140][ 63]LogModuleManager: Shutting down and abandoning module VulkanShaderFormat (149)
[2018.04.16-04.50.50:161][ 63]LogModuleManager: Shutting down and abandoning module ShaderFormatVectorVM (147)
[2018.04.16-04.50.50:179][ 63]LogModuleManager: Shutting down and abandoning module ShaderFormatOpenGL (145)
[2018.04.16-04.50.50:198][ 63]LogModuleManager: Shutting down and abandoning module ShaderFormatD3D (143)
[2018.04.16-04.50.50:212][ 63]LogModuleManager: Shutting down and abandoning module MetalShaderFormat (141)
[2018.04.16-04.50.50:241][ 63]LogModuleManager: Shutting down and abandoning module TextureFormatUncompressed (139)
[2018.04.16-04.50.50:276][ 63]LogModuleManager: Shutting down and abandoning module TextureFormatPVR (137)
[2018.04.16-04.50.50:276][ 63]LogModuleManager: Shutting down and abandoning module TextureFormatDXT (135)
[2018.04.16-04.50.50:276][ 63]LogModuleManager: Shutting down and abandoning module TextureFormatIntelISPCTexComp (133)
[2018.04.16-04.50.50:316][ 63]LogModuleManager: Shutting down and abandoning module TextureFormatASTC (131)
[2018.04.16-04.50.50:316][ 63]LogModuleManager: Shutting down and abandoning module ImageWrapper (130)
[2018.04.16-04.50.50:316][ 63]LogModuleManager: Shutting down and abandoning module TextureFormatAndroid (127)
[2018.04.16-04.50.50:316][ 63]LogModuleManager: Shutting down and abandoning module AudioFormatOpus (125)
[2018.04.16-04.50.50:316][ 63]LogModuleManager: Shutting down and abandoning module AudioFormatOgg (123)
[2018.04.16-04.50.50:317][ 63]LogModuleManager: Shutting down and abandoning module AudioFormatADPCM (121)
[2018.04.16-04.50.50:317][ 63]LogModuleManager: Shutting down and abandoning module LinuxTargetPlatform (119)
[2018.04.16-04.50.50:317][ 63]LogModuleManager: Shutting down and abandoning module LinuxServerTargetPlatform (117)
[2018.04.16-04.50.50:317][ 63]LogModuleManager: Shutting down and abandoning module LinuxNoEditorTargetPlatform (115)
[2018.04.16-04.50.50:350][ 63]LogModuleManager: Shutting down and abandoning module LinuxClientTargetPlatform (113)
[2018.04.16-04.50.50:371][ 63]LogModuleManager: Shutting down and abandoning module TVOSTargetPlatform (111)
[2018.04.16-04.50.50:384][ 63]LogModuleManager: Shutting down and abandoning module Messaging (109)
[2018.04.16-04.50.50:396][ 63]LogModuleManager: Shutting down and abandoning module IOSTargetPlatform (107)
[2018.04.16-04.50.50:396][ 63]LogModuleManager: Shutting down and abandoning module HTML5TargetPlatform (105)
[2018.04.16-04.50.50:396][ 63]LogModuleManager: Shutting down and abandoning module AndroidTargetPlatform (103)
[2018.04.16-04.50.50:396][ 63]LogModuleManager: Shutting down and abandoning module Android_PVRTCTargetPlatform (101)
[2018.04.16-04.50.50:396][ 63]LogModuleManager: Shutting down and abandoning module Android_MultiTargetPlatform (99)
[2018.04.16-04.50.50:396][ 63]LogModuleManager: Shutting down and abandoning module Android_ETC2TargetPlatform (97)
[2018.04.16-04.50.50:396][ 63]LogModuleManager: Shutting down and abandoning module Android_ETC1TargetPlatform (95)
[2018.04.16-04.50.50:396][ 63]LogModuleManager: Shutting down and abandoning module Android_ETC1aTargetPlatform (93)
[2018.04.16-04.50.50:396][ 63]LogModuleManager: Shutting down and abandoning module Android_DXTTargetPlatform (91)
[2018.04.16-04.50.50:396][ 63]LogModuleManager: Shutting down and abandoning module Android_ATCTargetPlatform (89)
[2018.04.16-04.50.50:396][ 63]LogModuleManager: Shutting down and abandoning module Android_ASTCTargetPlatform (87)
[2018.04.16-04.50.50:396][ 63]LogModuleManager: Shutting down and abandoning module WindowsTargetPlatform (85)
[2018.04.16-04.50.50:396][ 63]LogModuleManager: Shutting down and abandoning module WindowsServerTargetPlatform (83)
[2018.04.16-04.50.50:409][ 63]LogModuleManager: Shutting down and abandoning module WindowsNoEditorTargetPlatform (81)
[2018.04.16-04.50.50:419][ 63]LogModuleManager: Shutting down and abandoning module WindowsClientTargetPlatform (79)
[2018.04.16-04.50.50:435][ 63]LogModuleManager: Shutting down and abandoning module MacTargetPlatform (77)
[2018.04.16-04.50.50:451][ 63]LogModuleManager: Shutting down and abandoning module MacServerTargetPlatform (75)
[2018.04.16-04.50.50:469][ 63]LogModuleManager: Shutting down and abandoning module MacNoEditorTargetPlatform (73)
[2018.04.16-04.50.50:479][ 63]LogModuleManager: Shutting down and abandoning module MacClientTargetPlatform (71)
[2018.04.16-04.50.50:488][ 63]LogModuleManager: Shutting down and abandoning module AllDesktopTargetPlatform (69)
[2018.04.16-04.50.50:488][ 63]LogModuleManager: Shutting down and abandoning module InputCore (66)
[2018.04.16-04.50.50:488][ 63]LogModuleManager: Shutting down and abandoning module Settings (64)
[2018.04.16-04.50.50:499][ 63]LogModuleManager: Shutting down and abandoning module PhysXCooking (62)
[2018.04.16-04.50.50:499][ 63]LogModuleManager: Shutting down and abandoning module SteamVR (60)
[2018.04.16-04.50.50:509][ 63]LogModuleManager: Shutting down and abandoning module OculusHMD (58)
[2018.04.16-04.50.50:528][ 63]LogModuleManager: Shutting down and abandoning module ExampleDeviceProfileSelector (56)
[2018.04.16-04.50.50:548][ 63]LogModuleManager: Shutting down and abandoning module AppleARKit (54)
[2018.04.16-04.50.50:548][ 63]LogModuleManager: Shutting down and abandoning module AugmentedReality (51)
[2018.04.16-04.50.50:548][ 63]LogModuleManager: Shutting down and abandoning module OnlineBlueprintSupport (48)
[2018.04.16-04.50.50:548][ 63]LogModuleManager: Shutting down and abandoning module OnlineSubsystem (44)
[2018.04.16-04.50.50:597][ 63]LogModuleManager: Shutting down and abandoning module XMPP (43)
[2018.04.16-04.50.50:717][ 63]LogModuleManager: Shutting down and abandoning module HTTP (41)
[2018.04.16-04.50.50:755][ 63]LogHttp: Display: Http module shutting down, but needs to wait on 1 outstanding Http requests:
[2018.04.16-04.50.50:756][ 63]LogHttp: Display: 	verb=[POST] url=[https://datarouter.ol.epicgames.com/datarouter/api/v1/public/data?SessionID=%7BC2B26639-44E4-B582-900C-3CBD1B7E7E82%7D&AppID=UEEditor.Rocket.Release&AppVersion=4.19.1-3989454%2B%2B%2BUE4%2BRelease-4.19&UserID=c6882c0f426eeb9a81a1419abfaaf7c7%7Ca478802bfbda4ed0b9513252fba908d2%7Cd8177ee4-8756-453f-b5ca-e631955c0a1e&AppEnvironment=datacollector-binary&UploadType=eteventstream] status=Processing
[2018.04.16-04.50.50:844][ 63]LogModuleManager: Shutting down and abandoning module SSL (40)
[2018.04.16-04.50.50:972][ 63]LogModuleManager: Shutting down and abandoning module AnimationModifiers (36)
[2018.04.16-04.50.50:995][ 63]LogModuleManager: Shutting down and abandoning module PropertyEditor (35)
[2018.04.16-04.50.51:083][ 63]LogModuleManager: Shutting down and abandoning module AudioEditor (32)
[2018.04.16-04.50.51:146][ 63]LogModuleManager: Shutting down and abandoning module TextureCompressor (30)
[2018.04.16-04.50.51:216][ 63]LogModuleManager: Shutting down and abandoning module ShaderCore (28)
[2018.04.16-04.50.51:216][ 63]LogModuleManager: Shutting down and abandoning module Landscape (26)
[2018.04.16-04.50.51:232][ 63]LogModuleManager: Shutting down and abandoning module SlateRHIRenderer (24)
[2018.04.16-04.50.51:386][ 63]LogModuleManager: Shutting down and abandoning module OpenGLDrv (22)
[2018.04.16-04.50.51:413][ 63]LogModuleManager: Shutting down and abandoning module D3D11RHI (20)
[2018.04.16-04.50.51:413][ 63]LogModuleManager: Shutting down and abandoning module AnimGraphRuntime (18)
[2018.04.16-04.50.51:436][ 63]LogModuleManager: Shutting down and abandoning module Renderer (16)
[2018.04.16-04.50.51:436][ 63]LogModuleManager: Shutting down and abandoning module Engine (14)
[2018.04.16-04.50.51:454][ 63]LogModuleManager: Shutting down and abandoning module CoreUObject (12)
[2018.04.16-04.50.51:458][ 63]LogModuleManager: Shutting down and abandoning module NetworkFile (10)
[2018.04.16-04.50.51:467][ 63]LogModuleManager: Shutting down and abandoning module CookedIterativeFile (8)
[2018.04.16-04.50.51:481][ 63]LogModuleManager: Shutting down and abandoning module StreamingFile (6)
[2018.04.16-04.50.51:497][ 63]LogModuleManager: Shutting down and abandoning module SandboxFile (4)
[2018.04.16-04.50.51:512][ 63]LogModuleManager: Shutting down and abandoning module PakFile (2)
[2018.04.16-04.50.51:607][ 63]LogExit: Exiting.
[2018.04.16-04.50.52:105][ 63]Log file closed, 04/16/18 07:50:52
