Log file open, 04/16/18 11:35:34
LogWindows: Failed to load 'aqProf.dll' (GetLastError=126)
LogWindows: File 'aqProf.dll' does not exist
LogWindows: Failed to load 'VtuneApi.dll' (GetLastError=126)
LogWindows: File 'VtuneApi.dll' does not exist
LogWindows: Failed to load 'VtuneApi32e.dll' (GetLastError=126)
LogWindows: File 'VtuneApi32e.dll' does not exist
LogInit: Display: Running engine for game: GameProject
LogPlatformFile: Not using cached read wrapper
LogInit: Display: RandInit(1828019741) SRandInit(1828019741).
LogInit: Read version file with build ID '3944462'
LogInit: Overriding engine version to CL 3989454, compatible CL 3944462
LogInit: Registered custom module enumerator with build ID '3944462'
LogTaskGraph: Started task graph with 5 named threads and 11 total threads with 3 sets of task threads.
LogStats: Stats thread started at 0.500279
LogD3D11RHI: Aftermath initialized
LogICUInternationalization: Display: ICU TimeZone Detection - Raw Offset: +3:00, Platform Override: ''
LogModuleManager: Display: Found up-to-date module file ../../../Engine/Plugins/2D/Paper2D/Binaries/Win64/UE4Editor-Paper2D.dll (API version 3944462).
LogModuleManager: Display: Found up-to-date module file ../../../Engine/Plugins/2D/Paper2D/Binaries/Win64/UE4Editor-Paper2DEditor.dll (API version 3944462).
LogModuleManager: Display: Found up-to-date module file ../../../Engine/Plugins/2D/Paper2D/Binaries/Win64/UE4Editor-PaperSpriteSheetImporter.dll (API version 3944462).
LogModuleManager: Display: Found up-to-date module file ../../../Engine/Plugins/2D/Paper2D/Binaries/Win64/UE4Editor-PaperTiledImporter.dll (API version 3944462).
LogModuleManager: Display: Found up-to-date module file ../../../Engine/Plugins/2D/Paper2D/Binaries/Win64/UE4Editor-SmartSnapping.dll (API version 3944462).
LogModuleManager: Display: Found up-to-date module file ../../../Engine/Plugins/Blendables/LightPropagationVolume/Binaries/Win64/UE4Editor-LightPropagationVolumeRuntime.dll (API version 3944462).
LogModuleManager: Display: Found up-to-date module file ../../../Engine/Plugins/Blendables/LightPropagationVolume/Binaries/Win64/UE4Editor-LightPropagationVolumeEditor.dll (API version 3944462).
LogModuleManager: Display: Found up-to-date module file ../../../Engine/Plugins/Developer/CLionSourceCodeAccess/Binaries/Win64/UE4Editor-CLionSourceCodeAccess.dll (API version 3944462).
LogModuleManager: Display: Found up-to-date module file ../../../Engine/Plugins/Developer/GitSourceControl/Binaries/Win64/UE4Editor-GitSourceControl.dll (API version 3944462).
LogModuleManager: Display: Found up-to-date module file ../../../Engine/Plugins/Developer/PerforceSourceControl/Binaries/Win64/UE4Editor-PerforceSourceControl.dll (API version 3944462).
LogModuleManager: Display: Found up-to-date module file ../../../Engine/Plugins/Developer/SubversionSourceControl/Binaries/Win64/UE4Editor-SubversionSourceControl.dll (API version 3944462).
LogModuleManager: Display: Found up-to-date module file ../../../Engine/Plugins/Developer/UObjectPlugin/Binaries/Win64/UE4Editor-UObjectPlugin.dll (API version 3944462).
LogModuleManager: Display: Found up-to-date module file ../../../Engine/Plugins/Developer/VisualStudioCodeSourceCodeAccess/Binaries/Win64/UE4Editor-VisualStudioCodeSourceCodeAccess.dll (API version 3944462).
LogModuleManager: Display: Found up-to-date module file ../../../Engine/Plugins/Developer/VisualStudioSourceCodeAccess/Binaries/Win64/UE4Editor-VisualStudioSourceCodeAccess.dll (API version 3944462).
LogModuleManager: Display: Found up-to-date module file ../../../Engine/Plugins/Editor/AssetManagerEditor/Binaries/Win64/UE4Editor-AssetManagerEditor.dll (API version 3944462).
LogModuleManager: Display: Found up-to-date module file ../../../Engine/Plugins/Editor/CryptoKeys/Binaries/Win64/UE4Editor-CryptoKeys.dll (API version 3944462).
LogModuleManager: Display: Found up-to-date module file ../../../Engine/Plugins/Editor/CryptoKeys/Binaries/Win64/UE4Editor-CryptoKeysOpenSSL.dll (API version 3944462).
LogModuleManager: Display: Found up-to-date module file ../../../Engine/Plugins/Editor/DataValidation/Binaries/Win64/UE4Editor-DataValidation.dll (API version 3944462).
LogModuleManager: Display: Found up-to-date module file ../../../Engine/Plugins/Editor/FacialAnimation/Binaries/Win64/UE4Editor-FacialAnimation.dll (API version 3944462).
LogModuleManager: Display: Found up-to-date module file ../../../Engine/Plugins/Editor/FacialAnimation/Binaries/Win64/UE4Editor-FacialAnimationEditor.dll (API version 3944462).
LogModuleManager: Display: Found up-to-date module file ../../../Engine/Plugins/Editor/GameplayTagsEditor/Binaries/Win64/UE4Editor-GameplayTagsEditor.dll (API version 3944462).
LogModuleManager: Display: Found up-to-date module file ../../../Engine/Plugins/Editor/MobileLauncherProfileWizard/Binaries/Win64/UE4Editor-MobileLauncherProfileWizard.dll (API version 3944462).
LogModuleManager: Display: Found up-to-date module file ../../../Engine/Plugins/Editor/PluginBrowser/Binaries/Win64/UE4Editor-PluginBrowser.dll (API version 3944462).
LogModuleManager: Display: Found up-to-date module file ../../../Engine/Plugins/Editor/SpeedTreeImporter/Binaries/Win64/UE4Editor-SpeedTreeImporter.dll (API version 3944462).
LogModuleManager: Display: Found up-to-date module file ../../../Engine/Plugins/Enterprise/DatasmithContent/Binaries/Win64/UE4Editor-DatasmithContent.dll (API version 3944462).
LogModuleManager: Display: Found up-to-date module file ../../../Engine/Plugins/Experimental/AlembicImporter/Binaries/Win64/UE4Editor-AlembicImporter.dll (API version 3944462).
LogModuleManager: Display: Found up-to-date module file ../../../Engine/Plugins/Experimental/AlembicImporter/Binaries/Win64/UE4Editor-AlembicLibrary.dll (API version 3944462).
LogModuleManager: Display: Found up-to-date module file ../../../Engine/Plugins/Experimental/CharacterAI/Binaries/Win64/UE4Editor-CharacterAI.dll (API version 3944462).
LogModuleManager: Display: Found up-to-date module file ../../../Engine/Plugins/Experimental/HTML5Networking/Binaries/Win64/UE4Editor-HTML5Networking.dll (API version 3944462).
LogModuleManager: Display: Found up-to-date module file ../../../Engine/Plugins/Media/AndroidMedia/Binaries/Win64/UE4Editor-AndroidMediaEditor.dll (API version 3944462).
LogModuleManager: Display: Found up-to-date module file ../../../Engine/Plugins/Media/AndroidMedia/Binaries/Win64/UE4Editor-AndroidMediaFactory.dll (API version 3944462).
LogModuleManager: Display: Found up-to-date module file ../../../Engine/Plugins/Media/AvfMedia/Binaries/Win64/UE4Editor-AvfMediaEditor.dll (API version 3944462).
LogModuleManager: Display: Found up-to-date module file ../../../Engine/Plugins/Media/AvfMedia/Binaries/Win64/UE4Editor-AvfMediaFactory.dll (API version 3944462).
LogModuleManager: Display: Found up-to-date module file ../../../Engine/Plugins/Media/AvfMedia/Binaries/Win64/UE4Editor-AvfMediaFactory.dll (API version 3944462).
LogModuleManager: Display: Found up-to-date module file ../../../Engine/Plugins/Media/ImgMedia/Binaries/Win64/UE4Editor-ImgMedia.dll (API version 3944462).
LogModuleManager: Display: Found up-to-date module file ../../../Engine/Plugins/Media/ImgMedia/Binaries/Win64/UE4Editor-ImgMediaEditor.dll (API version 3944462).
LogModuleManager: Display: Found up-to-date module file ../../../Engine/Plugins/Media/ImgMedia/Binaries/Win64/UE4Editor-ImgMediaFactory.dll (API version 3944462).
LogModuleManager: Display: Found up-to-date module file ../../../Engine/Plugins/Media/ImgMedia/Binaries/Win64/UE4Editor-ImgMediaFactory.dll (API version 3944462).
LogModuleManager: Display: Found up-to-date module file ../../../Engine/Plugins/Media/ImgMedia/Binaries/Win64/UE4Editor-OpenExrWrapper.dll (API version 3944462).
LogModuleManager: Display: Found up-to-date module file ../../../Engine/Plugins/Media/LinearTimecode/Binaries/Win64/UE4Editor-LinearTimecode.dll (API version 3944462).
LogModuleManager: Display: Found up-to-date module file ../../../Engine/Plugins/Media/MediaCompositing/Binaries/Win64/UE4Editor-MediaCompositing.dll (API version 3944462).
LogModuleManager: Display: Found up-to-date module file ../../../Engine/Plugins/Media/MediaCompositing/Binaries/Win64/UE4Editor-MediaCompositingEditor.dll (API version 3944462).
LogModuleManager: Display: Found up-to-date module file ../../../Engine/Plugins/Media/MediaPlayerEditor/Binaries/Win64/UE4Editor-MediaPlayerEditor.dll (API version 3944462).
LogModuleManager: Display: Found up-to-date module file ../../../Engine/Plugins/Media/WmfMedia/Binaries/Win64/UE4Editor-WmfMedia.dll (API version 3944462).
LogModuleManager: Display: Found up-to-date module file ../../../Engine/Plugins/Media/WmfMedia/Binaries/Win64/UE4Editor-WmfMediaEditor.dll (API version 3944462).
LogModuleManager: Display: Found up-to-date module file ../../../Engine/Plugins/Media/WmfMedia/Binaries/Win64/UE4Editor-WmfMediaFactory.dll (API version 3944462).
LogModuleManager: Display: Found up-to-date module file ../../../Engine/Plugins/Media/WmfMedia/Binaries/Win64/UE4Editor-WmfMediaFactory.dll (API version 3944462).
LogModuleManager: Display: Found up-to-date module file ../../../Engine/Plugins/Messaging/TcpMessaging/Binaries/Win64/UE4Editor-TcpMessaging.dll (API version 3944462).
LogModuleManager: Display: Found up-to-date module file ../../../Engine/Plugins/Messaging/UdpMessaging/Binaries/Win64/UE4Editor-UdpMessaging.dll (API version 3944462).
LogModuleManager: Display: Found up-to-date module file ../../../Engine/Plugins/MovieScene/ActorSequence/Binaries/Win64/UE4Editor-ActorSequence.dll (API version 3944462).
LogModuleManager: Display: Found up-to-date module file ../../../Engine/Plugins/MovieScene/LevelSequenceEditor/Binaries/Win64/UE4Editor-LevelSequenceEditor.dll (API version 3944462).
LogModuleManager: Display: Found up-to-date module file ../../../Engine/Plugins/MovieScene/MatineeToLevelSequence/Binaries/Win64/UE4Editor-MatineeToLevelSequence.dll (API version 3944462).
LogModuleManager: Display: Found up-to-date module file ../../../Engine/Plugins/NetcodeUnitTest/NetcodeUnitTest/Binaries/Win64/UE4Editor-NetcodeUnitTest.dll (API version 3944462).
LogModuleManager: Display: Found up-to-date module file ../../../Engine/Plugins/NetcodeUnitTest/NUTUnrealEngine4/Binaries/Win64/UE4Editor-NUTUnrealEngine4.dll (API version 3944462).
LogModuleManager: Display: Found up-to-date module file ../../../Engine/Plugins/Online/OnlineSubsystem/Binaries/Win64/UE4Editor-OnlineSubsystem.dll (API version 3944462).
LogModuleManager: Display: Found up-to-date module file ../../../Engine/Plugins/Runtime/AndroidPermission/Binaries/Win64/UE4Editor-AndroidPermission.dll (API version 3944462).
LogModuleManager: Display: Found up-to-date module file ../../../Engine/Plugins/Online/OnlineSubsystemNull/Binaries/Win64/UE4Editor-OnlineSubsystemNull.dll (API version 3944462).
LogModuleManager: Display: Found up-to-date module file ../../../Engine/Plugins/Online/OnlineSubsystemUtils/Binaries/Win64/UE4Editor-OnlineSubsystemUtils.dll (API version 3944462).
LogModuleManager: Display: Found up-to-date module file ../../../Engine/Plugins/Online/OnlineSubsystemUtils/Binaries/Win64/UE4Editor-OnlineBlueprintSupport.dll (API version 3944462).
LogModuleManager: Display: Found up-to-date module file ../../../Engine/Plugins/Runtime/AndroidDeviceProfileSelector/Binaries/Win64/UE4Editor-AndroidDeviceProfileSelector.dll (API version 3944462).
LogModuleManager: Display: Found up-to-date module file ../../../Engine/Plugins/Runtime/AppleARKit/Binaries/Win64/UE4Editor-AppleARKit.dll (API version 3944462).
LogModuleManager: Display: Found up-to-date module file ../../../Engine/Plugins/Runtime/ProceduralMeshComponent/Binaries/Win64/UE4Editor-ProceduralMeshComponent.dll (API version 3944462).
LogModuleManager: Display: Found up-to-date module file ../../../Engine/Plugins/Runtime/ProceduralMeshComponent/Binaries/Win64/UE4Editor-ProceduralMeshComponentEditor.dll (API version 3944462).
LogModuleManager: Display: Found up-to-date module file ../../../Engine/Plugins/Animation/LiveLink/Binaries/Win64/UE4Editor-LiveLink.dll (API version 3944462).
LogModuleManager: Display: Found up-to-date module file ../../../Engine/Plugins/Animation/LiveLink/Binaries/Win64/UE4Editor-LiveLinkEditor.dll (API version 3944462).
LogModuleManager: Display: Found up-to-date module file ../../../Engine/Plugins/Runtime/ArchVisCharacter/Binaries/Win64/UE4Editor-ArchVisCharacter.dll (API version 3944462).
LogModuleManager: Display: Found up-to-date module file ../../../Engine/Plugins/Runtime/AudioCapture/Binaries/Win64/UE4Editor-AudioCapture.dll (API version 3944462).
LogModuleManager: Display: Found up-to-date module file ../../../Engine/Plugins/Runtime/AudioCapture/Binaries/Win64/UE4Editor-AudioCaptureEditor.dll (API version 3944462).
LogModuleManager: Display: Found up-to-date module file ../../../Engine/Plugins/Runtime/CableComponent/Binaries/Win64/UE4Editor-CableComponent.dll (API version 3944462).
LogModuleManager: Display: Found up-to-date module file ../../../Engine/Plugins/Runtime/CustomMeshComponent/Binaries/Win64/UE4Editor-CustomMeshComponent.dll (API version 3944462).
LogModuleManager: Display: Found up-to-date module file ../../../Engine/Plugins/Runtime/ExampleDeviceProfileSelector/Binaries/Win64/UE4Editor-ExampleDeviceProfileSelector.dll (API version 3944462).
LogModuleManager: Display: Found up-to-date module file ../../../Engine/Plugins/Runtime/ImmediatePhysics/Binaries/Win64/UE4Editor-ImmediatePhysics.dll (API version 3944462).
LogModuleManager: Display: Found up-to-date module file ../../../Engine/Plugins/Runtime/ImmediatePhysics/Binaries/Win64/UE4Editor-ImmediatePhysicsEditor.dll (API version 3944462).
LogModuleManager: Display: Found up-to-date module file ../../../Engine/Plugins/Runtime/LocationServicesBPLibrary/Binaries/Win64/UE4Editor-LocationServicesBPLibrary.dll (API version 3944462).
LogModuleManager: Display: Found up-to-date module file ../../../Engine/Plugins/Runtime/MobilePatchingUtils/Binaries/Win64/UE4Editor-MobilePatchingUtils.dll (API version 3944462).
LogModuleManager: Display: Found up-to-date module file ../../../Engine/Plugins/Runtime/Oculus/OculusVR/Binaries/Win64/UE4Editor-OculusHMD.dll (API version 3944462).
LogModuleManager: Display: Found up-to-date module file ../../../Engine/Plugins/Runtime/Oculus/OculusVR/Binaries/Win64/UE4Editor-OculusInput.dll (API version 3944462).
LogModuleManager: Display: Found up-to-date module file ../../../Engine/Plugins/Runtime/Oculus/OculusVR/Binaries/Win64/UE4Editor-OculusEditor.dll (API version 3944462).
LogModuleManager: Display: Found up-to-date module file ../../../Engine/Plugins/Runtime/PhysXVehicles/Binaries/Win64/UE4Editor-PhysXVehicles.dll (API version 3944462).
LogModuleManager: Display: Found up-to-date module file ../../../Engine/Plugins/Runtime/PhysXVehicles/Binaries/Win64/UE4Editor-PhysXVehiclesEditor.dll (API version 3944462).
LogModuleManager: Display: Found up-to-date module file ../../../Engine/Plugins/Runtime/RuntimePhysXCooking/Binaries/Win64/UE4Editor-RuntimePhysXCooking.dll (API version 3944462).
LogModuleManager: Display: Found up-to-date module file ../../../Engine/Plugins/Runtime/Steam/SteamVR/Binaries/Win64/UE4Editor-SteamVR.dll (API version 3944462).
LogModuleManager: Display: Found up-to-date module file ../../../Engine/Plugins/Runtime/Steam/SteamVR/Binaries/Win64/UE4Editor-SteamVRController.dll (API version 3944462).
LogModuleManager: Display: Found up-to-date module file ../../../Engine/Plugins/Runtime/WindowsMoviePlayer/Binaries/Win64/UE4Editor-WindowsMoviePlayer.dll (API version 3944462).
LogPluginManager: Mounting plugin Paper2D
LogPluginManager: Mounting plugin LiveLink
LogPluginManager: Mounting plugin LightPropagationVolume
LogPluginManager: Mounting plugin CLionSourceCodeAccess
LogPluginManager: Mounting plugin CodeLiteSourceCodeAccess
LogPluginManager: Mounting plugin GitSourceControl
LogPluginManager: Mounting plugin KDevelopSourceCodeAccess
LogPluginManager: Mounting plugin NullSourceCodeAccess
LogPluginManager: Mounting plugin PerforceSourceControl
LogPluginManager: Mounting plugin SubversionSourceControl
LogPluginManager: Mounting plugin UObjectPlugin
LogPluginManager: Mounting plugin VisualStudioCodeSourceCodeAccess
LogPluginManager: Mounting plugin VisualStudioSourceCodeAccess
LogPluginManager: Mounting plugin XCodeSourceCodeAccess
LogPluginManager: Mounting plugin AssetManagerEditor
LogPluginManager: Mounting plugin CryptoKeys
LogPluginManager: Mounting plugin DataValidation
LogPluginManager: Mounting plugin FacialAnimation
LogPluginManager: Mounting plugin GameplayTagsEditor
LogPluginManager: Mounting plugin MobileLauncherProfileWizard
LogPluginManager: Mounting plugin PluginBrowser
LogPluginManager: Mounting plugin SpeedTreeImporter
LogPluginManager: Mounting plugin DatasmithContent
LogPluginManager: Mounting plugin AlembicImporter
LogPluginManager: Mounting plugin CharacterAI
LogPluginManager: Mounting plugin HTML5Networking
LogPluginManager: Mounting plugin AndroidMedia
LogPluginManager: Mounting plugin AvfMedia
LogPluginManager: Mounting plugin ImgMedia
LogPluginManager: Mounting plugin LinearTimecode
LogPluginManager: Mounting plugin MediaCompositing
LogPluginManager: Mounting plugin MediaPlayerEditor
LogPluginManager: Mounting plugin WmfMedia
LogPluginManager: Mounting plugin TcpMessaging
LogPluginManager: Mounting plugin UdpMessaging
LogPluginManager: Mounting plugin ActorSequence
LogPluginManager: Mounting plugin LevelSequenceEditor
LogPluginManager: Mounting plugin MatineeToLevelSequence
LogPluginManager: Mounting plugin NetcodeUnitTest
LogPluginManager: Mounting plugin NUTUnrealEngine4
LogPluginManager: Mounting plugin OnlineSubsystemGooglePlay
LogPluginManager: Mounting plugin OnlineSubsystemIOS
LogPluginManager: Mounting plugin OnlineSubsystem
LogPluginManager: Mounting plugin OnlineSubsystemNull
LogPluginManager: Mounting plugin OnlineSubsystemUtils
LogPluginManager: Mounting plugin AndroidDeviceProfileSelector
LogPluginManager: Mounting plugin AndroidMoviePlayer
LogPluginManager: Mounting plugin AndroidPermission
LogPluginManager: Mounting plugin AppleARKit
LogPluginManager: Mounting plugin AppleMoviePlayer
LogPluginManager: Mounting plugin ArchVisCharacter
LogPluginManager: Mounting plugin AudioCapture
LogPluginManager: Mounting plugin CableComponent
LogPluginManager: Mounting plugin CustomMeshComponent
LogPluginManager: Mounting plugin ExampleDeviceProfileSelector
LogPluginManager: Mounting plugin GoogleCloudMessaging
LogPluginManager: Mounting plugin ImmediatePhysics
LogPluginManager: Mounting plugin IOSDeviceProfileSelector
LogPluginManager: Mounting plugin LinuxDeviceProfileSelector
LogPluginManager: Mounting plugin LocationServicesBPLibrary
LogPluginManager: Mounting plugin MobilePatchingUtils
LogPluginManager: Mounting plugin OculusVR
LogPluginManager: Plugin shader directory ../../../Engine/Plugins/Runtime/Oculus/OculusVR/Shaders found
LogPluginManager: Mapping shader source directory ../../../Engine/Plugins/Runtime/Oculus/OculusVR/Shaders to virtual directory /Plugin/OculusVR
LogPluginManager: Mounting plugin PhysXVehicles
LogPluginManager: Mounting plugin ProceduralMeshComponent
LogPluginManager: Mounting plugin RuntimePhysXCooking
LogPluginManager: Mounting plugin SteamVR
LogPluginManager: Mounting plugin WindowsMoviePlayer
LogStreaming: Display: Took 18.874s to configure plugins.
LogInit: Using libcurl 7.47.1
LogInit:  - built for x86_64-pc-win32
LogInit:  - supports SSL with OpenSSL/1.0.2g
LogInit:  - supports HTTP deflate (compression) using libz 1.2.8
LogInit:  - other features:
LogInit:      CURL_VERSION_SSL
LogInit:      CURL_VERSION_LIBZ
LogInit:      CURL_VERSION_IPV6
LogInit:      CURL_VERSION_ASYNCHDNS
LogInit:      CURL_VERSION_LARGEFILE
LogInit:      CURL_VERSION_IDN
LogInit:  CurlRequestOptions (configurable via config and command line):
LogInit:  - bVerifyPeer = false  - Libcurl will NOT verify peer certificate
LogInit:  - bUseHttpProxy = false  - Libcurl will NOT use HTTP proxy
LogInit:  - bDontReuseConnections = false  - Libcurl will reuse connections
LogInit:  - CertBundlePath = nullptr  - Libcurl will use whatever was configured at build time.
LogInit:  - MaxHostConnections = 16  - Libcurl will limit the number of connections to a host
LogInit:  - LocalHostAddr = Default
LogInit: WinSock: version 1.1 (2.2), MaxSocks=32767, MaxUdp=65467
LogInit: WinSock: I am DESKTOP-JM63DLP (188.168.12.251:0)
LogInit: Build: ++UE4+Release-4.19-CL-3989454
LogInit: Engine Version: 4.19.1-3989454+++UE4+Release-4.19
LogInit: Compatible Engine Version: 4.19.0-3944462+++UE4+Release-4.19
LogInit: Net CL: 3944462
LogDevObjectVersion: Number of dev versions registered: 18
LogDevObjectVersion:   Dev-Blueprints (B0D832E4-1F89-4F0D-ACCF-7EB736FD4AA2): 10
LogDevObjectVersion:   Dev-Build (E1C64328-A22C-4D53-A36C-8E866417BD8C): 0
LogDevObjectVersion:   Dev-Core (375EC13C-06E4-48FB-B500-84F0262A717E): 2
LogDevObjectVersion:   Dev-Editor (E4B068ED-F494-42E9-A231-DA0B2E46BB41): 23
LogDevObjectVersion:   Dev-Framework (CFFC743F-43B0-4480-9391-14DF171D2073): 33
LogDevObjectVersion:   Dev-Mobile (B02B49B5-BB20-44E9-A304-32B752E40360): 2
LogDevObjectVersion:   Dev-Networking (A4E4105C-59A1-49B5-A7C5-40C4547EDFEE): 0
LogDevObjectVersion:   Dev-Online (39C831C9-5AE6-47DC-9A44-9C173E1C8E7C): 0
LogDevObjectVersion:   Dev-Physics (78F01B33-EBEA-4F98-B9B4-84EACCB95AA2): 0
LogDevObjectVersion:   Dev-Platform (6631380F-2D4D-43E0-8009-CF276956A95A): 0
LogDevObjectVersion:   Dev-Rendering (12F88B9F-8875-4AFC-A67C-D90C383ABD29): 25
LogDevObjectVersion:   Dev-Sequencer (7B5AE74C-D270-4C10-A958-57980B212A5A): 6
LogDevObjectVersion:   Dev-VR (D7296918-1DD6-4BDD-9DE2-64A83CC13884): 1
LogDevObjectVersion:   Dev-LoadTimes (C2A15278-BFE7-4AFE-6C17-90FF531DF755): 1
LogDevObjectVersion:   Private-Geometry (6EACA3D4-40EC-4CC1-B786-8BED09428FC5): 2
LogDevObjectVersion:   Dev-AnimPhys (29E575DD-E0A3-4627-9D10-D276232CDCEA): 16
LogDevObjectVersion:   Dev-ReflectionCapture (6B266CEC-1EC7-4B8F-A30B-E4D90942FC07): 1
LogDevObjectVersion:   Dev-Automation (0DF73D61-A23F-47EA-B727-89E90C41499A): 1
LogInit: Compiled (64-bit): Apr  6 2018 12:26:04
LogInit: Compiled with Visual C++: 19.00.24215.01
LogInit: Build Configuration: Development
LogInit: Branch Name: ++UE4+Release-4.19
LogInit: Command Line:  
LogInit: Base Directory: C:/Program Files/Epic Games/UE_4.19/Engine/Binaries/Win64/
LogInit: Installed Engine Build: 1
LogStreaming: Display: Took  0.214s to delete old logs.
LogInit: Presizing for max 8388607 objects, including 0 objects not considered by GC, pre-allocating 0 bytes for permanent pool.
LogInit: Object subsystem initialized
[2018.04.16-08.35.59:498][  0]LogInit: Selected Device Profile: [Windows]
[2018.04.16-08.35.59:498][  0]LogInit: Applying CVar settings loaded from the selected device profile: [Windows]
[2018.04.16-08.36.00:158][  0]LogInit: Computer: DESKTOP-JM63DLP
[2018.04.16-08.36.00:158][  0]LogInit: User: DELL
[2018.04.16-08.36.00:158][  0]LogInit: CPU Page size=4096, Cores=2
[2018.04.16-08.36.00:158][  0]LogInit: High frequency timer resolution =2.343754 MHz
[2018.04.16-08.36.00:173][  0]LogMemory: Memory total: Physical=3.9GB (4GB approx)
[2018.04.16-08.36.00:173][  0]LogMemory: Platform Memory Stats for Windows
[2018.04.16-08.36.00:173][  0]LogMemory: Process Physical Memory: 276.68 MB used, 276.68 MB peak
[2018.04.16-08.36.00:173][  0]LogMemory: Process Virtual Memory: 264.00 MB used, 264.00 MB peak
[2018.04.16-08.36.00:173][  0]LogMemory: Physical Memory: 3548.96 MB used,  444.59 MB free, 3993.55 MB total
[2018.04.16-08.36.00:174][  0]LogMemory: Virtual Memory: 669.64 MB used,  444.59 MB free, 134217728.00 MB total
[2018.04.16-08.36.01:607][  0]LogInit: Using OS detected language (ru-RU).
[2018.04.16-08.36.01:608][  0]LogInit: Using OS detected locale (ru-RU).
[2018.04.16-08.36.01:988][  0]LogTextLocalizationManager: No localization for 'ru-RU' exists, so 'en' will be used for the language.
[2018.04.16-08.36.06:389][  0]LogStreaming: Display: Took  4.777s to EndInitTextLocalization.
[2018.04.16-08.36.06:516][  0]LogInit: Setting process to per monitor DPI aware
[2018.04.16-08.36.08:534][  0]LogSlate: New Slate User Created.  User Index 0, Is Virtual User: 0
[2018.04.16-08.36.08:535][  0]LogSlate: Slate User Registered.  User Index 0, Is Virtual User: 0
[2018.04.16-08.36.11:133][  0]LogD3D11RHI: D3D11 adapters:
[2018.04.16-08.36.11:614][  0]LogD3D11RHI:    0. 'NVIDIA GeForce 940MX' (Feature Level 11_0)
[2018.04.16-08.36.11:614][  0]LogD3D11RHI:       2020/0/1996 MB DedicatedVideo/DedicatedSystem/SharedSystem, Outputs:1, VendorId:0x10de
[2018.04.16-08.36.11:737][  0]LogD3D11RHI:    1. 'Intel(R) HD Graphics 620' (Feature Level 11_0)
[2018.04.16-08.36.11:737][  0]LogD3D11RHI:       128/0/1996 MB DedicatedVideo/DedicatedSystem/SharedSystem, Outputs:0, VendorId:0x8086
[2018.04.16-08.36.11:746][  0]LogD3D11RHI:    2. 'Microsoft Basic Render Driver' (Feature Level 11_0)
[2018.04.16-08.36.11:746][  0]LogD3D11RHI:       0/0/1996 MB DedicatedVideo/DedicatedSystem/SharedSystem, Outputs:0, VendorId:0x1414
[2018.04.16-08.36.11:746][  0]LogD3D11RHI: Chosen D3D11 Adapter: 0
[2018.04.16-08.36.11:793][  0]LogD3D11RHI: Creating new Direct3DDevice
[2018.04.16-08.36.11:794][  0]LogD3D11RHI:     GPU DeviceId: 0x134d (for the marketing name, search the web for "GPU Device Id")
[2018.04.16-08.36.11:794][  0]LogWindows: EnumDisplayDevices:
[2018.04.16-08.36.11:794][  0]LogWindows:    0. 'Intel(R) HD Graphics 620' (P:1 D:1)
[2018.04.16-08.36.11:795][  0]LogWindows:    1. 'Intel(R) HD Graphics 620' (P:0 D:0)
[2018.04.16-08.36.11:796][  0]LogWindows:    2. 'Intel(R) HD Graphics 620' (P:0 D:0)
[2018.04.16-08.36.11:796][  0]LogWindows: DebugString: GetVideoDriverDetailsInvalid PrimaryIsNotTheChoosenAdapter GetVideoDriverDetailsInvalid PrimaryIsNotTheChoosenAdapter GetVideoDriverDetailsInvalid PrimaryIsNotTheChoosenAdapter FoundDriverCount:0 
[2018.04.16-08.36.11:796][  0]LogD3D11RHI:     Adapter Name: NVIDIA GeForce 940MX
[2018.04.16-08.36.11:796][  0]LogD3D11RHI:   Driver Version: Unknown (internal:Unknown, unified:Unknown)
[2018.04.16-08.36.11:796][  0]LogD3D11RHI:      Driver Date: Unknown
[2018.04.16-08.36.11:797][  0]LogRHI: Texture pool is 1414 MB (70% of 2020 MB)
[2018.04.16-08.36.12:051][  0]LogD3D11RHI: [Aftermath] Aftermath enabled but failed to initialize
[2018.04.16-08.36.12:052][  0]LogD3D11RHI: [Aftermath] Aftermath enabled and primed
[2018.04.16-08.36.12:052][  0]LogD3D11RHI: Async texture creation enabled
[2018.04.16-08.36.12:691][  0]LogD3D11RHI: GPU Timing Frequency: 1000.000000 (Debug: 2 1)
[2018.04.16-08.36.12:815][  0]LogShaderCompilers: Guid format shader working directory is -39 characters bigger than the processId version (../../../../../../Users/DELL/Documents/Unreal Projects/CourseGame/CourseGameProject/Intermediate/Shaders/WorkingDirectory/12264/).
[2018.04.16-08.36.12:820][  0]LogShaderCompilers: Cleaned the shader compiler working directory 'C:/Users/DELL/AppData/Local/Temp/UnrealShaderWorkingDir/F9D6EA224DA7E0C9F56A6680F6727143/'.
[2018.04.16-08.36.18:719][  0]LogTemp: Display: Loaded TP AllDesktopTargetPlatform
[2018.04.16-08.36.18:850][  0]LogTemp: Display: Loaded TP MacClientTargetPlatform
[2018.04.16-08.36.19:000][  0]LogTemp: Display: Loaded TP MacNoEditorTargetPlatform
[2018.04.16-08.36.19:135][  0]LogTemp: Display: Loaded TP MacServerTargetPlatform
[2018.04.16-08.36.19:328][  0]LogTemp: Display: Loaded TP MacTargetPlatform
[2018.04.16-08.36.19:497][  0]LogTemp: Display: Loaded TP WindowsClientTargetPlatform
[2018.04.16-08.36.19:642][  0]LogTemp: Display: Loaded TP WindowsNoEditorTargetPlatform
[2018.04.16-08.36.19:812][  0]LogTemp: Display: Loaded TP WindowsServerTargetPlatform
[2018.04.16-08.36.19:922][  0]LogTemp: Display: Loaded TP WindowsTargetPlatform
[2018.04.16-08.36.20:050][  0]LogTemp: Display: Loaded TP Android_ASTCTargetPlatform
[2018.04.16-08.36.20:183][  0]LogTemp: Display: Loaded TP Android_ATCTargetPlatform
[2018.04.16-08.36.20:312][  0]LogTemp: Display: Loaded TP Android_DXTTargetPlatform
[2018.04.16-08.36.20:450][  0]LogTemp: Display: Loaded TP Android_ETC1aTargetPlatform
[2018.04.16-08.36.20:623][  0]LogTemp: Display: Loaded TP Android_ETC1TargetPlatform
[2018.04.16-08.36.20:757][  0]LogTemp: Display: Loaded TP Android_ETC2TargetPlatform
[2018.04.16-08.36.21:021][  0]LogTemp: Display: Loaded TP Android_MultiTargetPlatform
[2018.04.16-08.36.21:021][  0]LogTemp: Display: Loaded TP Android_PVRTCTargetPlatform
[2018.04.16-08.36.21:156][  0]LogTemp: Display: Loaded TP AndroidTargetPlatform
[2018.04.16-08.36.21:171][  0]LogTemp: Display: Loaded TP HTML5TargetPlatform
[2018.04.16-08.36.21:580][  0]LogTemp: Display: Loaded TP IOSTargetPlatform
[2018.04.16-08.36.21:723][  0]LogTemp: Display: Loaded TP TVOSTargetPlatform
[2018.04.16-08.36.21:880][  0]LogTemp: Display: Loaded TP LinuxClientTargetPlatform
[2018.04.16-08.36.22:018][  0]LogTemp: Display: Loaded TP LinuxNoEditorTargetPlatform
[2018.04.16-08.36.22:153][  0]LogTemp: Display: Loaded TP LinuxServerTargetPlatform
[2018.04.16-08.36.22:286][  0]LogTemp: Display: Loaded TP LinuxTargetPlatform
[2018.04.16-08.36.22:286][  0]LogTargetPlatformManager: Display: Building Assets For Windows
[2018.04.16-08.36.24:915][  0]LogXGEController: Cleaning working directory: C:/Users/DELL/AppData/Local/Temp/UnrealXGEWorkingDir/
[2018.04.16-08.36.24:918][  0]LogXGEController: Cannot use XGE Controller as Incredibuild is not installed on this machine.
[2018.04.16-08.36.24:980][  0]LogShaderCompilers: Cannot use XGE Shader Compiler as Incredibuild is not installed on this machine.
[2018.04.16-08.36.24:980][  0]LogShaderCompilers: Display: Using Local Shader Compiler.
[2018.04.16-08.36.35:276][  0]LogDerivedDataCache: Display: Max Cache Size: 512 MB
[2018.04.16-08.36.37:548][  0]LogDerivedDataCache: Loaded boot cache 2.25s 74MB C:/Users/DELL/AppData/Local/UnrealEngine/4.19/DerivedDataCache/Boot.ddc.
[2018.04.16-08.36.37:548][  0]LogDerivedDataCache: Display: Loaded Boot cache: C:/Users/DELL/AppData/Local/UnrealEngine/4.19/DerivedDataCache/Boot.ddc
[2018.04.16-08.36.37:559][  0]LogDerivedDataCache: FDerivedDataBackendGraph:  Pak pak cache file ../../../../../../Users/DELL/Documents/Unreal Projects/CourseGame/CourseGameProject/DerivedDataCache/DDC.ddp not found, will not use a pak cache.
[2018.04.16-08.36.37:560][  0]LogDerivedDataCache: Unable to find inner node Pak for hierarchical cache Hierarchy.
[2018.04.16-08.36.37:560][  0]LogDerivedDataCache: FDerivedDataBackendGraph:  CompressedPak pak cache file ../../../../../../Users/DELL/Documents/Unreal Projects/CourseGame/CourseGameProject/DerivedDataCache/Compressed.ddp not found, will not use a pak cache.
[2018.04.16-08.36.37:560][  0]LogDerivedDataCache: Unable to find inner node CompressedPak for hierarchical cache Hierarchy.
[2018.04.16-08.36.38:184][  0]LogDerivedDataCache: Display: Pak cache opened for reading ../../../Engine/DerivedDataCache/Compressed.ddp.
[2018.04.16-08.36.38:259][  0]LogDerivedDataCache: Using Local data cache path C:/Users/DELL/AppData/Local/UnrealEngine/Common/DerivedDataCache: Writable
[2018.04.16-08.36.38:384][  0]LogMaterial: Verifying Global Shaders for PCD3D_SM5
[2018.04.16-08.36.38:568][  0]LogSlate: Using Freetype 2.6.0
[2018.04.16-08.36.38:763][  0]LogSlate: SlateFontCache - WITH_FREETYPE: 1, WITH_HARFBUZZ: 1
[2018.04.16-08.36.38:763][  0]LogSlate: SlateFontCache - WITH_FREETYPE: 1, WITH_HARFBUZZ: 1
[2018.04.16-08.36.51:753][  0]LogAssetRegistry: FAssetRegistry took 0.0737 seconds to start up
[2018.04.16-08.37.02:018][  0]LogInit: Selected Device Profile: [Windows]
[2018.04.16-08.37.08:167][  0]LogSimplygon: Simplygon DLL not present - disabling.
[2018.04.16-08.37.08:359][  0]LogMeshReduction: Using SimplygonSwarm for distributed automatic mesh merging
[2018.04.16-08.37.08:361][  0]LogMeshReduction: Using QuadricMeshReduction for automatic static mesh reduction
[2018.04.16-08.37.08:361][  0]LogMeshReduction: No automatic skeletal mesh reduction module available
[2018.04.16-08.37.08:361][  0]LogMeshReduction: No automatic mesh merging module available
[2018.04.16-08.37.08:361][  0]LogMeshMerging: No automatic mesh merging module available
[2018.04.16-08.37.09:957][  0]LogNetVersion: GameProject , NetCL: 3944462, EngineNetVer: 2, GameNetVer: 0 (Checksum: 1782027929)
[2018.04.16-08.37.28:393][  0]LogPackageLocalizationCache: Processed 9 localized package path(s) for 1 prioritized culture(s) in 0.865122 seconds
[2018.04.16-08.37.28:467][  0]LogUObjectArray: 36728 objects as part of root set at end of initial load.
[2018.04.16-08.37.28:467][  0]LogUObjectAllocator: 7314312 out of 0 bytes used by permanent object pool.
[2018.04.16-08.37.28:467][  0]LogUObjectArray: CloseDisregardForGC: 0/0 objects in disregard for GC pool
[2018.04.16-08.38.34:781][  0]LogTcpMessaging: Initializing TcpMessaging bridge
[2018.04.16-08.38.34:933][  0]LogUdpMessaging: Initializing bridge on interface 0.0.0.0:0 to multicast group 230.0.0.1:6666.
[2018.04.16-08.38.38:051][  0]SourceControl: Source control is disabled
[2018.04.16-08.38.38:062][  0]SourceControl: Source control is disabled
[2018.04.16-08.38.38:586][  0]SourceControl: Source control is disabled
[2018.04.16-08.38.38:807][  0]SourceControl: Source control is disabled
[2018.04.16-08.38.44:448][  0]LogAndroidPermission: UAndroidPermissionCallbackProxy::GetInstance
[2018.04.16-08.38.48:084][  0]LogOcInput: OculusInput pre-init called
[2018.04.16-08.38.50:271][  0]LogEngine: Initializing Engine...
[2018.04.16-08.38.50:517][  0]LogHMD: Failed to initialize OpenVR with code 110
[2018.04.16-08.38.50:609][  0]LogStats: UGameplayTagsManager::ConstructGameplayTagTree: Construct from data asset -  0.000 s
[2018.04.16-08.38.50:611][  0]LogStats: UGameplayTagsManager::ConstructGameplayTagTree: GameplayTagTreeChangedEvent.Broadcast -  0.000 s
[2018.04.16-08.38.53:824][  0]LogAIModule: Creating AISystem for world Untitled
[2018.04.16-08.38.54:044][  0]LogInit: XAudio2 using 'Динамики / головные телефоны (Realtek Audio)' : 2 channels at 48 kHz using 32 bits per sample (channel mask 0x3)
[2018.04.16-08.38.54:626][  0]LogInit: FAudioDevice initialized.
[2018.04.16-08.38.55:454][  0]LogDerivedDataCache: Saved boot cache 0.80s 74MB C:/Users/DELL/AppData/Local/UnrealEngine/4.19/DerivedDataCache/Boot.ddc.
[2018.04.16-08.38.55:495][  0]LogInit: Texture streaming: Enabled
[2018.04.16-08.38.56:550][  0]LogEngineSessionManager: EngineSessionManager initialized
[2018.04.16-08.38.58:222][  0]LogInit: Transaction tracking system initialized
[2018.04.16-08.38.59:147][  0]BlueprintLog: New page: Editor Load
[2018.04.16-08.39.03:758][  0]LocalizationService: Localization service is disabled
[2018.04.16-08.39.05:493][  0]LogConsoleResponse: Display: 
[2018.04.16-08.39.10:226][  0]LogCook: Display: Max memory allowance for cook 16384mb min free memory 0mb
[2018.04.16-08.39.10:227][  0]LogCook: Display: Mobile HDR setting 1
[2018.04.16-08.39.10:227][  0]LogGameplayTags: Display: UGameplayTagsManager::DoneAddingNativeTags. DelegateIsBound: 0
[2018.04.16-08.39.10:257][  0]LogStats: UGameplayTagsManager::ConstructGameplayTagTree: Construct from data asset -  0.000 s
[2018.04.16-08.39.10:258][  0]LogStats: UGameplayTagsManager::ConstructGameplayTagTree: GameplayTagTreeChangedEvent.Broadcast -  0.000 s
[2018.04.16-08.39.11:679][  0]LogFileCache: Scanning file cache for directory 'C:/Users/DELL/Documents/Unreal Projects/CourseGame/CourseGameProject/Content/' took 1.07s
[2018.04.16-08.39.18:951][  0]SourceControl: Source control is disabled
[2018.04.16-08.39.19:072][  0]Cmd: MAP LOAD FILE="../../../../../../Users/DELL/Documents/Unreal Projects/CourseGame/CourseGameProject/Content/ThirdPersonBP/Maps/ThirdPersonExampleMap.umap" TEMPLATE=0 SHOWPROGRESS=1 FEATURELEVEL=3
[2018.04.16-08.39.19:150][  0]LightingResults: New page: Lighting Build
[2018.04.16-08.39.19:749][  0]MapCheck: New page: Map Check
[2018.04.16-08.39.19:749][  0]LightingResults: New page: Lighting Build
[2018.04.16-08.39.44:465][  0]LogSkeletalMesh: Skeletal Mesh found in DDC [120.699104ms] /Game/Mannequin/Character/Mesh/SK_Mannequin.SK_Mannequin
[2018.04.16-08.39.44:611][  0]LogAIModule: Creating AISystem for world ThirdPersonExampleMap
[2018.04.16-08.39.49:660][  0]LogEditorServer: Finished looking for orphan Actors (0.000 secs)
[2018.04.16-08.39.50:308][  0]Cmd: MAP CHECKDEP NOCLEARLOG
[2018.04.16-08.39.52:015][  0]MapCheck: Map check complete: 0 Error(s), 0 Warning(s), took 1 705,278ms to complete.
[2018.04.16-08.39.52:041][  0]LogFileHelpers: Loading map 'ThirdPersonExampleMap' took 33.025
[2018.04.16-08.39.58:330][  0]LogCollectionManager: Loaded 0 collections in 0.029796 seconds
[2018.04.16-08.39.58:790][  0]LogFileCache: Scanning file cache for directory 'C:/Users/DELL/Documents/Unreal Projects/CourseGame/CourseGameProject/Saved/Collections/' took 0.02s
[2018.04.16-08.39.58:791][  0]LogFileCache: Scanning file cache for directory 'C:/Users/DELL/Documents/Unreal Projects/CourseGame/CourseGameProject/Content/Developers/DELL/Collections/' took 0.02s
[2018.04.16-08.39.58:791][  0]LogFileCache: Scanning file cache for directory 'C:/Users/DELL/Documents/Unreal Projects/CourseGame/CourseGameProject/Content/Collections/' took 0.03s
[2018.04.16-08.39.58:791][  0]LogCollectionManager: Rebuilt the GUID cache for 0 collections in 0.000001 seconds
[2018.04.16-08.39.58:885][  0]LogContentBrowser: Native class hierarchy populated in 0.0897 seconds. Added 2453 classes and 560 folders.
[2018.04.16-08.39.59:269][  0]LogContentBrowser: Native class hierarchy updated for 'WidgetCarousel' in 0.0014 seconds. Added 0 classes and 0 folders.
[2018.04.16-08.40.05:110][  0]LogContentBrowser: Native class hierarchy updated for 'AddContentDialog' in 0.0008 seconds. Added 0 classes and 0 folders.
[2018.04.16-08.40.05:817][  0]LogSlate: Took 0.082859 seconds to synchronously load lazily loaded font '../../../Engine/Content/Slate/Fonts/Roboto-Regular.ttf' (155K)
[2018.04.16-08.40.05:858][  0]LogSlate: Took 0.028342 seconds to synchronously load lazily loaded font '../../../Engine/Content/Slate/Fonts/Roboto-Bold.ttf' (160K)
[2018.04.16-08.40.06:105][  0]LogSlate: Took 0.062071 seconds to synchronously load lazily loaded font '../../../Engine/Content/Editor/Slate/Fonts/FontAwesome.ttf' (139K)
[2018.04.16-08.40.08:056][  0]LogRenderer: Reallocating scene render targets to support 856x612 Format 10 NumSamples 1 (Frame:1).
[2018.04.16-08.40.10:000][  0]LogSlate: Took 0.010197 seconds to synchronously load lazily loaded font '../../../Engine/Content/Slate/Fonts/Roboto-Light.ttf' (167K)
[2018.04.16-08.40.21:243][  0]LogContentBrowser: Native class hierarchy updated for 'HierarchicalLODOutliner' in 0.0010 seconds. Added 0 classes and 0 folders.
[2018.04.16-08.40.21:243][  0]LogLoad: (Engine Initialization) Total time: 310.03 seconds
[2018.04.16-08.40.21:243][  0]LogLoad: (Engine Initialization) Total Blueprint compile time: 0.00 seconds
[2018.04.16-08.40.23:946][  0]LogContentStreaming: Texture pool size now 1000 MB
[2018.04.16-08.40.25:543][  1]LogFileCache: Retrieving MD5 hashes for directory 'C:/Users/DELL/Documents/Unreal Projects/CourseGame/CourseGameProject/Content/' took 2.86s
[2018.04.16-08.40.52:800][ 23]LogAssetRegistry: Asset discovery search completed in 241.0965 seconds
[2018.04.16-08.40.52:854][ 23]LogCollectionManager: Rebuilt the object cache for 0 collections in 0.000001 seconds (found 0 objects)
[2018.04.16-08.40.52:854][ 23]LogCollectionManager: Fixed up redirectors for 0 collections in 0.011057 seconds (updated 0 objects)
[2018.04.16-08.44.10:742][295]LogSlate: FSceneViewport::OnFocusLost() reason 0
[2018.04.16-08.44.10:873][296]LogTemp: Repeating last play command: Selected Viewport
[2018.04.16-08.44.11:339][296]LogBlueprintUserMessages: Early PlayInEditor Detection: Level '/Game/ThirdPersonBP/Maps/ThirdPersonExampleMap.ThirdPersonExampleMap:PersistentLevel' has LevelScriptBlueprint '/Game/ThirdPersonBP/Maps/ThirdPersonExampleMap.ThirdPersonExampleMap:PersistentLevel.ThirdPersonExampleMap' with GeneratedClass '/Game/ThirdPersonBP/Maps/ThirdPersonExampleMap.ThirdPersonExampleMap_C' with ClassGeneratedBy '/Game/ThirdPersonBP/Maps/ThirdPersonExampleMap.ThirdPersonExampleMap:PersistentLevel.ThirdPersonExampleMap'
[2018.04.16-08.44.11:678][296]LogPlayLevel: PlayLevel: No blueprints needed recompiling
[2018.04.16-08.44.12:296][296]PIE: New page: PIE session: ThirdPersonExampleMap (16 апр. 2018 г., 14:44:11)
[2018.04.16-08.44.12:355][296]LogPlayLevel: Creating play world package: /Game/ThirdPersonBP/Maps/UEDPIE_0_ThirdPersonExampleMap
[2018.04.16-08.44.14:097][296]LogPlayLevel: PIE: StaticDuplicateObject took: (1.740609s)
[2018.04.16-08.44.14:120][296]LogAIModule: Creating AISystem for world ThirdPersonExampleMap
[2018.04.16-08.44.14:135][296]LogPlayLevel: PIE: World Init took: (0.038071s)
[2018.04.16-08.44.14:136][296]LogPlayLevel: PIE: Created PIE world by copying editor world from /Game/ThirdPersonBP/Maps/ThirdPersonExampleMap.ThirdPersonExampleMap to /Game/ThirdPersonBP/Maps/UEDPIE_0_ThirdPersonExampleMap.ThirdPersonExampleMap (1.780978s)
[2018.04.16-08.44.14:346][296]LogInit: XAudio2 using 'Динамики / головные телефоны (Realtek Audio)' : 2 channels at 48 kHz using 32 bits per sample (channel mask 0x3)
[2018.04.16-08.44.14:808][296]LogInit: FAudioDevice initialized.
[2018.04.16-08.44.14:937][296]LogLoad: Game class is 'NewGameMode_C'
[2018.04.16-08.44.15:169][296]LogWorld: Bringing World /Game/ThirdPersonBP/Maps/UEDPIE_0_ThirdPersonExampleMap.ThirdPersonExampleMap up for play (max tick rate 0) at 2018.04.16-11.44.15
[2018.04.16-08.44.15:317][296]LogWorld: Bringing up level for play took: 0.213288
[2018.04.16-08.44.15:561][296]LogContentBrowser: Native class hierarchy updated for 'MovieSceneCapture' in 0.0017 seconds. Added 11 classes and 0 folders.
[2018.04.16-08.44.15:607][296]PIE: Play in editor start time for /Game/ThirdPersonBP/Maps/UEDPIE_0_ThirdPersonExampleMap 5,199
[2018.04.16-08.44.15:609][296]LogBlueprintUserMessages: Late PlayInEditor Detection: Level '/Game/ThirdPersonBP/Maps/ThirdPersonExampleMap.ThirdPersonExampleMap:PersistentLevel' has LevelScriptBlueprint '/Game/ThirdPersonBP/Maps/ThirdPersonExampleMap.ThirdPersonExampleMap:PersistentLevel.ThirdPersonExampleMap' with GeneratedClass '/Game/ThirdPersonBP/Maps/ThirdPersonExampleMap.ThirdPersonExampleMap_C' with ClassGeneratedBy '/Game/ThirdPersonBP/Maps/ThirdPersonExampleMap.ThirdPersonExampleMap:PersistentLevel.ThirdPersonExampleMap'
[2018.04.16-08.44.53:187][354]LogSlate: Took 0.001616 seconds to synchronously load lazily loaded font '../../../Engine/Content/Slate/Fonts/Roboto-Light.ttf' (167K)
[2018.04.16-08.45.18:938][396]LogBlueprintUserMessages: Early EndPlayMap Detection: Level '/Game/ThirdPersonBP/Maps/ThirdPersonExampleMap.ThirdPersonExampleMap:PersistentLevel' has LevelScriptBlueprint '/Game/ThirdPersonBP/Maps/ThirdPersonExampleMap.ThirdPersonExampleMap:PersistentLevel.ThirdPersonExampleMap' with GeneratedClass '/Game/ThirdPersonBP/Maps/ThirdPersonExampleMap.ThirdPersonExampleMap_C' with ClassGeneratedBy '/Game/ThirdPersonBP/Maps/ThirdPersonExampleMap.ThirdPersonExampleMap:PersistentLevel.ThirdPersonExampleMap'
[2018.04.16-08.45.19:457][396]LogBlueprintUserMessages: Late EndPlayMap Detection: Level '/Game/ThirdPersonBP/Maps/ThirdPersonExampleMap.ThirdPersonExampleMap:PersistentLevel' has LevelScriptBlueprint '/Game/ThirdPersonBP/Maps/ThirdPersonExampleMap.ThirdPersonExampleMap:PersistentLevel.ThirdPersonExampleMap' with GeneratedClass '/Game/ThirdPersonBP/Maps/ThirdPersonExampleMap.ThirdPersonExampleMap_C' with ClassGeneratedBy '/Game/ThirdPersonBP/Maps/ThirdPersonExampleMap.ThirdPersonExampleMap:PersistentLevel.ThirdPersonExampleMap'
[2018.04.16-08.45.33:199][419]LogSlate: FSceneViewport::OnFocusLost() reason 0
[2018.04.16-08.45.34:067][419]LogSlate: Window 'GameProject - Unreal Editor' being destroyed
[2018.04.16-08.45.34:095][419]LogWindowsTextInputMethodSystem: Display: IME system now deactivated.
[2018.04.16-08.45.36:296][420]Cmd: QUIT_EDITOR
[2018.04.16-08.45.37:439][420]LogSlate: Slate User Destroyed.  User Index 0, Is Virtual User: 0
[2018.04.16-08.45.37:458][420]LogExit: Preparing to exit.
[2018.04.16-08.46.00:074][420]LogDirectoryWatcher: A directory notification for 'C:/Users/DELL/Documents/Unreal Projects/CourseGame/CourseGameProject/Content/' was aborted.
[2018.04.16-08.46.01:278][420]LogExit: Editor shut down
[2018.04.16-08.46.01:396][420]LogExit: Transaction tracking system shut down
[2018.04.16-08.46.02:815][420]LogDirectoryWatcher: A directory notification for '../../../Engine/Content/' was aborted.
[2018.04.16-08.46.02:816][420]LogDirectoryWatcher: A directory notification for '../../../../../../Users/DELL/Documents/Unreal Projects/CourseGame/CourseGameProject/Content/' was aborted.
[2018.04.16-08.46.02:816][420]LogDirectoryWatcher: A directory notification for '../../Plugins/2D/Paper2D/Content/' was aborted.
[2018.04.16-08.46.02:816][420]LogDirectoryWatcher: A directory notification for '../../Plugins/Enterprise/DatasmithContent/Content/' was aborted.
[2018.04.16-08.46.02:817][420]LogDirectoryWatcher: A directory notification for '../../Plugins/Media/MediaCompositing/Content/' was aborted.
[2018.04.16-08.46.02:817][420]LogDirectoryWatcher: A directory notification for '../../Plugins/Runtime/AppleARKit/Content/' was aborted.
[2018.04.16-08.46.02:818][420]LogDirectoryWatcher: A directory notification for '../../Plugins/Runtime/Oculus/OculusVR/Content/' was aborted.
[2018.04.16-08.46.02:818][420]LogDirectoryWatcher: A directory notification for '../../Plugins/Runtime/Steam/SteamVR/Content/' was aborted.
[2018.04.16-08.46.06:305][420]LogExit: Object subsystem successfully closed.
[2018.04.16-08.46.07:035][420]LogShaderCompilers: Display: Shaders left to compile 0
[2018.04.16-08.46.07:081][420]LogD3D11RHI: Shutdown
[2018.04.16-08.46.07:096][420]LogD3D11RHI: CleanupD3DDevice
[2018.04.16-08.46.07:403][420]LogD3D11RHI: ~FD3D11DynamicRHI
[2018.04.16-08.46.10:694][420]LogModuleManager: Shutting down and abandoning module MovieSceneCapture (576)
[2018.04.16-08.46.10:695][420]LogModuleManager: Shutting down and abandoning module HierarchicalLODOutliner (574)
[2018.04.16-08.46.10:695][420]LogModuleManager: Shutting down and abandoning module AddContentDialog (572)
[2018.04.16-08.46.10:720][420]LogDirectoryWatcher: A directory notification for 'C:/Program Files/Epic Games/UE_4.19/FeaturePacks/' was aborted.
[2018.04.16-08.46.10:741][420]LogModuleManager: Shutting down and abandoning module WidgetCarousel (571)
[2018.04.16-08.46.10:742][420]LogModuleManager: Shutting down and abandoning module EditorWidgets (568)
[2018.04.16-08.46.10:742][420]LogModuleManager: Shutting down and abandoning module CollectionManager (566)
[2018.04.16-08.46.10:783][420]LogDirectoryWatcher: A directory notification for 'C:/Users/DELL/Documents/Unreal Projects/CourseGame/CourseGameProject/Content/Collections/' was aborted.
[2018.04.16-08.46.10:784][420]LogDirectoryWatcher: A directory notification for 'C:/Users/DELL/Documents/Unreal Projects/CourseGame/CourseGameProject/Content/Developers/DELL/Collections/' was aborted.
[2018.04.16-08.46.10:785][420]LogDirectoryWatcher: A directory notification for 'C:/Users/DELL/Documents/Unreal Projects/CourseGame/CourseGameProject/Saved/Collections/' was aborted.
[2018.04.16-08.46.10:788][420]LogModuleManager: Shutting down and abandoning module SceneOutliner (564)
[2018.04.16-08.46.10:811][420]LogModuleManager: Shutting down and abandoning module StatsViewer (562)
[2018.04.16-08.46.10:831][420]LogModuleManager: Shutting down and abandoning module FoliageEdit (560)
[2018.04.16-08.46.10:831][420]LogModuleManager: Shutting down and abandoning module LandscapeEditor (558)
[2018.04.16-08.46.10:855][420]LogModuleManager: Shutting down and abandoning module MeshPaintMode (556)
[2018.04.16-08.46.10:877][420]LogModuleManager: Shutting down and abandoning module SceneDepthPickerMode (554)
[2018.04.16-08.46.10:877][420]LogModuleManager: Shutting down and abandoning module ActorPickerMode (552)
[2018.04.16-08.46.10:877][420]LogModuleManager: Shutting down and abandoning module GeometryMode (550)
[2018.04.16-08.46.10:888][420]LogModuleManager: Shutting down and abandoning module TextureAlignMode (548)
[2018.04.16-08.46.10:891][420]LogModuleManager: Shutting down and abandoning module BspMode (546)
[2018.04.16-08.46.10:894][420]LogModuleManager: Shutting down and abandoning module PIEPreviewDeviceProfileSelector (544)
[2018.04.16-08.46.10:908][420]LogModuleManager: Shutting down and abandoning module HardwareSurvey (542)
[2018.04.16-08.46.10:909][420]LogModuleManager: Shutting down and abandoning module SequenceRecorderSections (540)
[2018.04.16-08.46.10:924][420]LogModuleManager: Shutting down and abandoning module AutomationWorker (538)
[2018.04.16-08.46.10:925][420]LogModuleManager: Shutting down and abandoning module AudioCaptureEditor (536)
[2018.04.16-08.46.10:926][420]LogModuleManager: Shutting down and abandoning module SequenceRecorder (535)
[2018.04.16-08.46.10:959][420]LogModuleManager: Shutting down and abandoning module MatineeToLevelSequence (532)
[2018.04.16-08.46.10:978][420]LogModuleManager: Shutting down and abandoning module LevelSequenceEditor (530)
[2018.04.16-08.46.11:265][420]LogModuleManager: Shutting down and abandoning module PlacementMode (529)
[2018.04.16-08.46.11:266][420]LogModuleManager: Shutting down and abandoning module MaterialEditor (528)
[2018.04.16-08.46.11:378][420]LogModuleManager: Shutting down and abandoning module WmfMediaFactory (524)
[2018.04.16-08.46.11:378][420]LogModuleManager: Shutting down and abandoning module WmfMediaEditor (522)
[2018.04.16-08.46.11:378][420]LogModuleManager: Shutting down and abandoning module MediaPlayerEditor (520)
[2018.04.16-08.46.11:430][420]LogModuleManager: Shutting down and abandoning module OpenExrWrapper (518)
[2018.04.16-08.46.11:430][420]LogModuleManager: Shutting down and abandoning module ImgMediaFactory (516)
[2018.04.16-08.46.11:431][420]LogModuleManager: Shutting down and abandoning module ImgMediaEditor (514)
[2018.04.16-08.46.11:439][420]LogModuleManager: Shutting down and abandoning module AvfMediaFactory (512)
[2018.04.16-08.46.11:449][420]LogModuleManager: Shutting down and abandoning module AvfMediaEditor (510)
[2018.04.16-08.46.11:460][420]LogModuleManager: Shutting down and abandoning module AndroidMediaFactory (508)
[2018.04.16-08.46.11:461][420]LogModuleManager: Shutting down and abandoning module AndroidMediaEditor (506)
[2018.04.16-08.46.11:465][420]LogModuleManager: Shutting down and abandoning module CharacterAI (504)
[2018.04.16-08.46.11:510][420]LogModuleManager: Shutting down and abandoning module SmartSnapping (502)
[2018.04.16-08.46.11:510][420]LogModuleManager: Shutting down and abandoning module SessionServices (500)
[2018.04.16-08.46.11:511][420]LogModuleManager: Shutting down and abandoning module ViewportSnapping (498)
[2018.04.16-08.46.11:511][420]LogModuleManager: Shutting down and abandoning module ViewportInteraction (496)
[2018.04.16-08.46.11:512][420]LogModuleManager: Shutting down and abandoning module ClothPainter (494)
[2018.04.16-08.46.11:611][420]LogModuleManager: Shutting down and abandoning module SkeletalMeshEditor (493)
[2018.04.16-08.46.11:668][420]LogModuleManager: Shutting down and abandoning module LogVisualizer (490)
[2018.04.16-08.46.11:709][420]LogModuleManager: Shutting down and abandoning module IntroTutorials (488)
[2018.04.16-08.46.11:762][420]LogModuleManager: Shutting down and abandoning module GameProjectGeneration (487)
[2018.04.16-08.46.11:816][420]LogModuleManager: Shutting down and abandoning module IOSPlatformEditor (484)
[2018.04.16-08.46.11:834][420]LogModuleManager: Shutting down and abandoning module HTML5PlatformEditor (482)
[2018.04.16-08.46.11:839][420]LogModuleManager: Shutting down and abandoning module AndroidPlatformEditor (480)
[2018.04.16-08.46.11:839][420]LogModuleManager: Shutting down and abandoning module AndroidDeviceDetection (479)
[2018.04.16-08.46.12:763][420]LogModuleManager: Shutting down and abandoning module WindowsPlatformEditor (476)
[2018.04.16-08.46.12:772][420]LogModuleManager: Shutting down and abandoning module IOSRuntimeSettings (474)
[2018.04.16-08.46.12:772][420]LogModuleManager: Shutting down and abandoning module AndroidRuntimeSettings (472)
[2018.04.16-08.46.12:772][420]LogModuleManager: Shutting down and abandoning module InputBindingEditor (470)
[2018.04.16-08.46.12:782][420]LogModuleManager: Shutting down and abandoning module MergeActors (468)
[2018.04.16-08.46.12:804][420]LogModuleManager: Shutting down and abandoning module LocalizationDashboard (466)
[2018.04.16-08.46.12:843][420]LogModuleManager: Shutting down and abandoning module LocalizationService (465)
[2018.04.16-08.46.12:863][420]LogModuleManager: Shutting down and abandoning module HardwareTargeting (462)
[2018.04.16-08.46.12:863][420]LogModuleManager: Shutting down and abandoning module DeviceProfileEditor (460)
[2018.04.16-08.46.12:874][420]LogModuleManager: Shutting down and abandoning module UndoHistory (458)
[2018.04.16-08.46.12:874][420]LogModuleManager: Shutting down and abandoning module XmlParser (456)
[2018.04.16-08.46.12:893][420]LogModuleManager: Shutting down and abandoning module Blutility (454)
[2018.04.16-08.46.12:893][420]LogModuleManager: Shutting down and abandoning module ProjectSettingsViewer (452)
[2018.04.16-08.46.12:894][420]LogModuleManager: Shutting down and abandoning module ProjectTargetPlatformEditor (451)
[2018.04.16-08.46.12:897][420]LogModuleManager: Shutting down and abandoning module EditorSettingsViewer (448)
[2018.04.16-08.46.12:897][420]LogModuleManager: Shutting down and abandoning module SettingsEditor (446)
[2018.04.16-08.46.12:968][420]LogModuleManager: Shutting down and abandoning module ProjectLauncher (444)
[2018.04.16-08.46.12:993][420]LogModuleManager: Shutting down and abandoning module SessionFrontend (442)
[2018.04.16-08.46.12:999][420]LogModuleManager: Shutting down and abandoning module ProfilerClient (440)
[2018.04.16-08.46.13:012][420]LogModuleManager: Shutting down and abandoning module DeviceManager (438)
[2018.04.16-08.46.13:023][420]LogModuleManager: Shutting down and abandoning module TargetDeviceServices (437)
[2018.04.16-08.46.13:094][420]LogModuleManager: Shutting down and abandoning module AutomationController (434)
[2018.04.16-08.46.13:105][420]LogModuleManager: Shutting down and abandoning module AutomationWindow (432)
[2018.04.16-08.46.13:184][420]LogModuleManager: Shutting down and abandoning module Layers (430)
[2018.04.16-08.46.13:219][420]LogModuleManager: Shutting down and abandoning module ComponentVisualizers (428)
[2018.04.16-08.46.13:221][420]LogModuleManager: Shutting down and abandoning module DetailCustomizations (426)
[2018.04.16-08.46.13:259][420]LogModuleManager: Shutting down and abandoning module PackagesDialog (424)
[2018.04.16-08.46.13:285][420]LogModuleManager: Shutting down and abandoning module Persona (422)
[2018.04.16-08.46.13:348][420]LogModuleManager: Shutting down and abandoning module AdvancedPreviewScene (421)
[2018.04.16-08.46.13:348][420]LogModuleManager: Shutting down and abandoning module AnimGraph (419)
[2018.04.16-08.46.13:349][420]LogModuleManager: Shutting down and abandoning module Kismet (416)
[2018.04.16-08.46.13:415][420]LogModuleManager: Shutting down and abandoning module GraphEditor (414)
[2018.04.16-08.46.13:667][420]LogModuleManager: Shutting down and abandoning module ClassViewer (412)
[2018.04.16-08.46.13:670][420]LogModuleManager: Shutting down and abandoning module Toolbox (410)
[2018.04.16-08.46.13:670][420]LogModuleManager: Shutting down and abandoning module ModuleUI (408)
[2018.04.16-08.46.13:689][420]LogModuleManager: Shutting down and abandoning module MovieSceneTools (406)
[2018.04.16-08.46.13:716][420]LogModuleManager: Shutting down and abandoning module OutputLog (404)
[2018.04.16-08.46.13:735][420]LogModuleManager: Shutting down and abandoning module GammaUI (402)
[2018.04.16-08.46.13:743][420]LogModuleManager: Shutting down and abandoning module Documentation (400)
[2018.04.16-08.46.13:744][420]LogModuleManager: Shutting down and abandoning module MovieSceneTracks (398)
[2018.04.16-08.46.13:744][420]LogModuleManager: Shutting down and abandoning module MovieScene (396)
[2018.04.16-08.46.13:766][420]LogModuleManager: Shutting down and abandoning module StreamingPauseRendering (394)
[2018.04.16-08.46.13:766][420]LogModuleManager: Shutting down and abandoning module LauncherPlatform (392)
[2018.04.16-08.46.13:766][420]LogModuleManager: Shutting down and abandoning module AnalyticsET (390)
[2018.04.16-08.46.13:767][420]LogModuleManager: Shutting down and abandoning module PortalServices (388)
[2018.04.16-08.46.13:767][420]LogModuleManager: Shutting down and abandoning module PortalRpc (386)
[2018.04.16-08.46.13:767][420]LogModuleManager: Shutting down and abandoning module MessagingRpc (384)
[2018.04.16-08.46.13:767][420]LogModuleManager: Shutting down and abandoning module AIModule (382)
[2018.04.16-08.46.13:767][420]LogModuleManager: Shutting down and abandoning module GameplayDebugger (381)
[2018.04.16-08.46.13:768][420]LogModuleManager: Shutting down and abandoning module AITestSuite (379)
[2018.04.16-08.46.13:796][420]LogModuleManager: Shutting down and abandoning module DesktopPlatform (376)
[2018.04.16-08.46.13:816][420]LogModuleManager: Shutting down and abandoning module ProfilerService (374)
[2018.04.16-08.46.15:025][420]LogModuleManager: Shutting down and abandoning module TaskGraph (372)
[2018.04.16-08.46.15:069][420]LogModuleManager: Shutting down and abandoning module SteamVRController (370)
[2018.04.16-08.46.15:069][420]LogModuleManager: Shutting down and abandoning module ProceduralMeshComponentEditor (368)
[2018.04.16-08.46.15:069][420]LogModuleManager: Shutting down and abandoning module ProceduralMeshComponent (366)
[2018.04.16-08.46.15:091][420]LogModuleManager: Shutting down and abandoning module OculusInput (364)
[2018.04.16-08.46.15:141][420]LogModuleManager: Shutting down and abandoning module MobilePatchingUtils (362)
[2018.04.16-08.46.15:141][420]LogModuleManager: Shutting down and abandoning module CustomMeshComponent (360)
[2018.04.16-08.46.15:141][420]LogModuleManager: Shutting down and abandoning module CableComponent (358)
[2018.04.16-08.46.15:155][420]LogModuleManager: Shutting down and abandoning module AudioCapture (356)
[2018.04.16-08.46.15:155][420]LogModuleManager: Shutting down and abandoning module ArchVisCharacter (354)
[2018.04.16-08.46.15:155][420]LogModuleManager: Shutting down and abandoning module AndroidPermission (352)
[2018.04.16-08.46.15:155][420]LogModuleManager: Shutting down and abandoning module NUTUnrealEngine4 (348)
[2018.04.16-08.46.15:156][420]LogModuleManager: Shutting down and abandoning module NetcodeUnitTest (346)
[2018.04.16-08.46.15:235][420]LogModuleManager: Shutting down and abandoning module MediaCompositingEditor (344)
[2018.04.16-08.46.15:235][420]LogModuleManager: Shutting down and abandoning module MediaCompositing (342)
[2018.04.16-08.46.15:235][420]LogModuleManager: Shutting down and abandoning module LinearTimecode (340)
[2018.04.16-08.46.15:235][420]LogModuleManager: Shutting down and abandoning module ImgMedia (338)
[2018.04.16-08.46.15:328][420]LogModuleManager: Shutting down and abandoning module HTML5Networking (336)
[2018.04.16-08.46.15:329][420]LogModuleManager: Shutting down and abandoning module AlembicImporter (334)
[2018.04.16-08.46.15:348][420]LogModuleManager: Shutting down and abandoning module AlembicLibrary (333)
[2018.04.16-08.46.15:348][420]LogModuleManager: Shutting down and abandoning module GeometryCache (332)
[2018.04.16-08.46.15:349][420]LogModuleManager: Shutting down and abandoning module GeometryCacheEd (331)
[2018.04.16-08.46.15:349][420]LogModuleManager: Shutting down and abandoning module DatasmithContent (326)
[2018.04.16-08.46.15:349][420]LogModuleManager: Shutting down and abandoning module SpeedTreeImporter (324)
[2018.04.16-08.46.15:349][420]LogModuleManager: Shutting down and abandoning module PluginBrowser (322)
[2018.04.16-08.46.15:430][420]LogModuleManager: Shutting down and abandoning module MobileLauncherProfileWizard (320)
[2018.04.16-08.46.15:526][420]LogModuleManager: Shutting down and abandoning module CryptoKeysOpenSSL (318)
[2018.04.16-08.46.15:536][420]LogModuleManager: Shutting down and abandoning module CryptoKeys (316)
[2018.04.16-08.46.15:536][420]LogModuleManager: Shutting down and abandoning module VisualStudioSourceCodeAccess (314)
[2018.04.16-08.46.15:544][420]LogModuleManager: Shutting down and abandoning module VisualStudioCodeSourceCodeAccess (312)
[2018.04.16-08.46.15:544][420]LogModuleManager: Shutting down and abandoning module UObjectPlugin (310)
[2018.04.16-08.46.15:544][420]LogModuleManager: Shutting down and abandoning module SubversionSourceControl (308)
[2018.04.16-08.46.15:568][420]LogModuleManager: Shutting down and abandoning module PerforceSourceControl (306)
[2018.04.16-08.46.15:605][420]LogModuleManager: Shutting down and abandoning module GitSourceControl (304)
[2018.04.16-08.46.15:627][420]LogModuleManager: Shutting down and abandoning module SourceControl (303)
[2018.04.16-08.46.15:657][420]LogModuleManager: Shutting down and abandoning module CLionSourceCodeAccess (300)
[2018.04.16-08.46.15:664][420]LogModuleManager: Shutting down and abandoning module LightPropagationVolumeEditor (298)
[2018.04.16-08.46.15:665][420]LogModuleManager: Shutting down and abandoning module PaperTiledImporter (296)
[2018.04.16-08.46.15:665][420]LogModuleManager: Shutting down and abandoning module PaperSpriteSheetImporter (294)
[2018.04.16-08.46.15:665][420]LogModuleManager: Shutting down and abandoning module Paper2DEditor (292)
[2018.04.16-08.46.15:688][420]LogModuleManager: Shutting down and abandoning module MeshPaint (291)
[2018.04.16-08.46.15:705][420]LogModuleManager: Shutting down and abandoning module RuntimePhysXCooking (288)
[2018.04.16-08.46.15:705][420]LogModuleManager: Shutting down and abandoning module PhysXVehiclesEditor (286)
[2018.04.16-08.46.15:705][420]LogModuleManager: Shutting down and abandoning module PhysXVehicles (284)
[2018.04.16-08.46.15:705][420]LogModuleManager: Shutting down and abandoning module OculusEditor (282)
[2018.04.16-08.46.15:706][420]LogModuleManager: Shutting down and abandoning module LocationServicesBPLibrary (280)
[2018.04.16-08.46.15:706][420]LogModuleManager: Shutting down and abandoning module ImmediatePhysicsEditor (278)
[2018.04.16-08.46.15:706][420]LogModuleManager: Shutting down and abandoning module ImmediatePhysics (276)
[2018.04.16-08.46.15:712][420]LogModuleManager: Shutting down and abandoning module ActorSequence (274)
[2018.04.16-08.46.15:712][420]LogModuleManager: Shutting down and abandoning module UdpMessaging (272)
[2018.04.16-08.46.15:836][420]LogModuleManager: Shutting down and abandoning module TcpMessaging (270)
[2018.04.16-08.46.15:993][420]LogModuleManager: Shutting down and abandoning module GameplayTagsEditor (268)
[2018.04.16-08.46.16:008][420]LogModuleManager: Shutting down and abandoning module FacialAnimationEditor (266)
[2018.04.16-08.46.16:008][420]LogModuleManager: Shutting down and abandoning module FacialAnimation (264)
[2018.04.16-08.46.16:008][420]LogModuleManager: Shutting down and abandoning module DataValidation (262)
[2018.04.16-08.46.16:026][420]LogModuleManager: Shutting down and abandoning module AssetManagerEditor (260)
[2018.04.16-08.46.16:040][420]LogModuleManager: Shutting down and abandoning module LevelEditor (259)
[2018.04.16-08.46.16:055][420]LogModuleManager: Shutting down and abandoning module PixelInspectorModule (258)
[2018.04.16-08.46.16:066][420]LogModuleManager: Shutting down and abandoning module CommonMenuExtensions (256)
[2018.04.16-08.46.16:067][420]LogModuleManager: Shutting down and abandoning module MainFrame (254)
[2018.04.16-08.46.16:067][420]LogModuleManager: Shutting down and abandoning module HotReload (253)
[2018.04.16-08.46.16:087][420]LogModuleManager: Shutting down and abandoning module ContentBrowser (249)
[2018.04.16-08.46.16:093][420]LogModuleManager: Shutting down and abandoning module TreeMap (247)
[2018.04.16-08.46.16:110][420]LogModuleManager: Shutting down and abandoning module LightPropagationVolumeRuntime (244)
[2018.04.16-08.46.16:110][420]LogModuleManager: Shutting down and abandoning module LiveLinkEditor (242)
[2018.04.16-08.46.16:117][420]LogModuleManager: Shutting down and abandoning module LiveLink (240)
[2018.04.16-08.46.16:762][420]LogModuleManager: Shutting down and abandoning module Paper2D (238)
[2018.04.16-08.46.16:780][420]LogModuleManager: Shutting down and abandoning module WindowsMoviePlayer (236)
[2018.04.16-08.46.16:800][420]LogModuleManager: Shutting down and abandoning module WmfMedia (234)
[2018.04.16-08.46.16:877][420]LogModuleManager: Shutting down and abandoning module Media (233)
[2018.04.16-08.46.16:890][420]LogModuleManager: Shutting down and abandoning module PacketHandler (230)
[2018.04.16-08.46.16:895][420]LogModuleManager: Shutting down and abandoning module ClothingSystemEditor (228)
[2018.04.16-08.46.16:895][420]LogModuleManager: Shutting down and abandoning module ClothingSystemRuntime (226)
[2018.04.16-08.46.16:950][420]LogModuleManager: Shutting down and abandoning module MediaAssets (224)
[2018.04.16-08.46.16:950][420]LogModuleManager: Shutting down and abandoning module Overlay (222)
[2018.04.16-08.46.16:950][420]LogModuleManager: Shutting down and abandoning module OverlayEditor (221)
[2018.04.16-08.46.16:950][420]LogModuleManager: Shutting down and abandoning module VREditor (218)
[2018.04.16-08.46.16:974][420]LogModuleManager: Shutting down and abandoning module StringTableEditor (216)
[2018.04.16-08.46.16:975][420]LogModuleManager: Shutting down and abandoning module GameplayTasksEditor (214)
[2018.04.16-08.46.16:975][420]LogModuleManager: Shutting down and abandoning module BehaviorTreeEditor (212)
[2018.04.16-08.46.17:096][420]LogModuleManager: Shutting down and abandoning module FunctionalTesting (210)
[2018.04.16-08.46.17:160][420]LogModuleManager: Shutting down and abandoning module CollisionAnalyzer (208)
[2018.04.16-08.46.17:227][420]LogModuleManager: Shutting down and abandoning module WorkspaceMenuStructure (207)
[2018.04.16-08.46.17:227][420]LogModuleManager: Shutting down and abandoning module UMG (204)
[2018.04.16-08.46.17:247][420]LogModuleManager: Shutting down and abandoning module UMGEditor (203)
[2018.04.16-08.46.17:341][420]LogModuleManager: Shutting down and abandoning module Sequencer (202)
[2018.04.16-08.46.17:431][420]LogModuleManager: Shutting down and abandoning module MessageLog (199)
[2018.04.16-08.46.17:432][420]LogModuleManager: Shutting down and abandoning module SlateReflector (194)
[2018.04.16-08.46.17:527][420]LogModuleManager: Shutting down and abandoning module Slate (192)
[2018.04.16-08.46.17:528][420]LogModuleManager: Shutting down and abandoning module EditorStyle (190)
[2018.04.16-08.46.17:679][420]LogModuleManager: Shutting down and abandoning module MRMesh (188)
[2018.04.16-08.46.17:679][420]LogModuleManager: Shutting down and abandoning module SourceCodeAccess (186)
[2018.04.16-08.46.17:679][420]LogModuleManager: Shutting down and abandoning module HeadMountedDisplay (184)
[2018.04.16-08.46.17:680][420]LogModuleManager: Shutting down and abandoning module XAudio2 (182)
[2018.04.16-08.46.17:680][420]LogModuleManager: Shutting down and abandoning module Networking (180)
[2018.04.16-08.46.17:680][420]LogModuleManager: Shutting down and abandoning module Core (178)
[2018.04.16-08.46.17:680][420]LogModuleManager: Shutting down and abandoning module LevelSequence (176)
[2018.04.16-08.46.17:692][420]LogModuleManager: Shutting down and abandoning module KismetCompiler (174)
[2018.04.16-08.46.17:692][420]LogModuleManager: Shutting down and abandoning module MeshUtilities (172)
[2018.04.16-08.46.17:746][420]LogModuleManager: Shutting down and abandoning module MeshMergeUtilities (171)
[2018.04.16-08.46.17:747][420]LogModuleManager: Shutting down and abandoning module MeshReductionInterface (170)
[2018.04.16-08.46.17:747][420]LogModuleManager: Shutting down and abandoning module SimplygonSwarm (169)
[2018.04.16-08.46.17:756][420]LogModuleManager: Shutting down and abandoning module SimplygonMeshReduction (167)
[2018.04.16-08.46.17:773][420]LogModuleManager: Shutting down and abandoning module QuadricMeshReduction (165)
[2018.04.16-08.46.17:793][420]LogModuleManager: Shutting down and abandoning module MaterialBaking (161)
[2018.04.16-08.46.17:803][420]LogModuleManager: Shutting down and abandoning module DirectoryWatcher (157)
[2018.04.16-08.46.17:841][420]LogModuleManager: Shutting down and abandoning module DerivedDataCache (154)
[2018.04.16-08.46.17:953][420]LogDerivedDataCache: Shutdown
[2018.04.16-08.46.17:953][420]LogModuleManager: Shutting down and abandoning module XGEController (152)
[2018.04.16-08.46.17:966][420]LogXGEController: Cleaning working directory: C:/Users/DELL/AppData/Local/Temp/UnrealXGEWorkingDir/
[2018.04.16-08.46.17:987][420]LogModuleManager: Shutting down and abandoning module TargetPlatform (150)
[2018.04.16-08.46.18:003][420]LogModuleManager: Shutting down and abandoning module VulkanShaderFormat (149)
[2018.04.16-08.46.18:041][420]LogModuleManager: Shutting down and abandoning module ShaderFormatVectorVM (147)
[2018.04.16-08.46.18:058][420]LogModuleManager: Shutting down and abandoning module ShaderFormatOpenGL (145)
[2018.04.16-08.46.18:089][420]LogModuleManager: Shutting down and abandoning module ShaderFormatD3D (143)
[2018.04.16-08.46.18:106][420]LogModuleManager: Shutting down and abandoning module MetalShaderFormat (141)
[2018.04.16-08.46.18:145][420]LogModuleManager: Shutting down and abandoning module TextureFormatUncompressed (139)
[2018.04.16-08.46.18:164][420]LogModuleManager: Shutting down and abandoning module TextureFormatPVR (137)
[2018.04.16-08.46.18:175][420]LogModuleManager: Shutting down and abandoning module TextureFormatDXT (135)
[2018.04.16-08.46.18:175][420]LogModuleManager: Shutting down and abandoning module TextureFormatIntelISPCTexComp (133)
[2018.04.16-08.46.18:248][420]LogModuleManager: Shutting down and abandoning module TextureFormatASTC (131)
[2018.04.16-08.46.18:248][420]LogModuleManager: Shutting down and abandoning module ImageWrapper (130)
[2018.04.16-08.46.18:254][420]LogModuleManager: Shutting down and abandoning module TextureFormatAndroid (127)
[2018.04.16-08.46.18:266][420]LogModuleManager: Shutting down and abandoning module AudioFormatOpus (125)
[2018.04.16-08.46.18:269][420]LogModuleManager: Shutting down and abandoning module AudioFormatOgg (123)
[2018.04.16-08.46.18:295][420]LogModuleManager: Shutting down and abandoning module AudioFormatADPCM (121)
[2018.04.16-08.46.18:310][420]LogModuleManager: Shutting down and abandoning module LinuxTargetPlatform (119)
[2018.04.16-08.46.18:311][420]LogModuleManager: Shutting down and abandoning module LinuxServerTargetPlatform (117)
[2018.04.16-08.46.18:339][420]LogModuleManager: Shutting down and abandoning module LinuxNoEditorTargetPlatform (115)
[2018.04.16-08.46.18:350][420]LogModuleManager: Shutting down and abandoning module LinuxClientTargetPlatform (113)
[2018.04.16-08.46.18:360][420]LogModuleManager: Shutting down and abandoning module TVOSTargetPlatform (111)
[2018.04.16-08.46.18:361][420]LogModuleManager: Shutting down and abandoning module Messaging (109)
[2018.04.16-08.46.18:361][420]LogModuleManager: Shutting down and abandoning module IOSTargetPlatform (107)
[2018.04.16-08.46.18:362][420]LogModuleManager: Shutting down and abandoning module HTML5TargetPlatform (105)
[2018.04.16-08.46.18:386][420]LogModuleManager: Shutting down and abandoning module AndroidTargetPlatform (103)
[2018.04.16-08.46.18:387][420]LogModuleManager: Shutting down and abandoning module Android_PVRTCTargetPlatform (101)
[2018.04.16-08.46.18:387][420]LogModuleManager: Shutting down and abandoning module Android_MultiTargetPlatform (99)
[2018.04.16-08.46.18:387][420]LogModuleManager: Shutting down and abandoning module Android_ETC2TargetPlatform (97)
[2018.04.16-08.46.18:387][420]LogModuleManager: Shutting down and abandoning module Android_ETC1TargetPlatform (95)
[2018.04.16-08.46.18:390][420]LogModuleManager: Shutting down and abandoning module Android_ETC1aTargetPlatform (93)
[2018.04.16-08.46.18:390][420]LogModuleManager: Shutting down and abandoning module Android_DXTTargetPlatform (91)
[2018.04.16-08.46.18:390][420]LogModuleManager: Shutting down and abandoning module Android_ATCTargetPlatform (89)
[2018.04.16-08.46.18:391][420]LogModuleManager: Shutting down and abandoning module Android_ASTCTargetPlatform (87)
[2018.04.16-08.46.18:391][420]LogModuleManager: Shutting down and abandoning module WindowsTargetPlatform (85)
[2018.04.16-08.46.18:391][420]LogModuleManager: Shutting down and abandoning module WindowsServerTargetPlatform (83)
[2018.04.16-08.46.18:391][420]LogModuleManager: Shutting down and abandoning module WindowsNoEditorTargetPlatform (81)
[2018.04.16-08.46.18:394][420]LogModuleManager: Shutting down and abandoning module WindowsClientTargetPlatform (79)
[2018.04.16-08.46.18:394][420]LogModuleManager: Shutting down and abandoning module MacTargetPlatform (77)
[2018.04.16-08.46.18:395][420]LogModuleManager: Shutting down and abandoning module MacServerTargetPlatform (75)
[2018.04.16-08.46.18:395][420]LogModuleManager: Shutting down and abandoning module MacNoEditorTargetPlatform (73)
[2018.04.16-08.46.18:396][420]LogModuleManager: Shutting down and abandoning module MacClientTargetPlatform (71)
[2018.04.16-08.46.18:396][420]LogModuleManager: Shutting down and abandoning module AllDesktopTargetPlatform (69)
[2018.04.16-08.46.18:396][420]LogModuleManager: Shutting down and abandoning module InputCore (66)
[2018.04.16-08.46.18:396][420]LogModuleManager: Shutting down and abandoning module Settings (64)
[2018.04.16-08.46.18:397][420]LogModuleManager: Shutting down and abandoning module PhysXCooking (62)
[2018.04.16-08.46.18:397][420]LogModuleManager: Shutting down and abandoning module SteamVR (60)
[2018.04.16-08.46.18:397][420]LogModuleManager: Shutting down and abandoning module OculusHMD (58)
[2018.04.16-08.46.18:410][420]LogModuleManager: Shutting down and abandoning module ExampleDeviceProfileSelector (56)
[2018.04.16-08.46.18:410][420]LogModuleManager: Shutting down and abandoning module AppleARKit (54)
[2018.04.16-08.46.18:410][420]LogModuleManager: Shutting down and abandoning module AugmentedReality (51)
[2018.04.16-08.46.18:410][420]LogModuleManager: Shutting down and abandoning module OnlineBlueprintSupport (48)
[2018.04.16-08.46.18:410][420]LogModuleManager: Shutting down and abandoning module OnlineSubsystem (44)
[2018.04.16-08.46.18:509][420]LogModuleManager: Shutting down and abandoning module XMPP (43)
[2018.04.16-08.46.18:989][420]LogModuleManager: Shutting down and abandoning module HTTP (41)
[2018.04.16-08.46.19:110][420]LogHttp: Display: Http module shutting down, but needs to wait on 1 outstanding Http requests:
[2018.04.16-08.46.19:110][420]LogHttp: Display: 	verb=[POST] url=[https://datarouter.ol.epicgames.com/datarouter/api/v1/public/data?SessionID=%7B29578737-4808-0101-A988-C283B82FC21F%7D&AppID=UEEditor.Rocket.Release&AppVersion=4.19.1-3989454%2B%2B%2BUE4%2BRelease-4.19&UserID=c6882c0f426eeb9a81a1419abfaaf7c7%7Ca478802bfbda4ed0b9513252fba908d2%7Cd8177ee4-8756-453f-b5ca-e631955c0a1e&AppEnvironment=datacollector-binary&UploadType=eteventstream] status=Processing
[2018.04.16-08.46.19:773][420]LogModuleManager: Shutting down and abandoning module SSL (40)
[2018.04.16-08.46.19:879][420]LogModuleManager: Shutting down and abandoning module AnimationModifiers (36)
[2018.04.16-08.46.19:919][420]LogModuleManager: Shutting down and abandoning module PropertyEditor (35)
[2018.04.16-08.46.19:980][420]LogModuleManager: Shutting down and abandoning module AudioEditor (32)
[2018.04.16-08.46.20:031][420]LogModuleManager: Shutting down and abandoning module TextureCompressor (30)
[2018.04.16-08.46.20:321][420]LogModuleManager: Shutting down and abandoning module ShaderCore (28)
[2018.04.16-08.46.20:321][420]LogModuleManager: Shutting down and abandoning module Landscape (26)
[2018.04.16-08.46.20:321][420]LogModuleManager: Shutting down and abandoning module SlateRHIRenderer (24)
[2018.04.16-08.46.20:392][420]LogModuleManager: Shutting down and abandoning module OpenGLDrv (22)
[2018.04.16-08.46.20:437][420]LogModuleManager: Shutting down and abandoning module D3D11RHI (20)
[2018.04.16-08.46.20:437][420]LogModuleManager: Shutting down and abandoning module AnimGraphRuntime (18)
[2018.04.16-08.46.20:456][420]LogModuleManager: Shutting down and abandoning module Renderer (16)
[2018.04.16-08.46.20:457][420]LogModuleManager: Shutting down and abandoning module Engine (14)
[2018.04.16-08.46.20:521][420]LogModuleManager: Shutting down and abandoning module CoreUObject (12)
[2018.04.16-08.46.20:522][420]LogModuleManager: Shutting down and abandoning module NetworkFile (10)
[2018.04.16-08.46.20:541][420]LogModuleManager: Shutting down and abandoning module CookedIterativeFile (8)
[2018.04.16-08.46.20:572][420]LogModuleManager: Shutting down and abandoning module StreamingFile (6)
[2018.04.16-08.46.20:588][420]LogModuleManager: Shutting down and abandoning module SandboxFile (4)
[2018.04.16-08.46.20:588][420]LogModuleManager: Shutting down and abandoning module PakFile (2)
[2018.04.16-08.46.20:677][420]LogExit: Exiting.
[2018.04.16-08.46.21:316][420]Log file closed, 04/16/18 11:46:21
